#
# There is insufficient memory for the Java Runtime Environment to continue.
# Native memory allocation (malloc) failed to allocate 1490032 bytes for Chunk::new
# Possible reasons:
#   The system is out of physical RAM or swap space
#   The process is running with CompressedOops enabled, and the Java Heap may be blocking the growth of the native heap
# Possible solutions:
#   Reduce memory load on the system
#   Increase physical memory or swap space
#   Check if swap backing store is full
#   Decrease Java heap size (-Xmx/-Xms)
#   Decrease number of Java threads
#   Decrease Java thread stack sizes (-Xss)
#   Set larger code cache with -XX:ReservedCodeCacheSize=
#   JVM is running with Unscaled Compressed Oops mode in which the Java heap is
#     placed in the first 4GB address space. The Java Heap base address is the
#     maximum limit for the native heap growth. Please use -XX:HeapBaseMinAddress
#     to set the Java Heap base and to place the Java Heap above 4GB virtual address.
# This output file may be truncated or incomplete.
#
#  Out of Memory Error (arena.cpp:168), pid=25928, tid=20328
#
# JRE version: Java(TM) SE Runtime Environment (21.0.2+13) (build 21.0.2+13-LTS-58)
# Java VM: Java HotSpot(TM) 64-Bit Server VM (21.0.2+13-LTS-58, mixed mode, sharing, tiered, compressed oops, compressed class ptrs, g1 gc, windows-amd64)
# No core dump will be written. Minidumps are not enabled by default on client versions of Windows
#

---------------  S U M M A R Y ------------

Command Line: -javaagent:C:\Program Files\JetBrains\IntelliJ IDEA 2023.3.3\lib\idea_rt.jar=65180:C:\Program Files\JetBrains\IntelliJ IDEA 2023.3.3\bin -Dfile.encoding=UTF-8 -Dsun.stdout.encoding=UTF-8 -Dsun.stderr.encoding=UTF-8 --module-path=C:\Users\ezra\.m2\repository\com\github\almasb\fxgl-scene\17.3\fxgl-scene-17.3.jar;C:\Users\ezra\.m2\repository\com\github\almasb\fxgl-core\17.3\fxgl-core-17.3.jar;C:\Users\ezra\.m2\repository\com\github\almasb\fxgl\17.3\fxgl-17.3.jar;E:\SEMESTER 4\RPLBO\FIX_BANGET\target\classes;C:\Users\ezra\.m2\repository\com\dlsc\formsfx\formsfx-core\11.6.0\formsfx-core-11.6.0.jar;C:\Users\ezra\.m2\repository\org\kordamp\ikonli\ikonli-javafx\12.3.1\ikonli-javafx-12.3.1.jar;C:\Users\ezra\.m2\repository\com\gluonhq\attach\audio\4.0.17\audio-4.0.17.jar;C:\Users\ezra\.m2\repository\com\gluonhq\attach\lifecycle\4.0.17\lifecycle-4.0.17.jar;C:\Users\ezra\.m2\repository\eu\hansolo\tilesfx\11.48\tilesfx-11.48.jar;C:\Users\ezra\.m2\repository\org\openjfx\javafx-base\21\javafx-base-21-win.jar;C:\Users\ezra\.m2\repository\org\controlsfx\controlsfx\11.1.2\controlsfx-11.1.2.jar;C:\Users\ezra\.m2\repository\org\kordamp\ikonli\ikonli-core\12.3.1\ikonli-core-12.3.1.jar;C:\Users\ezra\.m2\repository\net\synedra\validatorfx\0.4.0\validatorfx-0.4.0.jar;C:\Users\ezra\.m2\repository\org\openjfx\javafx-fxml\21\javafx-fxml-21-win.jar;C:\Users\ezra\.m2\repository\com\fasterxml\jackson\core\jackson-core\2.14.2\jackson-core-2.14.2.jar;C:\Users\ezra\.m2\repository\com\fasterxml\jackson\core\jackson-databind\2.14.2\jackson-databind-2.14.2.jar;C:\Users\ezra\.m2\repository\org\kordamp\bootstrapfx\bootstrapfx-core\0.4.0\bootstrapfx-core-0.4.0.jar;C:\Users\ezra\.m2\repository\org\openjfx\javafx-media\21\javafx-media-21-win.jar;C:\Users\ezra\.m2\repository\com\github\almasb\fxgl-gameplay\17.3\fxgl-gameplay-17.3.jar;C:\Users\ezra\.m2\repository\com\github\almasb\fxgl-io\17.3\fxgl-io-17.3.jar;C:\Users\ezra\.m2\repository\com\fasterxml\jackson\core\jackson-annotations\2.14.2\jackson-annotations-2.14.2.jar;C:\Users\ezra\.m2\repository\com\github\almasb\fxgl-entity\17.3\fxgl-entity-17.3.jar;C:\Users\ezra\.m2\repository\com\gluonhq\attach\storage\4.0.17\storage-4.0.17.jar;C:\Users\ezra\.m2\repository\org-Djdk.module.main=org.example.fix_banget org.example.fix_banget/org.example.fix_banget.HelloApplication

Host: AMD Ryzen 3 3250U with Radeon Graphics         , 4 cores, 3G,  Windows 11 , 64 bit Build 22621 (10.0.22621.3527)
Time: Mon May 27 12:43:33 2024 SE Asia Standard Time elapsed time: 21.973248 seconds (0d 0h 0m 21s)

---------------  T H R E A D  ---------------

Current thread (0x000001505029a040):  JavaThread "C2 CompilerThread0" daemon [_thread_in_native, id=20328, stack(0x000000096f000000,0x000000096f100000) (1024K)]


Current CompileTask:
C2:  21973 3945 %     4       com.sun.marlin.Renderer::_endRendering @ 251 (2639 bytes)

Stack: [0x000000096f000000,0x000000096f100000]
Native frames: (J=compiled Java code, j=interpreted, Vv=VM code, C=native code)
V  [jvm.dll+0x6cade9]
V  [jvm.dll+0x8569c1]
V  [jvm.dll+0x858d2e]
V  [jvm.dll+0x859413]
V  [jvm.dll+0x280e56]
V  [jvm.dll+0xc3f3d]
V  [jvm.dll+0xc4473]
V  [jvm.dll+0x3b5c2c]
V  [jvm.dll+0x1e2209]
V  [jvm.dll+0x249d22]
V  [jvm.dll+0x2491b1]
V  [jvm.dll+0x1c9634]
V  [jvm.dll+0x258859]
V  [jvm.dll+0x256e3a]
V  [jvm.dll+0x3ef6c6]
V  [jvm.dll+0x7ff568]
V  [jvm.dll+0x6c953d]
C  [ucrtbase.dll+0x29333]
C  [KERNEL32.DLL+0x1257d]
C  [ntdll.dll+0x5aa48]


---------------  P R O C E S S  ---------------

Threads class SMR info:
_java_thread_list=0x0000015096ae20a0, length=20, elements={
0x0000015033845320, 0x000001505028eb40, 0x000001505028fa60, 0x0000015050294370,
0x0000015050296de0, 0x0000015050297840, 0x00000150502992b0, 0x000001505029a040,
0x00000150502c0a10, 0x0000015033a1b470, 0x000001505057f320, 0x0000015096017cd0,
0x000001509682c090, 0x00000150963af610, 0x00000150963afc80, 0x00000150969040d0,
0x00000150968eed40, 0x0000015096a42dd0, 0x000001509693f300, 0x0000015097060350
}

Java Threads: ( => current thread )
  0x0000015033845320 JavaThread "main"                              [_thread_blocked, id=22536, stack(0x000000096e200000,0x000000096e300000) (1024K)]
  0x000001505028eb40 JavaThread "Reference Handler"          daemon [_thread_blocked, id=20504, stack(0x000000096ea00000,0x000000096eb00000) (1024K)]
  0x000001505028fa60 JavaThread "Finalizer"                  daemon [_thread_blocked, id=23228, stack(0x000000096eb00000,0x000000096ec00000) (1024K)]
  0x0000015050294370 JavaThread "Signal Dispatcher"          daemon [_thread_blocked, id=18780, stack(0x000000096ec00000,0x000000096ed00000) (1024K)]
  0x0000015050296de0 JavaThread "Attach Listener"            daemon [_thread_blocked, id=23884, stack(0x000000096ed00000,0x000000096ee00000) (1024K)]
  0x0000015050297840 JavaThread "Service Thread"             daemon [_thread_blocked, id=23704, stack(0x000000096ee00000,0x000000096ef00000) (1024K)]
  0x00000150502992b0 JavaThread "Monitor Deflation Thread"   daemon [_thread_blocked, id=20468, stack(0x000000096ef00000,0x000000096f000000) (1024K)]
=>0x000001505029a040 JavaThread "C2 CompilerThread0"         daemon [_thread_in_native, id=20328, stack(0x000000096f000000,0x000000096f100000) (1024K)]
  0x00000150502c0a10 JavaThread "C1 CompilerThread0"         daemon [_thread_in_native, id=9248, stack(0x000000096f100000,0x000000096f200000) (1024K)]
  0x0000015033a1b470 JavaThread "Common-Cleaner"             daemon [_thread_blocked, id=22140, stack(0x000000096f200000,0x000000096f300000) (1024K)]
  0x000001505057f320 JavaThread "Monitor Ctrl-Break"         daemon [_thread_in_native, id=5384, stack(0x000000096f300000,0x000000096f400000) (1024K)]
  0x0000015096017cd0 JavaThread "Notification Thread"        daemon [_thread_blocked, id=7940, stack(0x000000096f400000,0x000000096f500000) (1024K)]
  0x000001509682c090 JavaThread "QuantumRenderer-0"          daemon [_thread_in_vm, id=23156, stack(0x000000096f800000,0x000000096f900000) (1024K)]
  0x00000150963af610 JavaThread "InvokeLaterDispatcher"      daemon [_thread_blocked, id=23908, stack(0x000000096fc00000,0x000000096fd00000) (1024K)]
  0x00000150963afc80 JavaThread "JavaFX Application Thread"         [_thread_in_native, id=13816, stack(0x000000096fd00000,0x000000096fe00000) (1024K)]
  0x00000150969040d0 JavaThread "Thread-1"                   daemon [_thread_in_native, id=18192, stack(0x0000000970200000,0x0000000970300000) (1024K)]
  0x00000150968eed40 JavaThread "JavaFX-Launcher"                   [_thread_blocked, id=17272, stack(0x0000000970300000,0x0000000970400000) (1024K)]
  0x0000015096a42dd0 JavaThread "Prism Font Disposer"        daemon [_thread_blocked, id=25996, stack(0x0000000970400000,0x0000000970500000) (1024K)]
  0x000001509693f300 JavaThread "Cleaner-0"                  daemon [_thread_blocked, id=18256, stack(0x0000000970600000,0x0000000970700000) (1024K)]
  0x0000015097060350 JavaThread "C2 CompilerThread1"         daemon [_thread_in_native, id=15636, stack(0x0000000970c00000,0x0000000970d00000) (1024K)]
Total: 20

Other Threads:
  0x0000015033a36790 VMThread "VM Thread"                           [id=23980, stack(0x000000096e900000,0x000000096ea00000) (1024K)]
  0x000001505027cf30 WatcherThread "VM Periodic Task Thread"        [id=16156, stack(0x000000096e800000,0x000000096e900000) (1024K)]
  0x00000150339b0510 WorkerThread "GC Thread#0"                     [id=13660, stack(0x000000096e300000,0x000000096e400000) (1024K)]
  0x00000150507cee10 WorkerThread "GC Thread#1"                     [id=8740, stack(0x000000096f500000,0x000000096f600000) (1024K)]
  0x0000015050792810 WorkerThread "GC Thread#2"                     [id=12740, stack(0x000000096f600000,0x000000096f700000) (1024K)]
  0x00000150507a6780 WorkerThread "GC Thread#3"                     [id=17496, stack(0x000000096f700000,0x000000096f800000) (1024K)]
  0x00000150339b8040 ConcurrentGCThread "G1 Main Marker"            [id=12348, stack(0x000000096e400000,0x000000096e500000) (1024K)]
  0x00000150339b8c00 WorkerThread "G1 Conc#0"                       [id=25104, stack(0x000000096e500000,0x000000096e600000) (1024K)]
  0x0000015033a0c770 ConcurrentGCThread "G1 Refine#0"               [id=1936, stack(0x000000096e600000,0x000000096e700000) (1024K)]
  0x0000015033a0d1f0 ConcurrentGCThread "G1 Service"                [id=12848, stack(0x000000096e700000,0x000000096e800000) (1024K)]
Total: 10

Threads with active compile tasks:
C2 CompilerThread0    22042 3945 %     4       com.sun.marlin.Renderer::_endRendering @ 251 (2639 bytes)
C2 CompilerThread1    22042 3805       4       javafx.scene.CssStyleHelper::resolveLookups (463 bytes)
Total: 2

VM state: not at safepoint (normal execution)

VM Mutex/Monitor currently owned by a thread: None

Heap address: 0x00000000c9e00000, size: 866 MB, Compressed Oops mode: 32-bit

CDS archive(s) mapped at: [0x0000015051000000-0x0000015051c90000-0x0000015051c90000), size 13172736, SharedBaseAddress: 0x0000015051000000, ArchiveRelocationMode: 1.
Compressed class space mapped at: 0x0000015052000000-0x0000015092000000, reserved size: 1073741824
Narrow klass base: 0x0000015051000000, Narrow klass shift: 0, Narrow klass range: 0x100000000

GC Precious Log:
 CardTable entry size: 512
 Card Set container configuration: InlinePtr #cards 5 size 8 Array Of Cards #cards 12 size 40 Howl #buckets 4 coarsen threshold 1843 Howl Bitmap #cards 512 size 80 coarsen threshold 460 Card regions per heap region 1 cards per card region 2048
 CPUs: 4 total, 4 available
 Memory: 3460M
 Large Page Support: Disabled
 NUMA Support: Disabled
 Compressed Oops: Enabled (32-bit)
 Heap Region Size: 1M
 Heap Min Capacity: 8M
 Heap Initial Capacity: 56M
 Heap Max Capacity: 866M
 Pre-touch: Disabled
 Parallel Workers: 4
 Concurrent Workers: 1
 Concurrent Refinement Workers: 4
 Periodic GC: Disabled

Heap:
 garbage-first heap   total 180224K, used 151547K [0x00000000c9e00000, 0x0000000100000000)
  region size 1024K, 12 young (12288K), 3 survivors (3072K)
 Metaspace       used 21278K, committed 21632K, reserved 1114112K
  class space    used 3151K, committed 3328K, reserved 1048576K

Heap Regions: E=young(eden), S=young(survivor), O=old, HS=humongous(starts), HC=humongous(continues), CS=collection set, F=free, TAMS=top-at-mark-start, PB=parsable bottom
|   0|0x00000000c9e00000, 0x00000000c9f00000, 0x00000000c9f00000|100%| O|  |TAMS 0x00000000c9e00000| PB 0x00000000c9e00000| Untracked 
|   1|0x00000000c9f00000, 0x00000000ca000000, 0x00000000ca000000|100%| O|  |TAMS 0x00000000c9f00000| PB 0x00000000c9f00000| Untracked 
|   2|0x00000000ca000000, 0x00000000ca100000, 0x00000000ca100000|100%|HS|  |TAMS 0x00000000ca000000| PB 0x00000000ca000000| Complete 
|   3|0x00000000ca100000, 0x00000000ca200000, 0x00000000ca200000|100%|HC|  |TAMS 0x00000000ca100000| PB 0x00000000ca100000| Complete 
|   4|0x00000000ca200000, 0x00000000ca300000, 0x00000000ca300000|100%|HC|  |TAMS 0x00000000ca200000| PB 0x00000000ca200000| Complete 
|   5|0x00000000ca300000, 0x00000000ca400000, 0x00000000ca400000|100%|HC|  |TAMS 0x00000000ca300000| PB 0x00000000ca300000| Complete 
|   6|0x00000000ca400000, 0x00000000ca500000, 0x00000000ca500000|100%|HC|  |TAMS 0x00000000ca400000| PB 0x00000000ca400000| Complete 
|   7|0x00000000ca500000, 0x00000000ca600000, 0x00000000ca600000|100%|HC|  |TAMS 0x00000000ca500000| PB 0x00000000ca500000| Complete 
|   8|0x00000000ca600000, 0x00000000ca700000, 0x00000000ca700000|100%|HC|  |TAMS 0x00000000ca600000| PB 0x00000000ca600000| Complete 
|   9|0x00000000ca700000, 0x00000000ca800000, 0x00000000ca800000|100%|HC|  |TAMS 0x00000000ca700000| PB 0x00000000ca700000| Complete 
|  10|0x00000000ca800000, 0x00000000ca900000, 0x00000000ca900000|100%|HS|  |TAMS 0x00000000ca800000| PB 0x00000000ca800000| Complete 
|  11|0x00000000ca900000, 0x00000000caa00000, 0x00000000caa00000|100%|HC|  |TAMS 0x00000000ca900000| PB 0x00000000ca900000| Complete 
|  12|0x00000000caa00000, 0x00000000cab00000, 0x00000000cab00000|100%| O|  |TAMS 0x00000000caa00000| PB 0x00000000caa00000| Untracked 
|  13|0x00000000cab00000, 0x00000000cac00000, 0x00000000cac00000|100%| O|  |TAMS 0x00000000cab00000| PB 0x00000000cab00000| Untracked 
|  14|0x00000000cac00000, 0x00000000cad00000, 0x00000000cad00000|100%| O|  |TAMS 0x00000000cac00000| PB 0x00000000cac00000| Untracked 
|  15|0x00000000cad00000, 0x00000000cae00000, 0x00000000cae00000|100%| O|  |TAMS 0x00000000cad00000| PB 0x00000000cad00000| Untracked 
|  16|0x00000000cae00000, 0x00000000caf00000, 0x00000000caf00000|100%| O|  |TAMS 0x00000000cae00000| PB 0x00000000cae00000| Untracked 
|  17|0x00000000caf00000, 0x00000000cb000000, 0x00000000cb000000|100%| O|Cm|TAMS 0x00000000caf00000| PB 0x00000000caf00000| Complete 
|  18|0x00000000cb000000, 0x00000000cb0feca8, 0x00000000cb100000| 99%| S|CS|TAMS 0x00000000cb000000| PB 0x00000000cb000000| Complete 
|  19|0x00000000cb100000, 0x00000000cb200000, 0x00000000cb200000|100%| S|CS|TAMS 0x00000000cb100000| PB 0x00000000cb100000| Complete 
|  20|0x00000000cb200000, 0x00000000cb300000, 0x00000000cb300000|100%| S|CS|TAMS 0x00000000cb200000| PB 0x00000000cb200000| Complete 
|  21|0x00000000cb300000, 0x00000000cb300000, 0x00000000cb400000|  0%| F|  |TAMS 0x00000000cb300000| PB 0x00000000cb300000| Untracked 
|  22|0x00000000cb400000, 0x00000000cb400000, 0x00000000cb500000|  0%| F|  |TAMS 0x00000000cb400000| PB 0x00000000cb400000| Untracked 
|  23|0x00000000cb500000, 0x00000000cb500000, 0x00000000cb600000|  0%| F|  |TAMS 0x00000000cb500000| PB 0x00000000cb500000| Untracked 
|  24|0x00000000cb600000, 0x00000000cb600000, 0x00000000cb700000|  0%| F|  |TAMS 0x00000000cb600000| PB 0x00000000cb600000| Untracked 
|  25|0x00000000cb700000, 0x00000000cb700000, 0x00000000cb800000|  0%| F|  |TAMS 0x00000000cb700000| PB 0x00000000cb700000| Untracked 
|  26|0x00000000cb800000, 0x00000000cb800000, 0x00000000cb900000|  0%| F|  |TAMS 0x00000000cb800000| PB 0x00000000cb800000| Untracked 
|  27|0x00000000cb900000, 0x00000000cb900000, 0x00000000cba00000|  0%| F|  |TAMS 0x00000000cb900000| PB 0x00000000cb900000| Untracked 
|  28|0x00000000cba00000, 0x00000000cba00000, 0x00000000cbb00000|  0%| F|  |TAMS 0x00000000cba00000| PB 0x00000000cba00000| Untracked 
|  29|0x00000000cbb00000, 0x00000000cbb00000, 0x00000000cbc00000|  0%| F|  |TAMS 0x00000000cbb00000| PB 0x00000000cbb00000| Untracked 
|  30|0x00000000cbc00000, 0x00000000cbc00000, 0x00000000cbd00000|  0%| F|  |TAMS 0x00000000cbc00000| PB 0x00000000cbc00000| Untracked 
|  31|0x00000000cbd00000, 0x00000000cbd00000, 0x00000000cbe00000|  0%| F|  |TAMS 0x00000000cbd00000| PB 0x00000000cbd00000| Untracked 
|  32|0x00000000cbe00000, 0x00000000cbe00000, 0x00000000cbf00000|  0%| F|  |TAMS 0x00000000cbe00000| PB 0x00000000cbe00000| Untracked 
|  33|0x00000000cbf00000, 0x00000000cbf00000, 0x00000000cc000000|  0%| F|  |TAMS 0x00000000cbf00000| PB 0x00000000cbf00000| Untracked 
|  34|0x00000000cc000000, 0x00000000cc000000, 0x00000000cc100000|  0%| F|  |TAMS 0x00000000cc000000| PB 0x00000000cc000000| Untracked 
|  35|0x00000000cc100000, 0x00000000cc100000, 0x00000000cc200000|  0%| F|  |TAMS 0x00000000cc100000| PB 0x00000000cc100000| Untracked 
|  36|0x00000000cc200000, 0x00000000cc200000, 0x00000000cc300000|  0%| F|  |TAMS 0x00000000cc200000| PB 0x00000000cc200000| Untracked 
|  37|0x00000000cc300000, 0x00000000cc300000, 0x00000000cc400000|  0%| F|  |TAMS 0x00000000cc300000| PB 0x00000000cc300000| Untracked 
|  38|0x00000000cc400000, 0x00000000cc400000, 0x00000000cc500000|  0%| F|  |TAMS 0x00000000cc400000| PB 0x00000000cc400000| Untracked 
|  39|0x00000000cc500000, 0x00000000cc500000, 0x00000000cc600000|  0%| F|  |TAMS 0x00000000cc500000| PB 0x00000000cc500000| Untracked 
|  40|0x00000000cc600000, 0x00000000cc700000, 0x00000000cc700000|100%|HS|  |TAMS 0x00000000cc600000| PB 0x00000000cc600000| Complete 
|  41|0x00000000cc700000, 0x00000000cc800000, 0x00000000cc800000|100%|HC|  |TAMS 0x00000000cc700000| PB 0x00000000cc700000| Complete 
|  42|0x00000000cc800000, 0x00000000cc900000, 0x00000000cc900000|100%|HC|  |TAMS 0x00000000cc800000| PB 0x00000000cc800000| Complete 
|  43|0x00000000cc900000, 0x00000000cca00000, 0x00000000cca00000|100%|HC|  |TAMS 0x00000000cc900000| PB 0x00000000cc900000| Complete 
|  44|0x00000000cca00000, 0x00000000ccb00000, 0x00000000ccb00000|100%|HC|  |TAMS 0x00000000cca00000| PB 0x00000000cca00000| Complete 
|  45|0x00000000ccb00000, 0x00000000ccc00000, 0x00000000ccc00000|100%|HC|  |TAMS 0x00000000ccb00000| PB 0x00000000ccb00000| Complete 
|  46|0x00000000ccc00000, 0x00000000ccd00000, 0x00000000ccd00000|100%|HC|  |TAMS 0x00000000ccc00000| PB 0x00000000ccc00000| Complete 
|  47|0x00000000ccd00000, 0x00000000cce00000, 0x00000000cce00000|100%|HC|  |TAMS 0x00000000ccd00000| PB 0x00000000ccd00000| Complete 
|  48|0x00000000cce00000, 0x00000000ccf00000, 0x00000000ccf00000|100%|HC|  |TAMS 0x00000000cce00000| PB 0x00000000cce00000| Complete 
|  49|0x00000000ccf00000, 0x00000000cd000000, 0x00000000cd000000|100%|HC|  |TAMS 0x00000000ccf00000| PB 0x00000000ccf00000| Complete 
|  50|0x00000000cd000000, 0x00000000cd100000, 0x00000000cd100000|100%|HC|  |TAMS 0x00000000cd000000| PB 0x00000000cd000000| Complete 
|  51|0x00000000cd100000, 0x00000000cd200000, 0x00000000cd200000|100%|HC|  |TAMS 0x00000000cd100000| PB 0x00000000cd100000| Complete 
|  52|0x00000000cd200000, 0x00000000cd200000, 0x00000000cd300000|  0%| F|  |TAMS 0x00000000cd200000| PB 0x00000000cd200000| Untracked 
|  53|0x00000000cd300000, 0x00000000cd300000, 0x00000000cd400000|  0%| F|  |TAMS 0x00000000cd300000| PB 0x00000000cd300000| Untracked 
|  54|0x00000000cd400000, 0x00000000cd400000, 0x00000000cd500000|  0%| F|  |TAMS 0x00000000cd400000| PB 0x00000000cd400000| Untracked 
|  55|0x00000000cd500000, 0x00000000cd500000, 0x00000000cd600000|  0%| F|  |TAMS 0x00000000cd500000| PB 0x00000000cd500000| Untracked 
|  56|0x00000000cd600000, 0x00000000cd600000, 0x00000000cd700000|  0%| F|  |TAMS 0x00000000cd600000| PB 0x00000000cd600000| Untracked 
|  57|0x00000000cd700000, 0x00000000cd700000, 0x00000000cd800000|  0%| F|  |TAMS 0x00000000cd700000| PB 0x00000000cd700000| Untracked 
|  58|0x00000000cd800000, 0x00000000cd800000, 0x00000000cd900000|  0%| F|  |TAMS 0x00000000cd800000| PB 0x00000000cd800000| Untracked 
|  59|0x00000000cd900000, 0x00000000cd900000, 0x00000000cda00000|  0%| F|  |TAMS 0x00000000cd900000| PB 0x00000000cd900000| Untracked 
|  60|0x00000000cda00000, 0x00000000cda08640, 0x00000000cdb00000|  3%| E|  |TAMS 0x00000000cda00000| PB 0x00000000cda00000| Complete 
|  61|0x00000000cdb00000, 0x00000000cdc00000, 0x00000000cdc00000|100%| E|CS|TAMS 0x00000000cdb00000| PB 0x00000000cdb00000| Complete 
|  62|0x00000000cdc00000, 0x00000000cdd00000, 0x00000000cdd00000|100%| E|CS|TAMS 0x00000000cdc00000| PB 0x00000000cdc00000| Complete 
|  63|0x00000000cdd00000, 0x00000000cde00000, 0x00000000cde00000|100%| E|CS|TAMS 0x00000000cdd00000| PB 0x00000000cdd00000| Complete 
|  64|0x00000000cde00000, 0x00000000cdf00000, 0x00000000cdf00000|100%| E|CS|TAMS 0x00000000cde00000| PB 0x00000000cde00000| Complete 
|  65|0x00000000cdf00000, 0x00000000ce000000, 0x00000000ce000000|100%| E|CS|TAMS 0x00000000cdf00000| PB 0x00000000cdf00000| Complete 
|  66|0x00000000ce000000, 0x00000000ce100000, 0x00000000ce100000|100%| E|CS|TAMS 0x00000000ce000000| PB 0x00000000ce000000| Complete 
|  67|0x00000000ce100000, 0x00000000ce200000, 0x00000000ce200000|100%| E|CS|TAMS 0x00000000ce100000| PB 0x00000000ce100000| Complete 
|  68|0x00000000ce200000, 0x00000000ce300000, 0x00000000ce300000|100%| E|CS|TAMS 0x00000000ce200000| PB 0x00000000ce200000| Complete 
|  69|0x00000000ce300000, 0x00000000ce400000, 0x00000000ce400000|100%|HS|  |TAMS 0x00000000ce300000| PB 0x00000000ce300000| Complete 
|  70|0x00000000ce400000, 0x00000000ce500000, 0x00000000ce500000|100%|HC|  |TAMS 0x00000000ce400000| PB 0x00000000ce400000| Complete 
|  71|0x00000000ce500000, 0x00000000ce600000, 0x00000000ce600000|100%|HC|  |TAMS 0x00000000ce500000| PB 0x00000000ce500000| Complete 
|  72|0x00000000ce600000, 0x00000000ce700000, 0x00000000ce700000|100%|HC|  |TAMS 0x00000000ce600000| PB 0x00000000ce600000| Complete 
|  73|0x00000000ce700000, 0x00000000ce800000, 0x00000000ce800000|100%|HC|  |TAMS 0x00000000ce700000| PB 0x00000000ce700000| Complete 
|  74|0x00000000ce800000, 0x00000000ce900000, 0x00000000ce900000|100%|HC|  |TAMS 0x00000000ce800000| PB 0x00000000ce800000| Complete 
|  75|0x00000000ce900000, 0x00000000cea00000, 0x00000000cea00000|100%|HC|  |TAMS 0x00000000ce900000| PB 0x00000000ce900000| Complete 
|  76|0x00000000cea00000, 0x00000000ceb00000, 0x00000000ceb00000|100%|HC|  |TAMS 0x00000000cea00000| PB 0x00000000cea00000| Complete 
|  77|0x00000000ceb00000, 0x00000000cec00000, 0x00000000cec00000|100%|HC|  |TAMS 0x00000000ceb00000| PB 0x00000000ceb00000| Complete 
|  78|0x00000000cec00000, 0x00000000ced00000, 0x00000000ced00000|100%|HC|  |TAMS 0x00000000cec00000| PB 0x00000000cec00000| Complete 
|  79|0x00000000ced00000, 0x00000000cee00000, 0x00000000cee00000|100%|HC|  |TAMS 0x00000000ced00000| PB 0x00000000ced00000| Complete 
|  80|0x00000000cee00000, 0x00000000cef00000, 0x00000000cef00000|100%|HC|  |TAMS 0x00000000cee00000| PB 0x00000000cee00000| Complete 
|  81|0x00000000cef00000, 0x00000000cf000000, 0x00000000cf000000|100%|HC|  |TAMS 0x00000000cef00000| PB 0x00000000cef00000| Complete 
|  82|0x00000000cf000000, 0x00000000cf100000, 0x00000000cf100000|100%|HC|  |TAMS 0x00000000cf000000| PB 0x00000000cf000000| Complete 
|  83|0x00000000cf100000, 0x00000000cf200000, 0x00000000cf200000|100%|HC|  |TAMS 0x00000000cf100000| PB 0x00000000cf100000| Complete 
|  84|0x00000000cf200000, 0x00000000cf300000, 0x00000000cf300000|100%|HC|  |TAMS 0x00000000cf200000| PB 0x00000000cf200000| Complete 
|  85|0x00000000cf300000, 0x00000000cf400000, 0x00000000cf400000|100%|HC|  |TAMS 0x00000000cf300000| PB 0x00000000cf300000| Complete 
|  86|0x00000000cf400000, 0x00000000cf500000, 0x00000000cf500000|100%|HC|  |TAMS 0x00000000cf400000| PB 0x00000000cf400000| Complete 
|  87|0x00000000cf500000, 0x00000000cf600000, 0x00000000cf600000|100%|HC|  |TAMS 0x00000000cf500000| PB 0x00000000cf500000| Complete 
|  88|0x00000000cf600000, 0x00000000cf700000, 0x00000000cf700000|100%|HC|  |TAMS 0x00000000cf600000| PB 0x00000000cf600000| Complete 
|  89|0x00000000cf700000, 0x00000000cf800000, 0x00000000cf800000|100%|HC|  |TAMS 0x00000000cf700000| PB 0x00000000cf700000| Complete 
|  90|0x00000000cf800000, 0x00000000cf900000, 0x00000000cf900000|100%|HC|  |TAMS 0x00000000cf800000| PB 0x00000000cf800000| Complete 
|  91|0x00000000cf900000, 0x00000000cfa00000, 0x00000000cfa00000|100%|HC|  |TAMS 0x00000000cf900000| PB 0x00000000cf900000| Complete 
|  92|0x00000000cfa00000, 0x00000000cfb00000, 0x00000000cfb00000|100%|HC|  |TAMS 0x00000000cfa00000| PB 0x00000000cfa00000| Complete 
|  93|0x00000000cfb00000, 0x00000000cfc00000, 0x00000000cfc00000|100%|HC|  |TAMS 0x00000000cfb00000| PB 0x00000000cfb00000| Complete 
|  94|0x00000000cfc00000, 0x00000000cfd00000, 0x00000000cfd00000|100%|HC|  |TAMS 0x00000000cfc00000| PB 0x00000000cfc00000| Complete 
|  95|0x00000000cfd00000, 0x00000000cfe00000, 0x00000000cfe00000|100%|HC|  |TAMS 0x00000000cfd00000| PB 0x00000000cfd00000| Complete 
|  96|0x00000000cfe00000, 0x00000000cff00000, 0x00000000cff00000|100%|HC|  |TAMS 0x00000000cfe00000| PB 0x00000000cfe00000| Complete 
|  97|0x00000000cff00000, 0x00000000d0000000, 0x00000000d0000000|100%|HC|  |TAMS 0x00000000cff00000| PB 0x00000000cff00000| Complete 
|  98|0x00000000d0000000, 0x00000000d0100000, 0x00000000d0100000|100%|HC|  |TAMS 0x00000000d0000000| PB 0x00000000d0000000| Complete 
|  99|0x00000000d0100000, 0x00000000d0200000, 0x00000000d0200000|100%|HC|  |TAMS 0x00000000d0100000| PB 0x00000000d0100000| Complete 
| 100|0x00000000d0200000, 0x00000000d0300000, 0x00000000d0300000|100%|HC|  |TAMS 0x00000000d0200000| PB 0x00000000d0200000| Complete 
| 101|0x00000000d0300000, 0x00000000d0400000, 0x00000000d0400000|100%|HC|  |TAMS 0x00000000d0300000| PB 0x00000000d0300000| Complete 
| 102|0x00000000d0400000, 0x00000000d0500000, 0x00000000d0500000|100%|HC|  |TAMS 0x00000000d0400000| PB 0x00000000d0400000| Complete 
| 103|0x00000000d0500000, 0x00000000d0600000, 0x00000000d0600000|100%|HS|  |TAMS 0x00000000d0500000| PB 0x00000000d0500000| Complete 
| 104|0x00000000d0600000, 0x00000000d0700000, 0x00000000d0700000|100%|HC|  |TAMS 0x00000000d0600000| PB 0x00000000d0600000| Complete 
| 105|0x00000000d0700000, 0x00000000d0800000, 0x00000000d0800000|100%|HC|  |TAMS 0x00000000d0700000| PB 0x00000000d0700000| Complete 
| 106|0x00000000d0800000, 0x00000000d0900000, 0x00000000d0900000|100%|HC|  |TAMS 0x00000000d0800000| PB 0x00000000d0800000| Complete 
| 107|0x00000000d0900000, 0x00000000d0a00000, 0x00000000d0a00000|100%|HC|  |TAMS 0x00000000d0900000| PB 0x00000000d0900000| Complete 
| 108|0x00000000d0a00000, 0x00000000d0b00000, 0x00000000d0b00000|100%|HC|  |TAMS 0x00000000d0a00000| PB 0x00000000d0a00000| Complete 
| 109|0x00000000d0b00000, 0x00000000d0c00000, 0x00000000d0c00000|100%|HC|  |TAMS 0x00000000d0b00000| PB 0x00000000d0b00000| Complete 
| 110|0x00000000d0c00000, 0x00000000d0d00000, 0x00000000d0d00000|100%|HC|  |TAMS 0x00000000d0c00000| PB 0x00000000d0c00000| Complete 
| 111|0x00000000d0d00000, 0x00000000d0e00000, 0x00000000d0e00000|100%|HC|  |TAMS 0x00000000d0d00000| PB 0x00000000d0d00000| Complete 
| 112|0x00000000d0e00000, 0x00000000d0f00000, 0x00000000d0f00000|100%|HC|  |TAMS 0x00000000d0e00000| PB 0x00000000d0e00000| Complete 
| 113|0x00000000d0f00000, 0x00000000d1000000, 0x00000000d1000000|100%|HC|  |TAMS 0x00000000d0f00000| PB 0x00000000d0f00000| Complete 
| 114|0x00000000d1000000, 0x00000000d1100000, 0x00000000d1100000|100%|HC|  |TAMS 0x00000000d1000000| PB 0x00000000d1000000| Complete 
| 115|0x00000000d1100000, 0x00000000d1200000, 0x00000000d1200000|100%|HC|  |TAMS 0x00000000d1100000| PB 0x00000000d1100000| Complete 
| 116|0x00000000d1200000, 0x00000000d1300000, 0x00000000d1300000|100%|HC|  |TAMS 0x00000000d1200000| PB 0x00000000d1200000| Complete 
| 117|0x00000000d1300000, 0x00000000d1400000, 0x00000000d1400000|100%|HC|  |TAMS 0x00000000d1300000| PB 0x00000000d1300000| Complete 
| 118|0x00000000d1400000, 0x00000000d1500000, 0x00000000d1500000|100%|HC|  |TAMS 0x00000000d1400000| PB 0x00000000d1400000| Complete 
| 119|0x00000000d1500000, 0x00000000d1600000, 0x00000000d1600000|100%|HC|  |TAMS 0x00000000d1500000| PB 0x00000000d1500000| Complete 
| 120|0x00000000d1600000, 0x00000000d1700000, 0x00000000d1700000|100%|HC|  |TAMS 0x00000000d1600000| PB 0x00000000d1600000| Complete 
| 121|0x00000000d1700000, 0x00000000d1800000, 0x00000000d1800000|100%|HC|  |TAMS 0x00000000d1700000| PB 0x00000000d1700000| Complete 
| 122|0x00000000d1800000, 0x00000000d1900000, 0x00000000d1900000|100%|HC|  |TAMS 0x00000000d1800000| PB 0x00000000d1800000| Complete 
| 123|0x00000000d1900000, 0x00000000d1a00000, 0x00000000d1a00000|100%|HC|  |TAMS 0x00000000d1900000| PB 0x00000000d1900000| Complete 
| 124|0x00000000d1a00000, 0x00000000d1b00000, 0x00000000d1b00000|100%|HC|  |TAMS 0x00000000d1a00000| PB 0x00000000d1a00000| Complete 
| 125|0x00000000d1b00000, 0x00000000d1c00000, 0x00000000d1c00000|100%|HC|  |TAMS 0x00000000d1b00000| PB 0x00000000d1b00000| Complete 
| 126|0x00000000d1c00000, 0x00000000d1d00000, 0x00000000d1d00000|100%|HC|  |TAMS 0x00000000d1c00000| PB 0x00000000d1c00000| Complete 
| 127|0x00000000d1d00000, 0x00000000d1e00000, 0x00000000d1e00000|100%|HC|  |TAMS 0x00000000d1d00000| PB 0x00000000d1d00000| Complete 
| 128|0x00000000d1e00000, 0x00000000d1f00000, 0x00000000d1f00000|100%|HC|  |TAMS 0x00000000d1e00000| PB 0x00000000d1e00000| Complete 
| 129|0x00000000d1f00000, 0x00000000d2000000, 0x00000000d2000000|100%|HC|  |TAMS 0x00000000d1f00000| PB 0x00000000d1f00000| Complete 
| 130|0x00000000d2000000, 0x00000000d2100000, 0x00000000d2100000|100%|HC|  |TAMS 0x00000000d2000000| PB 0x00000000d2000000| Complete 
| 131|0x00000000d2100000, 0x00000000d2200000, 0x00000000d2200000|100%|HC|  |TAMS 0x00000000d2100000| PB 0x00000000d2100000| Complete 
| 132|0x00000000d2200000, 0x00000000d2300000, 0x00000000d2300000|100%|HC|  |TAMS 0x00000000d2200000| PB 0x00000000d2200000| Complete 
| 133|0x00000000d2300000, 0x00000000d2400000, 0x00000000d2400000|100%|HC|  |TAMS 0x00000000d2300000| PB 0x00000000d2300000| Complete 
| 134|0x00000000d2400000, 0x00000000d2500000, 0x00000000d2500000|100%|HC|  |TAMS 0x00000000d2400000| PB 0x00000000d2400000| Complete 
| 135|0x00000000d2500000, 0x00000000d2600000, 0x00000000d2600000|100%|HC|  |TAMS 0x00000000d2500000| PB 0x00000000d2500000| Complete 
| 136|0x00000000d2600000, 0x00000000d2700000, 0x00000000d2700000|100%|HC|  |TAMS 0x00000000d2600000| PB 0x00000000d2600000| Complete 
| 137|0x00000000d2700000, 0x00000000d2800000, 0x00000000d2800000|100%|HC|  |TAMS 0x00000000d2700000| PB 0x00000000d2700000| Complete 
| 138|0x00000000d2800000, 0x00000000d2900000, 0x00000000d2900000|100%|HC|  |TAMS 0x00000000d2800000| PB 0x00000000d2800000| Complete 
| 139|0x00000000d2900000, 0x00000000d2a00000, 0x00000000d2a00000|100%|HC|  |TAMS 0x00000000d2900000| PB 0x00000000d2900000| Complete 
| 140|0x00000000d2a00000, 0x00000000d2b00000, 0x00000000d2b00000|100%|HC|  |TAMS 0x00000000d2a00000| PB 0x00000000d2a00000| Complete 
| 141|0x00000000d2b00000, 0x00000000d2c00000, 0x00000000d2c00000|100%|HC|  |TAMS 0x00000000d2b00000| PB 0x00000000d2b00000| Complete 
| 142|0x00000000d2c00000, 0x00000000d2d00000, 0x00000000d2d00000|100%|HC|  |TAMS 0x00000000d2c00000| PB 0x00000000d2c00000| Complete 
| 143|0x00000000d2d00000, 0x00000000d2e00000, 0x00000000d2e00000|100%|HC|  |TAMS 0x00000000d2d00000| PB 0x00000000d2d00000| Complete 
| 144|0x00000000d2e00000, 0x00000000d2f00000, 0x00000000d2f00000|100%|HC|  |TAMS 0x00000000d2e00000| PB 0x00000000d2e00000| Complete 
| 145|0x00000000d2f00000, 0x00000000d3000000, 0x00000000d3000000|100%|HC|  |TAMS 0x00000000d2f00000| PB 0x00000000d2f00000| Complete 
| 146|0x00000000d3000000, 0x00000000d3100000, 0x00000000d3100000|100%|HC|  |TAMS 0x00000000d3000000| PB 0x00000000d3000000| Complete 
| 147|0x00000000d3100000, 0x00000000d3200000, 0x00000000d3200000|100%|HC|  |TAMS 0x00000000d3100000| PB 0x00000000d3100000| Complete 
| 148|0x00000000d3200000, 0x00000000d3300000, 0x00000000d3300000|100%|HC|  |TAMS 0x00000000d3200000| PB 0x00000000d3200000| Complete 
| 149|0x00000000d3300000, 0x00000000d3400000, 0x00000000d3400000|100%|HC|  |TAMS 0x00000000d3300000| PB 0x00000000d3300000| Complete 
| 150|0x00000000d3400000, 0x00000000d3500000, 0x00000000d3500000|100%|HC|  |TAMS 0x00000000d3400000| PB 0x00000000d3400000| Complete 
| 151|0x00000000d3500000, 0x00000000d3600000, 0x00000000d3600000|100%|HC|  |TAMS 0x00000000d3500000| PB 0x00000000d3500000| Complete 
| 152|0x00000000d3600000, 0x00000000d3700000, 0x00000000d3700000|100%|HC|  |TAMS 0x00000000d3600000| PB 0x00000000d3600000| Complete 
| 153|0x00000000d3700000, 0x00000000d3800000, 0x00000000d3800000|100%|HC|  |TAMS 0x00000000d3700000| PB 0x00000000d3700000| Complete 
| 154|0x00000000d3800000, 0x00000000d3900000, 0x00000000d3900000|100%|HC|  |TAMS 0x00000000d3800000| PB 0x00000000d3800000| Complete 
| 155|0x00000000d3900000, 0x00000000d3a00000, 0x00000000d3a00000|100%|HC|  |TAMS 0x00000000d3900000| PB 0x00000000d3900000| Complete 
| 156|0x00000000d3a00000, 0x00000000d3b00000, 0x00000000d3b00000|100%|HC|  |TAMS 0x00000000d3a00000| PB 0x00000000d3a00000| Complete 
| 157|0x00000000d3b00000, 0x00000000d3c00000, 0x00000000d3c00000|100%|HC|  |TAMS 0x00000000d3b00000| PB 0x00000000d3b00000| Complete 
| 158|0x00000000d3c00000, 0x00000000d3d00000, 0x00000000d3d00000|100%|HC|  |TAMS 0x00000000d3c00000| PB 0x00000000d3c00000| Complete 
| 159|0x00000000d3d00000, 0x00000000d3e00000, 0x00000000d3e00000|100%|HC|  |TAMS 0x00000000d3d00000| PB 0x00000000d3d00000| Complete 
| 160|0x00000000d3e00000, 0x00000000d3f00000, 0x00000000d3f00000|100%|HC|  |TAMS 0x00000000d3e00000| PB 0x00000000d3e00000| Complete 
| 161|0x00000000d3f00000, 0x00000000d4000000, 0x00000000d4000000|100%|HC|  |TAMS 0x00000000d3f00000| PB 0x00000000d3f00000| Complete 
| 162|0x00000000d4000000, 0x00000000d4100000, 0x00000000d4100000|100%|HC|  |TAMS 0x00000000d4000000| PB 0x00000000d4000000| Complete 
| 163|0x00000000d4100000, 0x00000000d4200000, 0x00000000d4200000|100%|HC|  |TAMS 0x00000000d4100000| PB 0x00000000d4100000| Complete 
| 164|0x00000000d4200000, 0x00000000d4300000, 0x00000000d4300000|100%|HC|  |TAMS 0x00000000d4200000| PB 0x00000000d4200000| Complete 
| 165|0x00000000d4300000, 0x00000000d4400000, 0x00000000d4400000|100%|HC|  |TAMS 0x00000000d4300000| PB 0x00000000d4300000| Complete 
| 166|0x00000000d4400000, 0x00000000d4500000, 0x00000000d4500000|100%|HC|  |TAMS 0x00000000d4400000| PB 0x00000000d4400000| Complete 
| 167|0x00000000d4500000, 0x00000000d4600000, 0x00000000d4600000|100%|HC|  |TAMS 0x00000000d4500000| PB 0x00000000d4500000| Complete 
| 168|0x00000000d4600000, 0x00000000d4700000, 0x00000000d4700000|100%|HS|  |TAMS 0x00000000d4600000| PB 0x00000000d4600000| Complete 
| 169|0x00000000d4700000, 0x00000000d4800000, 0x00000000d4800000|100%|HC|  |TAMS 0x00000000d4700000| PB 0x00000000d4700000| Complete 
| 170|0x00000000d4800000, 0x00000000d4900000, 0x00000000d4900000|100%|HC|  |TAMS 0x00000000d4800000| PB 0x00000000d4800000| Complete 
| 171|0x00000000d4900000, 0x00000000d4a00000, 0x00000000d4a00000|100%|HC|  |TAMS 0x00000000d4900000| PB 0x00000000d4900000| Complete 
| 172|0x00000000d4a00000, 0x00000000d4b00000, 0x00000000d4b00000|100%|HC|  |TAMS 0x00000000d4a00000| PB 0x00000000d4a00000| Complete 
| 173|0x00000000d4b00000, 0x00000000d4c00000, 0x00000000d4c00000|100%|HC|  |TAMS 0x00000000d4b00000| PB 0x00000000d4b00000| Complete 
| 174|0x00000000d4c00000, 0x00000000d4d00000, 0x00000000d4d00000|100%|HC|  |TAMS 0x00000000d4c00000| PB 0x00000000d4c00000| Complete 
| 175|0x00000000d4d00000, 0x00000000d4e00000, 0x00000000d4e00000|100%|HC|  |TAMS 0x00000000d4d00000| PB 0x00000000d4d00000| Complete 

Card table byte_map: [0x000001504cdb0000,0x000001504cf70000] _byte_map_base: 0x000001504c761000

Marking Bits: (CMBitMap*) 0x00000150339b0b20
 Bits: [0x000001504cf70000, 0x000001504dcf8000)

Polling page: 0x000001503d590000

Metaspace:

Usage:
  Non-class:     17.70 MB used.
      Class:      3.08 MB used.
       Both:     20.78 MB used.

Virtual space:
  Non-class space:       64.00 MB reserved,      17.88 MB ( 28%) committed,  1 nodes.
      Class space:        1.00 GB reserved,       3.25 MB ( <1%) committed,  1 nodes.
             Both:        1.06 GB reserved,      21.12 MB (  2%) committed. 

Chunk freelists:
   Non-Class:  14.14 MB
       Class:  12.76 MB
        Both:  26.90 MB

MaxMetaspaceSize: unlimited
CompressedClassSpaceSize: 1.00 GB
Initial GC threshold: 21.00 MB
Current GC threshold: 27.75 MB
CDS: on
 - commit_granule_bytes: 65536.
 - commit_granule_words: 8192.
 - virtual_space_node_default_size: 8388608.
 - enlarge_chunks_in_place: 1.
 - use_allocation_guard: 0.


Internal statistics:

num_allocs_failed_limit: 0.
num_arena_births: 400.
num_arena_deaths: 0.
num_vsnodes_births: 2.
num_vsnodes_deaths: 0.
num_space_committed: 338.
num_space_uncommitted: 0.
num_chunks_returned_to_freelist: 0.
num_chunks_taken_from_freelist: 1081.
num_chunk_merges: 0.
num_chunk_splits: 769.
num_chunks_enlarged: 584.
num_inconsistent_stats: 0.

CodeHeap 'non-profiled nmethods': size=120000Kb used=1608Kb max_used=1608Kb free=118391Kb
 bounds [0x0000015045080000, 0x00000150452f0000, 0x000001504c5b0000]
CodeHeap 'profiled nmethods': size=120000Kb used=7286Kb max_used=7286Kb free=112713Kb
 bounds [0x000001503d5b0000, 0x000001503dcd0000, 0x0000015044ae0000]
CodeHeap 'non-nmethods': size=5760Kb used=1877Kb max_used=1877Kb free=3882Kb
 bounds [0x0000015044ae0000, 0x0000015044d50000, 0x0000015045080000]
 total_blobs=4501 nmethods=3659 adapters=743
 compilation: enabled
              stopped_count=0, restarted_count=0
 full_count=0

Compilation events (20 events):
Event: 21.807 Thread 0x00000150502c0a10 3968       3       com.sun.javafx.geom.Path2D::<init> (8 bytes)
Event: 21.807 Thread 0x00000150502c0a10 nmethod 3968 0x000001503dcaf410 code [0x000001503dcaf5e0, 0x000001503dcafa78]
Event: 21.808 Thread 0x00000150502c0a10 3969       3       com.sun.javafx.image.impl.BaseByteToByteConverter::convert (120 bytes)
Event: 21.809 Thread 0x00000150502c0a10 nmethod 3969 0x000001503dcafc10 code [0x000001503dcaff00, 0x000001503dcb0f00]
Event: 21.809 Thread 0x00000150502c0a10 3970       3       com.sun.prism.impl.shape.ShapeUtil::rasterizeShape (17 bytes)
Event: 21.809 Thread 0x00000150502c0a10 nmethod 3970 0x000001503dcb1490 code [0x000001503dcb1640, 0x000001503dcb17a0]
Event: 21.809 Thread 0x00000150502c0a10 3971   !   3       com.sun.prism.impl.shape.DMarlinRasterizer::getMaskData (367 bytes)
Event: 21.812 Thread 0x00000150502c0a10 nmethod 3971 0x000001503dcb1890 code [0x000001503dcb1ce0, 0x000001503dcb3858]
Event: 21.812 Thread 0x00000150502c0a10 3972       3       com.sun.prism.impl.ps.BaseShaderGraphics::renderShape (255 bytes)
Event: 21.813 Thread 0x00000150502c0a10 nmethod 3972 0x000001503dcb4810 code [0x000001503dcb4a60, 0x000001503dcb5438]
Event: 21.813 Thread 0x00000150502c0a10 3973       3       com.sun.prism.impl.BaseContext::validateMaskTexture (274 bytes)
Event: 21.815 Thread 0x00000150502c0a10 nmethod 3973 0x000001503dcb5810 code [0x000001503dcb5b00, 0x000001503dcb6d18]
Event: 21.815 Thread 0x00000150502c0a10 3974       3       com.sun.marlin.TransformingPathConsumer2D::pathClipper (9 bytes)
Event: 21.815 Thread 0x00000150502c0a10 nmethod 3974 0x000001503dcb7290 code [0x000001503dcb7440, 0x000001503dcb7580]
Event: 21.815 Thread 0x00000150502c0a10 3976       3       com.sun.javafx.sg.prism.NGNode::getContentBounds (97 bytes)
Event: 21.816 Thread 0x00000150502c0a10 nmethod 3976 0x000001503dcb7690 code [0x000001503dcb7960, 0x000001503dcb8868]
Event: 21.816 Thread 0x00000150502c0a10 3975       3       com.sun.marlin.Renderer::initConsumer (72 bytes)
Event: 21.816 Thread 0x00000150502c0a10 nmethod 3975 0x000001503dcb8c10 code [0x000001503dcb8dc0, 0x000001503dcb8f60]
Event: 21.844 Thread 0x000001505029a040 nmethod 3852 0x000001504520af10 code [0x000001504520b5a0, 0x000001504520f040]
Event: 21.844 Thread 0x000001505029a040 3945 %     4       com.sun.marlin.Renderer::_endRendering @ 251 (2639 bytes)

GC Heap History (12 events):
Event: 0.865 GC heap before
{Heap before GC invocations=0 (full 0):
 garbage-first heap   total 57344K, used 13312K [0x00000000c9e00000, 0x0000000100000000)
  region size 1024K, 13 young (13312K), 0 survivors (0K)
 Metaspace       used 1517K, committed 1664K, reserved 1114112K
  class space    used 129K, committed 192K, reserved 1048576K
}
Event: 0.869 GC heap after
{Heap after GC invocations=1 (full 0):
 garbage-first heap   total 57344K, used 1600K [0x00000000c9e00000, 0x0000000100000000)
  region size 1024K, 2 young (2048K), 2 survivors (2048K)
 Metaspace       used 1517K, committed 1664K, reserved 1114112K
  class space    used 129K, committed 192K, reserved 1048576K
}
Event: 2.153 GC heap before
{Heap before GC invocations=1 (full 0):
 garbage-first heap   total 57344K, used 25152K [0x00000000c9e00000, 0x0000000100000000)
  region size 1024K, 26 young (26624K), 2 survivors (2048K)
 Metaspace       used 7899K, committed 8128K, reserved 1114112K
  class space    used 967K, committed 1088K, reserved 1048576K
}
Event: 2.161 GC heap after
{Heap after GC invocations=2 (full 0):
 garbage-first heap   total 57344K, used 5224K [0x00000000c9e00000, 0x0000000100000000)
  region size 1024K, 4 young (4096K), 4 survivors (4096K)
 Metaspace       used 7899K, committed 8128K, reserved 1114112K
  class space    used 967K, committed 1088K, reserved 1048576K
}
Event: 4.084 GC heap before
{Heap before GC invocations=2 (full 0):
 garbage-first heap   total 57344K, used 44136K [0x00000000c9e00000, 0x0000000100000000)
  region size 1024K, 33 young (33792K), 4 survivors (4096K)
 Metaspace       used 13839K, committed 14208K, reserved 1114112K
  class space    used 1879K, committed 2048K, reserved 1048576K
}
Event: 4.095 GC heap after
{Heap after GC invocations=3 (full 0):
 garbage-first heap   total 57344K, used 18575K [0x00000000c9e00000, 0x0000000100000000)
  region size 1024K, 4 young (4096K), 4 survivors (4096K)
 Metaspace       used 13839K, committed 14208K, reserved 1114112K
  class space    used 1879K, committed 2048K, reserved 1048576K
}
Event: 17.716 GC heap before
{Heap before GC invocations=3 (full 0):
 garbage-first heap   total 57344K, used 42127K [0x00000000c9e00000, 0x0000000100000000)
  region size 1024K, 20 young (20480K), 4 survivors (4096K)
 Metaspace       used 16721K, committed 17024K, reserved 1114112K
  class space    used 2431K, committed 2560K, reserved 1048576K
}
Event: 17.749 GC heap after
{Heap after GC invocations=4 (full 0):
 garbage-first heap   total 57344K, used 28140K [0x00000000c9e00000, 0x0000000100000000)
  region size 1024K, 2 young (2048K), 2 survivors (2048K)
 Metaspace       used 16721K, committed 17024K, reserved 1114112K
  class space    used 2431K, committed 2560K, reserved 1048576K
}
Event: 17.942 GC heap before
{Heap before GC invocations=5 (full 0):
 garbage-first heap   total 70656K, used 40428K [0x00000000c9e00000, 0x0000000100000000)
  region size 1024K, 3 young (3072K), 2 survivors (2048K)
 Metaspace       used 16726K, committed 17024K, reserved 1114112K
  class space    used 2431K, committed 2560K, reserved 1048576K
}
Event: 17.945 GC heap after
{Heap after GC invocations=6 (full 0):
 garbage-first heap   total 70656K, used 40135K [0x00000000c9e00000, 0x0000000100000000)
  region size 1024K, 2 young (2048K), 2 survivors (2048K)
 Metaspace       used 16726K, committed 17024K, reserved 1114112K
  class space    used 2431K, committed 2560K, reserved 1048576K
}
Event: 21.488 GC heap before
{Heap before GC invocations=7 (full 0):
 garbage-first heap   total 180224K, used 175303K [0x00000000c9e00000, 0x0000000100000000)
  region size 1024K, 19 young (19456K), 2 survivors (2048K)
 Metaspace       used 20153K, committed 20544K, reserved 1114112K
  class space    used 2952K, committed 3136K, reserved 1048576K
}
Event: 21.494 GC heap after
{Heap after GC invocations=8 (full 0):
 garbage-first heap   total 180224K, used 143355K [0x00000000c9e00000, 0x0000000100000000)
  region size 1024K, 3 young (3072K), 3 survivors (3072K)
 Metaspace       used 20153K, committed 20544K, reserved 1114112K
  class space    used 2952K, committed 3136K, reserved 1048576K
}

Dll operation events (20 events):
Event: 1.277 Loaded shared library C:\Program Files\Java\jdk-21\bin\jimage.dll
Event: 1.287 Loaded shared library C:\Users\ezra\.openjfx\cache\21+31\amd64\api-ms-win-crt-multibyte-l1-1-0.dll
Event: 1.355 Loaded shared library C:\Users\ezra\.openjfx\cache\21+31\amd64\api-ms-win-crt-private-l1-1-0.dll
Event: 1.382 Loaded shared library C:\Users\ezra\.openjfx\cache\21+31\amd64\api-ms-win-crt-process-l1-1-0.dll
Event: 1.390 Loaded shared library C:\Users\ezra\.openjfx\cache\21+31\amd64\api-ms-win-crt-runtime-l1-1-0.dll
Event: 1.398 Loaded shared library C:\Users\ezra\.openjfx\cache\21+31\amd64\api-ms-win-crt-stdio-l1-1-0.dll
Event: 1.405 Loaded shared library C:\Users\ezra\.openjfx\cache\21+31\amd64\api-ms-win-crt-string-l1-1-0.dll
Event: 1.413 Loaded shared library C:\Users\ezra\.openjfx\cache\21+31\amd64\api-ms-win-crt-time-l1-1-0.dll
Event: 1.420 Loaded shared library C:\Users\ezra\.openjfx\cache\21+31\amd64\api-ms-win-crt-utility-l1-1-0.dll
Event: 1.446 Loaded shared library C:\Users\ezra\.openjfx\cache\21+31\amd64\ucrtbase.dll
Event: 1.454 Loaded shared library C:\Users\ezra\.openjfx\cache\21+31\amd64\vcruntime140.dll
Event: 1.460 Loaded shared library C:\Users\ezra\.openjfx\cache\21+31\amd64\vcruntime140_1.dll
Event: 1.475 Loaded shared library C:\Users\ezra\.openjfx\cache\21+31\amd64\msvcp140.dll
Event: 1.483 Loaded shared library C:\Users\ezra\.openjfx\cache\21+31\amd64\msvcp140_1.dll
Event: 1.493 Loaded shared library C:\Users\ezra\.openjfx\cache\21+31\amd64\msvcp140_2.dll
Event: 1.570 Loaded shared library C:\Users\ezra\.openjfx\cache\21+31\amd64\prism_d3d.dll
Event: 1.712 Loaded shared library C:\Users\ezra\.openjfx\cache\21+31\amd64\glass.dll
Event: 2.428 Loaded shared library C:\Users\ezra\.openjfx\cache\21+31\amd64\javafx_font.dll
Event: 5.623 Loaded shared library C:\Users\ezra\.openjfx\cache\21+31\amd64\javafx_iio.dll
Event: 21.423 Loaded shared library C:\Users\ezra\AppData\Local\Temp\sqlite-3.36.0.3-a7107c43-0dbb-40a7-89b7-5ca003cc0c19-sqlitejdbc.dll

Deoptimization events (20 events):
Event: 21.517 Thread 0x00000150963afc80 Uncommon trap: trap_request=0xffffff45 fr.pc=0x0000015045142770 relative=0x0000000000000ab0
Event: 21.517 Thread 0x00000150963afc80 Uncommon trap: reason=unstable_if action=reinterpret pc=0x0000015045142770 method=java.util.WeakHashMap.expungeStaleEntries()V @ 66 c2
Event: 21.517 Thread 0x00000150963afc80 DEOPT PACKING pc=0x0000015045142770 sp=0x000000096fdf9730
Event: 21.517 Thread 0x00000150963afc80 DEOPT UNPACKING pc=0x0000015044b346a2 sp=0x000000096fdf96b0 mode 2
Event: 21.668 Thread 0x00000150963afc80 Uncommon trap: trap_request=0xffffffde fr.pc=0x0000015045180364 relative=0x00000000000002c4
Event: 21.668 Thread 0x00000150963afc80 Uncommon trap: reason=class_check action=maybe_recompile pc=0x0000015045180364 method=javafx.scene.Node.updateLocalToParentTransform()V @ 11 c2
Event: 21.668 Thread 0x00000150963afc80 DEOPT PACKING pc=0x0000015045180364 sp=0x000000096fdfae50
Event: 21.668 Thread 0x00000150963afc80 DEOPT UNPACKING pc=0x0000015044b346a2 sp=0x000000096fdfade0 mode 2
Event: 21.725 Thread 0x000001509682c090 Uncommon trap: trap_request=0xffffff45 fr.pc=0x00000150451d05dc relative=0x00000000000029fc
Event: 21.725 Thread 0x000001509682c090 Uncommon trap: reason=unstable_if action=reinterpret pc=0x00000150451d05dc method=com.sun.marlin.Renderer._endRendering(IILcom/sun/marlin/MarlinAlphaConsumer;)V @ 1116 c2
Event: 21.725 Thread 0x000001509682c090 DEOPT PACKING pc=0x00000150451d05dc sp=0x000000096f8fd770
Event: 21.725 Thread 0x000001509682c090 DEOPT UNPACKING pc=0x0000015044b346a2 sp=0x000000096f8fd5c8 mode 2
Event: 21.725 Thread 0x000001509682c090 Uncommon trap: trap_request=0xffffff45 fr.pc=0x00000150451c5714 relative=0x0000000000002634
Event: 21.725 Thread 0x000001509682c090 Uncommon trap: reason=unstable_if action=reinterpret pc=0x00000150451c5714 method=com.sun.marlin.Renderer._endRendering(IILcom/sun/marlin/MarlinAlphaConsumer;)V @ 2092 c2
Event: 21.725 Thread 0x000001509682c090 DEOPT PACKING pc=0x00000150451c5714 sp=0x000000096f8fd6c0
Event: 21.725 Thread 0x000001509682c090 DEOPT UNPACKING pc=0x0000015044b346a2 sp=0x000000096f8fd5c0 mode 2
Event: 21.726 Thread 0x000001509682c090 Uncommon trap: trap_request=0xffffff45 fr.pc=0x00000150451aed00 relative=0x00000000000045e0
Event: 21.726 Thread 0x000001509682c090 Uncommon trap: reason=unstable_if action=reinterpret pc=0x00000150451aed00 method=com.sun.marlin.Renderer._endRendering(IILcom/sun/marlin/MarlinAlphaConsumer;)V @ 1116 c2
Event: 21.726 Thread 0x000001509682c090 DEOPT PACKING pc=0x00000150451aed00 sp=0x000000096f8fd6a0
Event: 21.726 Thread 0x000001509682c090 DEOPT UNPACKING pc=0x0000015044b346a2 sp=0x000000096f8fd5c8 mode 2

Classes loaded (20 events):
Event: 21.334 Loading class java/io/FileOutputStream$1
Event: 21.334 Loading class java/io/FileOutputStream$1 done
Event: 21.346 Loading class java/io/DeleteOnExitHook
Event: 21.347 Loading class java/io/DeleteOnExitHook done
Event: 21.347 Loading class java/io/DeleteOnExitHook$1
Event: 21.347 Loading class java/io/DeleteOnExitHook$1 done
Event: 21.431 Loading class java/io/StringReader
Event: 21.431 Loading class java/io/StringReader done
Event: 21.433 Loading class java/util/regex/Pattern$BnM
Event: 21.433 Loading class java/util/regex/Pattern$BnM done
Event: 21.433 Loading class java/util/regex/Pattern$SliceS
Event: 21.433 Loading class java/util/regex/Pattern$SliceS done
Event: 21.587 Loading class java/util/BitSet$1BitSetSpliterator
Event: 21.588 Loading class java/util/BitSet$1BitSetSpliterator done
Event: 21.589 Loading class java/util/stream/IntPipeline$1
Event: 21.589 Loading class java/util/stream/IntPipeline$1 done
Event: 21.589 Loading class java/util/stream/IntPipeline$1$1
Event: 21.590 Loading class java/util/stream/IntPipeline$1$1 done
Event: 21.696 Loading class java/lang/FdLibm$Acos
Event: 21.696 Loading class java/lang/FdLibm$Acos done

Classes unloaded (0 events):
No events

Classes redefined (0 events):
No events

Internal exceptions (20 events):
Event: 5.716 Thread 0x00000150963afc80 Exception <a 'java/lang/ClassNotFoundException'{0x00000000ccf00d88}: com/sun/javafx/scene/control/skin/resources/controls_en> (0x00000000ccf00d88) 
thrown [s\open\src\hotspot\share\prims\jni.cpp, line 539]
Event: 5.716 Thread 0x00000150963afc80 Exception <a 'java/lang/ClassNotFoundException'{0x00000000ccf02268}: com/sun/javafx/scene/control/skin/resources/controls_en_ID> (0x00000000ccf02268) 
thrown [s\open\src\hotspot\share\prims\jni.cpp, line 539]
Event: 5.758 Thread 0x00000150963afc80 Exception <a 'java/lang/NoSuchMethodError'{0x00000000ccd0e280}: 'void java.lang.invoke.DirectMethodHandle$Holder.invokeSpecial(java.lang.Object, java.lang.Object, java.lang.Object, java.lang.Object, java.lang.Object, java.lang.Object)'> (0x00000000ccd0e280) 
thrown [s\open\src\hotspot\share\interpreter\linkResolver.cpp, line 773]
Event: 17.712 Thread 0x00000150963afc80 Exception <a 'java/io/FileNotFoundException'{0x00000000cc61dd68}> (0x00000000cc61dd68) 
thrown [s\open\src\hotspot\share\prims\jni.cpp, line 520]
Event: 17.929 Thread 0x00000150963afc80 Exception <a 'java/io/FileNotFoundException'{0x00000000cd51d1b8}> (0x00000000cd51d1b8) 
thrown [s\open\src\hotspot\share\prims\jni.cpp, line 520]
Event: 18.117 Thread 0x00000150963afc80 Exception <a 'java/io/FileNotFoundException'{0x00000000ce006d20}> (0x00000000ce006d20) 
thrown [s\open\src\hotspot\share\prims\jni.cpp, line 520]
Event: 18.496 Thread 0x00000150963afc80 Exception <a 'java/io/FileNotFoundException'{0x00000000ce018530}> (0x00000000ce018530) 
thrown [s\open\src\hotspot\share\prims\jni.cpp, line 520]
Event: 21.068 Thread 0x00000150963afc80 Exception <a 'sun/nio/fs/WindowsException'{0x00000000cd6a25d0}> (0x00000000cd6a25d0) 
thrown [s\open\src\hotspot\share\prims\jni.cpp, line 520]
Event: 21.101 Thread 0x00000150963afc80 Exception <a 'java/io/FileNotFoundException'{0x00000000cd56bc20}> (0x00000000cd56bc20) 
thrown [s\open\src\hotspot\share\prims\jni.cpp, line 520]
Event: 21.144 Thread 0x00000150963afc80 Exception <a 'sun/nio/fs/WindowsException'{0x00000000cd5e59d8}> (0x00000000cd5e59d8) 
thrown [s\open\src\hotspot\share\prims\jni.cpp, line 520]
Event: 21.224 Thread 0x00000150963afc80 Exception <a 'sun/nio/fs/WindowsException'{0x00000000cd22be98}> (0x00000000cd22be98) 
thrown [s\open\src\hotspot\share\prims\jni.cpp, line 520]
Event: 21.294 Thread 0x00000150963afc80 Exception <a 'sun/nio/fs/WindowsException'{0x00000000cd24bc90}> (0x00000000cd24bc90) 
thrown [s\open\src\hotspot\share\prims\jni.cpp, line 520]
Event: 21.298 Thread 0x00000150963afc80 Exception <a 'java/lang/NoSuchMethodError'{0x00000000cd254668}: 'java.lang.Object java.lang.invoke.DirectMethodHandle$Holder.invokeStaticInit(java.lang.Object, int, int, int, int)'> (0x00000000cd254668) 
thrown [s\open\src\hotspot\share\interpreter\linkResolver.cpp, line 773]
Event: 21.327 Thread 0x00000150963afc80 Exception <a 'java/lang/NoSuchMethodError'{0x00000000cb402fc8}: 'java.lang.Object java.lang.invoke.DirectMethodHandle$Holder.invokeStaticInit(java.lang.Object, java.lang.Object, int, int, int, int)'> (0x00000000cb402fc8) 
thrown [s\open\src\hotspot\share\interpreter\linkResolver.cpp, line 773]
Event: 21.444 Thread 0x00000150963afc80 Exception <a 'java/lang/ClassNotFoundException'{0x00000000cb492dd0}: com/sun/javafx/scene/control/skin/resources/controls-nt> (0x00000000cb492dd0) 
thrown [s\open\src\hotspot\share\prims\jni.cpp, line 539]
Event: 21.445 Thread 0x00000150963afc80 Exception <a 'java/lang/ClassNotFoundException'{0x00000000cb49f950}: com/sun/javafx/scene/control/skin/resources/controls-nt_en> (0x00000000cb49f950) 
thrown [s\open\src\hotspot\share\prims\jni.cpp, line 539]
Event: 21.445 Thread 0x00000150963afc80 Exception <a 'java/lang/ClassNotFoundException'{0x00000000cb4a0be8}: com/sun/javafx/scene/control/skin/resources/controls-nt_en_ID> (0x00000000cb4a0be8) 
thrown [s\open\src\hotspot\share\prims\jni.cpp, line 539]
Event: 21.654 Thread 0x00000150963afc80 Exception <a 'java/lang/NoSuchMethodError'{0x00000000cddda738}: 'void java.lang.invoke.DirectMethodHandle$Holder.invokeSpecial(java.lang.Object, java.lang.Object, int, int)'> (0x00000000cddda738) 
thrown [s\open\src\hotspot\share\interpreter\linkResolver.cpp, line 773]
Event: 21.655 Thread 0x00000150963afc80 Exception <a 'java/lang/NoSuchMethodError'{0x00000000cdde0a90}: 'java.lang.Object java.lang.invoke.DirectMethodHandle$Holder.newInvokeSpecial(java.lang.Object, java.lang.Object, int, int)'> (0x00000000cdde0a90) 
thrown [s\open\src\hotspot\share\interpreter\linkResolver.cpp, line 773]
Event: 21.656 Thread 0x00000150963afc80 Exception <a 'java/lang/NoSuchMethodError'{0x00000000cdde4f50}: 'java.lang.Object java.lang.invoke.DirectMethodHandle$Holder.invokeSpecial(java.lang.Object, java.lang.Object, java.lang.Object, int, int)'> (0x00000000cdde4f50) 
thrown [s\open\src\hotspot\share\interpreter\linkResolver.cpp, line 773]

ZGC Phase Switch (0 events):
No events

VM Operations (20 events):
Event: 17.962 Executing VM operation: G1PauseRemark
Event: 17.966 Executing VM operation: G1PauseRemark done
Event: 17.971 Executing VM operation: G1PauseCleanup
Event: 17.971 Executing VM operation: G1PauseCleanup done
Event: 18.684 Executing VM operation: HandshakeAllThreads (Deoptimize)
Event: 18.684 Executing VM operation: HandshakeAllThreads (Deoptimize) done
Event: 18.903 Executing VM operation: ICBufferFull
Event: 18.903 Executing VM operation: ICBufferFull done
Event: 19.270 Executing VM operation: HandshakeAllThreads (Deoptimize)
Event: 19.270 Executing VM operation: HandshakeAllThreads (Deoptimize) done
Event: 20.271 Executing VM operation: Cleanup
Event: 20.271 Executing VM operation: Cleanup done
Event: 21.149 Executing VM operation: HandshakeAllThreads (Deoptimize)
Event: 21.149 Executing VM operation: HandshakeAllThreads (Deoptimize) done
Event: 21.307 Executing VM operation: HandshakeAllThreads (Deoptimize)
Event: 21.307 Executing VM operation: HandshakeAllThreads (Deoptimize) done
Event: 21.307 Executing VM operation: Cleanup
Event: 21.307 Executing VM operation: Cleanup done
Event: 21.488 Executing VM operation: G1CollectForAllocation (G1 Evacuation Pause)
Event: 21.494 Executing VM operation: G1CollectForAllocation (G1 Evacuation Pause) done

Events (20 events):
Event: 17.966 Thread 0x0000015033a36790 flushing nmethod 0x00000150450c9890
Event: 17.966 Thread 0x0000015033a36790 flushing nmethod 0x00000150450a1790
Event: 17.966 Thread 0x0000015033a36790 flushing nmethod 0x00000150450a1190
Event: 17.966 Thread 0x0000015033a36790 flushing nmethod 0x00000150450aac10
Event: 17.966 Thread 0x0000015033a36790 flushing nmethod 0x00000150450aea90
Event: 17.966 Thread 0x0000015033a36790 flushing nmethod 0x00000150450a5d90
Event: 17.966 Thread 0x0000015033a36790 flushing nmethod 0x0000015045095d10
Event: 17.966 Thread 0x0000015033a36790 flushing nmethod 0x000001504509e790
Event: 17.966 Thread 0x0000015033a36790 flushing nmethod 0x000001504509bc90
Event: 17.966 Thread 0x0000015033a36790 flushing nmethod 0x000001504509a610
Event: 17.966 Thread 0x0000015033a36790 flushing nmethod 0x0000015045094d90
Event: 17.966 Thread 0x0000015033a36790 flushing nmethod 0x0000015045098290
Event: 17.966 Thread 0x0000015033a36790 flushing nmethod 0x0000015045097690
Event: 17.966 Thread 0x0000015033a36790 flushing nmethod 0x0000015045096b90
Event: 17.966 Thread 0x0000015033a36790 flushing nmethod 0x0000015045092d10
Event: 17.966 Thread 0x0000015033a36790 flushing nmethod 0x0000015045090010
Event: 17.966 Thread 0x0000015033a36790 flushing nmethod 0x0000015045088190
Event: 17.966 Thread 0x0000015033a36790 flushing nmethod 0x0000015045085510
Event: 20.130 Thread 0x0000015096d41100 Thread exited: 0x0000015096d41100
Event: 21.184 Thread 0x0000015097060350 Thread added: 0x0000015097060350


Dynamic libraries:
0x00007ff6be0a0000 - 0x00007ff6be0b0000 	C:\Program Files\Java\jdk-21\bin\java.exe
0x00007ffb5feb0000 - 0x00007ffb600c7000 	C:\WINDOWS\SYSTEM32\ntdll.dll
0x00007ffb5ebf0000 - 0x00007ffb5ecb4000 	C:\WINDOWS\System32\KERNEL32.DLL
0x00007ffb5d6c0000 - 0x00007ffb5da67000 	C:\WINDOWS\System32\KERNELBASE.dll
0x00007ffb5d4f0000 - 0x00007ffb5d601000 	C:\WINDOWS\System32\ucrtbase.dll
0x00007ffb51850000 - 0x00007ffb51869000 	C:\Program Files\Java\jdk-21\bin\jli.dll
0x00007ffb51830000 - 0x00007ffb5184b000 	C:\Program Files\Java\jdk-21\bin\VCRUNTIME140.dll
0x00007ffb5dd00000 - 0x00007ffb5ddb2000 	C:\WINDOWS\System32\ADVAPI32.dll
0x00007ffb5e1f0000 - 0x00007ffb5e297000 	C:\WINDOWS\System32\msvcrt.dll
0x00007ffb5fdc0000 - 0x00007ffb5fe68000 	C:\WINDOWS\System32\sechost.dll
0x00007ffb5d690000 - 0x00007ffb5d6b8000 	C:\WINDOWS\System32\bcrypt.dll
0x00007ffb5e810000 - 0x00007ffb5e925000 	C:\WINDOWS\System32\RPCRT4.dll
0x00007ffb5f7e0000 - 0x00007ffb5f98e000 	C:\WINDOWS\System32\USER32.dll
0x00007ffb5d3a0000 - 0x00007ffb5d3c6000 	C:\WINDOWS\System32\win32u.dll
0x00007ffb5e930000 - 0x00007ffb5e959000 	C:\WINDOWS\System32\GDI32.dll
0x00007ffb4d150000 - 0x00007ffb4d3e3000 	C:\WINDOWS\WinSxS\amd64_microsoft.windows.common-controls_6595b64144ccf1df_6.0.22621.3527_none_270e469b73872a76\COMCTL32.dll
0x00007ffb5d3d0000 - 0x00007ffb5d4e9000 	C:\WINDOWS\System32\gdi32full.dll
0x00007ffb5d1d0000 - 0x00007ffb5d26a000 	C:\WINDOWS\System32\msvcp_win.dll
0x00007ffb56610000 - 0x00007ffb5661a000 	C:\WINDOWS\SYSTEM32\VERSION.dll
0x00007ffb5dcc0000 - 0x00007ffb5dcf1000 	C:\WINDOWS\System32\IMM32.DLL
0x00007ffb51820000 - 0x00007ffb5182c000 	C:\Program Files\Java\jdk-21\bin\vcruntime140_1.dll
0x00007ffb03c40000 - 0x00007ffb03cce000 	C:\Program Files\Java\jdk-21\bin\msvcp140.dll
0x00007ffad8680000 - 0x00007ffad9397000 	C:\Program Files\Java\jdk-21\bin\server\jvm.dll
0x00007ffb5ddc0000 - 0x00007ffb5de31000 	C:\WINDOWS\System32\WS2_32.dll
0x00007ffb5d090000 - 0x00007ffb5d0dd000 	C:\WINDOWS\SYSTEM32\POWRPROF.dll
0x00007ffb54d30000 - 0x00007ffb54d64000 	C:\WINDOWS\SYSTEM32\WINMM.dll
0x00007ffb5d070000 - 0x00007ffb5d083000 	C:\WINDOWS\SYSTEM32\UMPDC.dll
0x00007ffb5c1f0000 - 0x00007ffb5c208000 	C:\WINDOWS\SYSTEM32\kernel.appcore.dll
0x00007ffb51810000 - 0x00007ffb5181a000 	C:\Program Files\Java\jdk-21\bin\jimage.dll
0x00007ffb5ad70000 - 0x00007ffb5afa2000 	C:\WINDOWS\SYSTEM32\DBGHELP.DLL
0x00007ffb5de40000 - 0x00007ffb5e1c8000 	C:\WINDOWS\System32\combase.dll
0x00007ffb5dbe0000 - 0x00007ffb5dcb7000 	C:\WINDOWS\System32\OLEAUT32.dll
0x00007ffb43b20000 - 0x00007ffb43b52000 	C:\WINDOWS\SYSTEM32\dbgcore.DLL
0x00007ffb5d610000 - 0x00007ffb5d689000 	C:\WINDOWS\System32\bcryptPrimitives.dll
0x00007ffb5a000000 - 0x00007ffb5a00f000 	C:\Program Files\Java\jdk-21\bin\instrument.dll
0x00007ffb4fa50000 - 0x00007ffb4fa6f000 	C:\Program Files\Java\jdk-21\bin\java.dll
0x00007ffb5ef80000 - 0x00007ffb5f7dc000 	C:\WINDOWS\System32\SHELL32.dll
0x00007ffb5b110000 - 0x00007ffb5ba06000 	C:\WINDOWS\SYSTEM32\windows.storage.dll
0x00007ffb5afd0000 - 0x00007ffb5b10e000 	C:\WINDOWS\SYSTEM32\wintypes.dll
0x00007ffb5ecd0000 - 0x00007ffb5edc5000 	C:\WINDOWS\System32\SHCORE.dll
0x00007ffb5eb70000 - 0x00007ffb5ebce000 	C:\WINDOWS\System32\shlwapi.dll
0x00007ffb5d100000 - 0x00007ffb5d121000 	C:\WINDOWS\SYSTEM32\profapi.dll
0x00007ffae5640000 - 0x00007ffae5717000 	C:\Program Files\Java\jdk-21\bin\jsvml.dll
0x00007ffb50d50000 - 0x00007ffb50d60000 	C:\Program Files\Java\jdk-21\bin\net.dll
0x00007ffb54bf0000 - 0x00007ffb54d26000 	C:\WINDOWS\SYSTEM32\WINHTTP.dll
0x00007ffb5c660000 - 0x00007ffb5c6c9000 	C:\WINDOWS\system32\mswsock.dll
0x00007ffb41420000 - 0x00007ffb41436000 	C:\Program Files\Java\jdk-21\bin\nio.dll
0x00007ffb3c7e0000 - 0x00007ffb3c7f8000 	C:\Program Files\Java\jdk-21\bin\zip.dll
0x00007ffb59fe0000 - 0x00007ffb59ffa000 	C:\Program Files\JetBrains\IntelliJ IDEA 2023.3.3\bin\breakgen64.dll
0x00000150508b0000 - 0x00000150508b3000 	C:\Users\ezra\.openjfx\cache\21+31\amd64\api-ms-win-core-console-l1-1-0.dll
0x00000150508c0000 - 0x00000150508c3000 	C:\Users\ezra\.openjfx\cache\21+31\amd64\api-ms-win-core-console-l1-2-0.dll
0x00000150508d0000 - 0x00000150508d3000 	C:\Users\ezra\.openjfx\cache\21+31\amd64\api-ms-win-core-datetime-l1-1-0.dll
0x00000150508e0000 - 0x00000150508e3000 	C:\Users\ezra\.openjfx\cache\21+31\amd64\api-ms-win-core-debug-l1-1-0.dll
0x00000150508f0000 - 0x00000150508f3000 	C:\Users\ezra\.openjfx\cache\21+31\amd64\api-ms-win-core-errorhandling-l1-1-0.dll
0x0000015050900000 - 0x0000015050904000 	C:\Users\ezra\.openjfx\cache\21+31\amd64\api-ms-win-core-file-l1-1-0.dll
0x0000015050910000 - 0x0000015050913000 	C:\Users\ezra\.openjfx\cache\21+31\amd64\api-ms-win-core-file-l1-2-0.dll
0x0000015050920000 - 0x0000015050923000 	C:\Users\ezra\.openjfx\cache\21+31\amd64\api-ms-win-core-file-l2-1-0.dll
0x0000015050930000 - 0x0000015050933000 	C:\Users\ezra\.openjfx\cache\21+31\amd64\api-ms-win-core-handle-l1-1-0.dll
0x0000015050940000 - 0x0000015050943000 	C:\Users\ezra\.openjfx\cache\21+31\amd64\api-ms-win-core-heap-l1-1-0.dll
0x0000015050950000 - 0x0000015050953000 	C:\Users\ezra\.openjfx\cache\21+31\amd64\api-ms-win-core-interlocked-l1-1-0.dll
0x0000015050960000 - 0x0000015050963000 	C:\Users\ezra\.openjfx\cache\21+31\amd64\api-ms-win-core-libraryloader-l1-1-0.dll
0x0000015050970000 - 0x0000015050973000 	C:\Users\ezra\.openjfx\cache\21+31\amd64\api-ms-win-core-localization-l1-2-0.dll
0x0000015050980000 - 0x0000015050983000 	C:\Users\ezra\.openjfx\cache\21+31\amd64\api-ms-win-core-memory-l1-1-0.dll
0x0000015050990000 - 0x0000015050993000 	C:\Users\ezra\.openjfx\cache\21+31\amd64\api-ms-win-core-namedpipe-l1-1-0.dll
0x00000150509a0000 - 0x00000150509a3000 	C:\Users\ezra\.openjfx\cache\21+31\amd64\api-ms-win-core-processenvironment-l1-1-0.dll
0x00000150509b0000 - 0x00000150509b3000 	C:\Users\ezra\.openjfx\cache\21+31\amd64\api-ms-win-core-processthreads-l1-1-0.dll
0x00000150509c0000 - 0x00000150509c3000 	C:\Users\ezra\.openjfx\cache\21+31\amd64\api-ms-win-core-processthreads-l1-1-1.dll
0x00000150509d0000 - 0x00000150509d3000 	C:\Users\ezra\.openjfx\cache\21+31\amd64\api-ms-win-core-profile-l1-1-0.dll
0x00000150509e0000 - 0x00000150509e3000 	C:\Users\ezra\.openjfx\cache\21+31\amd64\api-ms-win-core-rtlsupport-l1-1-0.dll
0x00000150509f0000 - 0x00000150509f3000 	C:\Users\ezra\.openjfx\cache\21+31\amd64\api-ms-win-core-string-l1-1-0.dll
0x0000015050a00000 - 0x0000015050a03000 	C:\Users\ezra\.openjfx\cache\21+31\amd64\api-ms-win-core-synch-l1-1-0.dll
0x0000015050a10000 - 0x0000015050a13000 	C:\Users\ezra\.openjfx\cache\21+31\amd64\api-ms-win-core-synch-l1-2-0.dll
0x0000015050a20000 - 0x0000015050a23000 	C:\Users\ezra\.openjfx\cache\21+31\amd64\api-ms-win-core-sysinfo-l1-1-0.dll
0x0000015050a30000 - 0x0000015050a33000 	C:\Users\ezra\.openjfx\cache\21+31\amd64\api-ms-win-core-timezone-l1-1-0.dll
0x0000015050a40000 - 0x0000015050a43000 	C:\Users\ezra\.openjfx\cache\21+31\amd64\api-ms-win-core-util-l1-1-0.dll
0x0000015050a50000 - 0x0000015050a53000 	C:\Users\ezra\.openjfx\cache\21+31\amd64\api-ms-win-crt-conio-l1-1-0.dll
0x0000015050a60000 - 0x0000015050a64000 	C:\Users\ezra\.openjfx\cache\21+31\amd64\api-ms-win-crt-convert-l1-1-0.dll
0x0000015050a70000 - 0x0000015050a73000 	C:\Users\ezra\.openjfx\cache\21+31\amd64\api-ms-win-crt-environment-l1-1-0.dll
0x0000015050a80000 - 0x0000015050a83000 	C:\Users\ezra\.openjfx\cache\21+31\amd64\api-ms-win-crt-filesystem-l1-1-0.dll
0x0000015050a90000 - 0x0000015050a93000 	C:\Users\ezra\.openjfx\cache\21+31\amd64\api-ms-win-crt-heap-l1-1-0.dll
0x0000015050ac0000 - 0x0000015050ac3000 	C:\Users\ezra\.openjfx\cache\21+31\amd64\api-ms-win-crt-locale-l1-1-0.dll
0x0000015050aa0000 - 0x0000015050aa5000 	C:\Users\ezra\.openjfx\cache\21+31\amd64\api-ms-win-crt-math-l1-1-0.dll
0x0000015050ab0000 - 0x0000015050ab5000 	C:\Users\ezra\.openjfx\cache\21+31\amd64\api-ms-win-crt-multibyte-l1-1-0.dll
0x0000015050af0000 - 0x0000015050b00000 	C:\Users\ezra\.openjfx\cache\21+31\amd64\api-ms-win-crt-private-l1-1-0.dll
0x0000015050ad0000 - 0x0000015050ad3000 	C:\Users\ezra\.openjfx\cache\21+31\amd64\api-ms-win-crt-process-l1-1-0.dll
0x0000015050ae0000 - 0x0000015050ae4000 	C:\Users\ezra\.openjfx\cache\21+31\amd64\api-ms-win-crt-runtime-l1-1-0.dll
0x0000015050b00000 - 0x0000015050b04000 	C:\Users\ezra\.openjfx\cache\21+31\amd64\api-ms-win-crt-stdio-l1-1-0.dll
0x0000015050b10000 - 0x0000015050b14000 	C:\Users\ezra\.openjfx\cache\21+31\amd64\api-ms-win-crt-string-l1-1-0.dll
0x0000015050b20000 - 0x0000015050b23000 	C:\Users\ezra\.openjfx\cache\21+31\amd64\api-ms-win-crt-time-l1-1-0.dll
0x0000015050b30000 - 0x0000015050b33000 	C:\Users\ezra\.openjfx\cache\21+31\amd64\api-ms-win-crt-utility-l1-1-0.dll
0x00007ffb2add0000 - 0x00007ffb2aecc000 	C:\Users\ezra\.openjfx\cache\21+31\amd64\ucrtbase.dll
0x00007ffb59f00000 - 0x00007ffb59f1b000 	C:\Users\ezra\.openjfx\cache\21+31\amd64\vcruntime140.dll
0x00007ffb59ef0000 - 0x00007ffb59efc000 	C:\Users\ezra\.openjfx\cache\21+31\amd64\vcruntime140_1.dll
0x00007ffb59e60000 - 0x00007ffb59eee000 	C:\Users\ezra\.openjfx\cache\21+31\amd64\msvcp140.dll
0x00007ffb5edd0000 - 0x00007ffb5ef75000 	C:\WINDOWS\System32\ole32.dll
0x00007ffb59900000 - 0x00007ffb59909000 	C:\Users\ezra\.openjfx\cache\21+31\amd64\msvcp140_1.dll
0x00007ffb57b20000 - 0x00007ffb57b4f000 	C:\Users\ezra\.openjfx\cache\21+31\amd64\msvcp140_2.dll
0x00007ffb2ada0000 - 0x00007ffb2adcf000 	C:\Users\ezra\.openjfx\cache\21+31\amd64\prism_d3d.dll
0x00007ffb0f020000 - 0x00007ffb0f1c9000 	C:\WINDOWS\system32\d3d9.dll
0x00007ffb5a610000 - 0x00007ffb5a63b000 	C:\WINDOWS\SYSTEM32\dwmapi.dll
0x00007ffb5a2e0000 - 0x00007ffb5a319000 	C:\WINDOWS\SYSTEM32\dxcore.dll
0x00007ffb5a200000 - 0x00007ffb5a2ab000 	C:\WINDOWS\system32\uxtheme.dll
0x00007ffb54860000 - 0x00007ffb54a1b000 	C:\WINDOWS\System32\DriverStore\FileRepository\u0395561.inf_amd64_44c8a302e7c98b63\B395243\aticfx64.dll
0x00007ffb4b010000 - 0x00007ffb4b044000 	C:\WINDOWS\System32\DriverStore\FileRepository\u0395561.inf_amd64_44c8a302e7c98b63\B395243\atiu9p64.dll
0x00007ffb0a9f0000 - 0x00007ffb0b745000 	C:\WINDOWS\System32\DriverStore\FileRepository\u0395561.inf_amd64_44c8a302e7c98b63\B395243\atiumd64.dll
0x0000000062770000 - 0x0000000063682000 	C:\WINDOWS\System32\DriverStore\FileRepository\u0395561.inf_amd64_44c8a302e7c98b63\B395243\atiumd6a.dll
0x00007ffb5e390000 - 0x00007ffb5e804000 	C:\WINDOWS\System32\SETUPAPI.dll
0x00007ffb52530000 - 0x00007ffb52565000 	C:\WINDOWS\SYSTEM32\amdihk64.dll
0x00007ffb57bb0000 - 0x00007ffb57bfa000 	C:\WINDOWS\SYSTEM32\directxdatabasehelper.dll
0x00007ffb2ad50000 - 0x00007ffb2ad92000 	C:\Users\ezra\.openjfx\cache\21+31\amd64\glass.dll
0x00007ffb5fcc0000 - 0x00007ffb5fdb7000 	C:\WINDOWS\System32\COMDLG32.dll
0x00007ffb5fb60000 - 0x00007ffb5fcb3000 	C:\WINDOWS\System32\MSCTF.dll
0x00007ffb57f10000 - 0x00007ffb57f24000 	C:\Users\ezra\.openjfx\cache\21+31\amd64\javafx_font.dll
0x00007ffb58e30000 - 0x00007ffb590a4000 	C:\WINDOWS\SYSTEM32\dwrite.dll
0x00007ffb5e9b0000 - 0x00007ffb5ea60000 	C:\WINDOWS\System32\clbcatq.dll
0x00007ffb58a20000 - 0x00007ffb58bd0000 	C:\WINDOWS\SYSTEM32\WindowsCodecs.dll
0x00007ffb38eb0000 - 0x00007ffb38f0e000 	C:\WINDOWS\system32\dataexchange.dll
0x00007ffb55ef0000 - 0x00007ffb5617b000 	C:\WINDOWS\system32\twinapi.appcore.dll
0x00007ffb4b360000 - 0x00007ffb4b392000 	C:\Program Files\Common Files\Microsoft Shared\Ink\rtscom.dll
0x00007ffb3c660000 - 0x00007ffb3c7ab000 	C:\WINDOWS\SYSTEM32\textinputframework.dll
0x00007ffb59d20000 - 0x00007ffb59e53000 	C:\WINDOWS\SYSTEM32\CoreMessaging.dll
0x00007ffb57520000 - 0x00007ffb5788c000 	C:\WINDOWS\SYSTEM32\CoreUIComponents.dll
0x00007ffb5c8e0000 - 0x00007ffb5c8ec000 	C:\WINDOWS\SYSTEM32\CRYPTBASE.DLL
0x00007ffb590b0000 - 0x00007ffb5969e000 	C:\WINDOWS\SYSTEM32\d2d1.dll
0x00007ffb58bd0000 - 0x00007ffb58e27000 	C:\WINDOWS\SYSTEM32\d3d11.dll
0x00007ffb5a320000 - 0x00007ffb5a417000 	C:\WINDOWS\SYSTEM32\dxgi.dll
0x00007ffb56890000 - 0x00007ffb56fa1000 	C:\WINDOWS\SYSTEM32\D3D10Warp.dll
0x00007ffb2ad20000 - 0x00007ffb2ad4d000 	C:\Users\ezra\.openjfx\cache\21+31\amd64\javafx_iio.dll

dbghelp: loaded successfully - version: 4.0.5 - missing functions: none
symbol engine: initialized successfully - sym options: 0x614 - pdb path: .;C:\Program Files\Java\jdk-21\bin;C:\WINDOWS\SYSTEM32;C:\WINDOWS\WinSxS\amd64_microsoft.windows.common-controls_6595b64144ccf1df_6.0.22621.3527_none_270e469b73872a76;C:\Program Files\Java\jdk-21\bin\server;C:\Program Files\JetBrains\IntelliJ IDEA 2023.3.3\bin;C:\Users\ezra\.openjfx\cache\21+31\amd64;C:\WINDOWS\System32\DriverStore\FileRepository\u0395561.inf_amd64_44c8a302e7c98b63\B395243;C:\Program Files\Common Files\Microsoft Shared\Ink;C:\Users\ezra\AppData\Local\Temp

VM Arguments:
jvm_args: -javaagent:C:\Program Files\JetBrains\IntelliJ IDEA 2023.3.3\lib\idea_rt.jar=65180:C:\Program Files\JetBrains\IntelliJ IDEA 2023.3.3\bin -Dfile.encoding=UTF-8 -Dsun.stdout.encoding=UTF-8 -Dsun.stderr.encoding=UTF-8 --module-path=C:\Users\ezra\.m2\repository\com\github\almasb\fxgl-scene\17.3\fxgl-scene-17.3.jar;C:\Users\ezra\.m2\repository\com\github\almasb\fxgl-core\17.3\fxgl-core-17.3.jar;C:\Users\ezra\.m2\repository\com\github\almasb\fxgl\17.3\fxgl-17.3.jar;E:\SEMESTER 4\RPLBO\FIX_BANGET\target\classes;C:\Users\ezra\.m2\repository\com\dlsc\formsfx\formsfx-core\11.6.0\formsfx-core-11.6.0.jar;C:\Users\ezra\.m2\repository\org\kordamp\ikonli\ikonli-javafx\12.3.1\ikonli-javafx-12.3.1.jar;C:\Users\ezra\.m2\repository\com\gluonhq\attach\audio\4.0.17\audio-4.0.17.jar;C:\Users\ezra\.m2\repository\com\gluonhq\attach\lifecycle\4.0.17\lifecycle-4.0.17.jar;C:\Users\ezra\.m2\repository\eu\hansolo\tilesfx\11.48\tilesfx-11.48.jar;C:\Users\ezra\.m2\repository\org\openjfx\javafx-base\21\javafx-base-21-win.jar;C:\Users\ezra\.m2\repository\org\controlsfx\controlsfx\11.1.2\controlsfx-11.1.2.jar;C:\Users\ezra\.m2\repository\org\kordamp\ikonli\ikonli-core\12.3.1\ikonli-core-12.3.1.jar;C:\Users\ezra\.m2\repository\net\synedra\validatorfx\0.4.0\validatorfx-0.4.0.jar;C:\Users\ezra\.m2\repository\org\openjfx\javafx-fxml\21\javafx-fxml-21-win.jar;C:\Users\ezra\.m2\repository\com\fasterxml\jackson\core\jackson-core\2.14.2\jackson-core-2.14.2.jar;C:\Users\ezra\.m2\repository\com\fasterxml\jackson\core\jackson-databind\2.14.2\jackson-databind-2.14.2.jar;C:\Users\ezra\.m2\repository\org\kordamp\bootstrapfx\bootstrapfx-core\0.4.0\bootstrapfx-core-0.4.0.jar;C:\Users\ezra\.m2\repository\org\openjfx\javafx-media\21\javafx-media-21-win.jar;C:\Users\ezra\.m2\repository\com\github\almasb\fxgl-gameplay\17.3\fxgl-gameplay-17.3.jar;C:\Users\ezra\.m2\repository\com\github\almasb\fxgl-io\17.3\fxgl-io-17.3.jar;C:\Users\ezra\.m2\repository\com\fasterxml\jackson\core\jackson-annotations\2.14.2\jackson-annotations-2.14.2.jar;C:\Users\ezra\.m2\repository\com\github\almasb\fxgl-entity\17.3\fxgl-entity-17.3.jar;C:\Users\ezra\.m2\repository\com\gluonhq\attach\storage\4.0.17\storage-4.0.17.jar;C:\Users\ezra\.m2\repository\org-Djdk.module.main=org.example.fix_banget 
java_command: org.example.fix_banget/org.example.fix_banget.HelloApplication
java_class_path (initial): C:\Users\ezra\.m2\repository\org\xerial\sqlite-jdbc\3.36.0.3\sqlite-jdbc-3.36.0.3.jar;C:\Users\ezra\.m2\repository\org\openjfx\javafx-controls\21\javafx-controls-21.jar;C:\Users\ezra\.m2\repository\org\openjfx\javafx-graphics\21\javafx-graphics-21.jar;C:\Users\ezra\.m2\repository\org\openjfx\javafx-base\21\javafx-base-21.jar;C:\Users\ezra\.m2\repository\org\openjfx\javafx-fxml\21\javafx-fxml-21.jar;C:\Users\ezra\.m2\repository\org\openjfx\javafx-web\21\javafx-web-21.jar;C:\Users\ezra\.m2\repository\org\openjfx\javafx-swing\21\javafx-swing-21.jar;C:\Users\ezra\.m2\repository\org\openjfx\javafx-swing\21\javafx-swing-21-win.jar;C:\Users\ezra\.m2\repository\org\openjfx\javafx-media\21\javafx-media-21.jar;C:\Users\ezra\.m2\repository\org\jetbrains\kotlin\kotlin-stdlib-common\1.8.10\kotlin-stdlib-common-1.8.10.jar;C:\Users\ezra\.m2\repository\org\jetbrains\annotations\13.0\annotations-13.0.jar
Launcher Type: SUN_STANDARD

[Global flags]
     intx CICompilerCount                          = 3                                         {product} {ergonomic}
     uint ConcGCThreads                            = 1                                         {product} {ergonomic}
     uint G1ConcRefinementThreads                  = 4                                         {product} {ergonomic}
   size_t G1HeapRegionSize                         = 1048576                                   {product} {ergonomic}
    uintx GCDrainStackTargetSize                   = 64                                        {product} {ergonomic}
   size_t InitialHeapSize                          = 58720256                                  {product} {ergonomic}
   size_t MarkStackSize                            = 4194304                                   {product} {ergonomic}
   size_t MaxHeapSize                              = 908066816                                 {product} {ergonomic}
   size_t MaxNewSize                               = 544210944                                 {product} {ergonomic}
   size_t MinHeapDeltaBytes                        = 1048576                                   {product} {ergonomic}
   size_t MinHeapSize                              = 8388608                                   {product} {ergonomic}
    uintx NonNMethodCodeHeapSize                   = 5832780                                {pd product} {ergonomic}
    uintx NonProfiledCodeHeapSize                  = 122912730                              {pd product} {ergonomic}
    uintx ProfiledCodeHeapSize                     = 122912730                              {pd product} {ergonomic}
    uintx ReservedCodeCacheSize                    = 251658240                              {pd product} {ergonomic}
     bool SegmentedCodeCache                       = true                                      {product} {ergonomic}
   size_t SoftMaxHeapSize                          = 908066816                              {manageable} {ergonomic}
     bool UseCompressedOops                        = true                           {product lp64_product} {ergonomic}
     bool UseG1GC                                  = true                                      {product} {ergonomic}
     bool UseLargePagesIndividualAllocation        = false                                  {pd product} {ergonomic}

Logging:
Log output configuration:
 #0: stdout all=warning uptime,level,tags foldmultilines=false
 #1: stderr all=off uptime,level,tags foldmultilines=false

Environment Variables:
PATH=C:\Program Files\Common Files\Oracle\Java\javapath;C:\Program Files (x86)\Common Files\Oracle\Java\javapath;C:\Program Files (x86)\Common Files\Intel\Shared Files\cpp\bin\Intel64;C:\WINDOWS\system32;C:\WINDOWS;C:\WINDOWS\System32\Wbem;C:\WINDOWS\System32\WindowsPowerShell\v1.0\;C:\WINDOWS\System32\OpenSSH\;C:\Program Files\PuTTY\;C:\Program Files\Git\cmd;D:\apache-maven-3.9.6-bin\apache-maven-3.9.6\bin;C:\Program Files\nodejs\;C:\Users\ezra\AppData\Local\Programs\Python\Python312\Scripts\;C:\Users\ezra\AppData\Local\Programs\Python\Python312\;C:\Program Files (x86)\Common Files\Oracle\Java\javapath;C:\Program Files (x86)\Common Files\Intel\Shared Files\cpp\bin\Intel64;C:\WINDOWS\system32;C:\WINDOWS;C:\WINDOWS\System32\Wbem;C:\WINDOWS\System32\WindowsPowerShell\v1.0\;C:\WINDOWS\System32\OpenSSH\;C:\Program Files\Git\cmd;C:\Program Files\PuTTY\;C:\Users\ezra\AppData\Local\Programs\Python\Python311\Scripts\;C:\Users\ezra\AppData\Local\Programs\Python\Python311\;C:\Users\ezra\AppData\Local\Microsoft\WindowsApps;D:\Microsoft VS Code\bin;D:\FLUTER\flutter_windows_3.7.8-stable\flutter\bin;C:\Exercism;C:\Users\ezra\Videos;C:\Users\ezra\AppData\Local\GitHubDesktop\bin;C:\Python27\Scripts;;C:\Program Files\JetBrains\IntelliJ IDEA 2023.3.3\bin;;C:\Users\ezra\AppData\Roaming\npm
USERNAME=ezra
OS=Windows_NT
PROCESSOR_IDENTIFIER=AMD64 Family 23 Model 24 Stepping 1, AuthenticAMD
TMP=C:\Users\ezra\AppData\Local\Temp
TEMP=C:\Users\ezra\AppData\Local\Temp




Periodic native trim disabled

---------------  S Y S T E M  ---------------

OS:
 Windows 11 , 64 bit Build 22621 (10.0.22621.3527)
OS uptime: 3 days 0:35 hours

CPU: total 4 (initial active 4) (4 cores per cpu, 2 threads per core) family 23 model 24 stepping 1 microcode 0x0, cx8, cmov, fxsr, ht, mmx, 3dnowpref, sse, sse2, sse3, ssse3, sse4a, sse4.1, sse4.2, popcnt, lzcnt, tsc, tscinvbit, avx, avx2, aes, clmul, bmi1, bmi2, adx, sha, fma, vzeroupper, clflush, clflushopt, rdtscp, f16c
Processor Information for all 4 processors :
  Max Mhz: 2600, Current Mhz: 2600, Mhz Limit: 2600

Memory: 4k page, system-wide physical 3460M (518M free)
TotalPageFile size 14212M (AvailPageFile size 9M)
current process WorkingSet (physical memory assigned to process): 478M, peak: 484M
current process commit charge ("private bytes"): 614M, peak: 619M

vm_info: Java HotSpot(TM) 64-Bit Server VM (21.0.2+13-LTS-58) for windows-amd64 JRE (21.0.2+13-LTS-58), built on 2024-01-05T18:32:24Z by "mach5one" with MS VC++ 17.1 (VS2022)

END.
