#
# There is insufficient memory for the Java Runtime Environment to continue.
# Native memory allocation (malloc) failed to allocate 786208 bytes for Chunk::new
# Possible reasons:
#   The system is out of physical RAM or swap space
#   The process is running with CompressedOops enabled, and the Java Heap may be blocking the growth of the native heap
# Possible solutions:
#   Reduce memory load on the system
#   Increase physical memory or swap space
#   Check if swap backing store is full
#   Decrease Java heap size (-Xmx/-Xms)
#   Decrease number of Java threads
#   Decrease Java thread stack sizes (-Xss)
#   Set larger code cache with -XX:ReservedCodeCacheSize=
#   JVM is running with Unscaled Compressed Oops mode in which the Java heap is
#     placed in the first 4GB address space. The Java Heap base address is the
#     maximum limit for the native heap growth. Please use -XX:HeapBaseMinAddress
#     to set the Java Heap base and to place the Java Heap above 4GB virtual address.
# This output file may be truncated or incomplete.
#
#  Out of Memory Error (arena.cpp:168), pid=25120, tid=23088
#
# JRE version: Java(TM) SE Runtime Environment (21.0.2+13) (build 21.0.2+13-LTS-58)
# Java VM: Java HotSpot(TM) 64-Bit Server VM (21.0.2+13-LTS-58, mixed mode, sharing, tiered, compressed oops, compressed class ptrs, g1 gc, windows-amd64)
# No core dump will be written. Minidumps are not enabled by default on client versions of Windows
#

---------------  S U M M A R Y ------------

Command Line: -javaagent:C:\Program Files\JetBrains\IntelliJ IDEA 2023.3.3\lib\idea_rt.jar=65173:C:\Program Files\JetBrains\IntelliJ IDEA 2023.3.3\bin -Dfile.encoding=UTF-8 -Dsun.stdout.encoding=UTF-8 -Dsun.stderr.encoding=UTF-8 --module-path=C:\Users\ezra\.m2\repository\com\github\almasb\fxgl-scene\17.3\fxgl-scene-17.3.jar;C:\Users\ezra\.m2\repository\com\github\almasb\fxgl-core\17.3\fxgl-core-17.3.jar;C:\Users\ezra\.m2\repository\com\github\almasb\fxgl\17.3\fxgl-17.3.jar;E:\SEMESTER 4\RPLBO\FIX_BANGET\target\classes;C:\Users\ezra\.m2\repository\com\dlsc\formsfx\formsfx-core\11.6.0\formsfx-core-11.6.0.jar;C:\Users\ezra\.m2\repository\org\kordamp\ikonli\ikonli-javafx\12.3.1\ikonli-javafx-12.3.1.jar;C:\Users\ezra\.m2\repository\com\gluonhq\attach\audio\4.0.17\audio-4.0.17.jar;C:\Users\ezra\.m2\repository\com\gluonhq\attach\lifecycle\4.0.17\lifecycle-4.0.17.jar;C:\Users\ezra\.m2\repository\eu\hansolo\tilesfx\11.48\tilesfx-11.48.jar;C:\Users\ezra\.m2\repository\org\openjfx\javafx-base\21\javafx-base-21-win.jar;C:\Users\ezra\.m2\repository\org\controlsfx\controlsfx\11.1.2\controlsfx-11.1.2.jar;C:\Users\ezra\.m2\repository\org\kordamp\ikonli\ikonli-core\12.3.1\ikonli-core-12.3.1.jar;C:\Users\ezra\.m2\repository\net\synedra\validatorfx\0.4.0\validatorfx-0.4.0.jar;C:\Users\ezra\.m2\repository\org\openjfx\javafx-fxml\21\javafx-fxml-21-win.jar;C:\Users\ezra\.m2\repository\com\fasterxml\jackson\core\jackson-core\2.14.2\jackson-core-2.14.2.jar;C:\Users\ezra\.m2\repository\com\fasterxml\jackson\core\jackson-databind\2.14.2\jackson-databind-2.14.2.jar;C:\Users\ezra\.m2\repository\org\kordamp\bootstrapfx\bootstrapfx-core\0.4.0\bootstrapfx-core-0.4.0.jar;C:\Users\ezra\.m2\repository\org\openjfx\javafx-media\21\javafx-media-21-win.jar;C:\Users\ezra\.m2\repository\com\github\almasb\fxgl-gameplay\17.3\fxgl-gameplay-17.3.jar;C:\Users\ezra\.m2\repository\com\github\almasb\fxgl-io\17.3\fxgl-io-17.3.jar;C:\Users\ezra\.m2\repository\com\fasterxml\jackson\core\jackson-annotations\2.14.2\jackson-annotations-2.14.2.jar;C:\Users\ezra\.m2\repository\com\github\almasb\fxgl-entity\17.3\fxgl-entity-17.3.jar;C:\Users\ezra\.m2\repository\com\gluonhq\attach\storage\4.0.17\storage-4.0.17.jar;C:\Users\ezra\.m2\repository\org-Djdk.module.main=org.example.fix_banget org.example.fix_banget/org.example.fix_banget.HelloApplication

Host: AMD Ryzen 3 3250U with Radeon Graphics         , 4 cores, 3G,  Windows 11 , 64 bit Build 22621 (10.0.22621.3527)
Time: Mon May 27 12:42:48 2024 SE Asia Standard Time elapsed time: 19.257239 seconds (0d 0h 0m 19s)

---------------  T H R E A D  ---------------

Current thread (0x0000029754f0a7d0):  JavaThread "C2 CompilerThread0" daemon [_thread_in_native, id=23088, stack(0x000000d524300000,0x000000d524400000) (1024K)]


Current CompileTask:
C2:  19257 3720       4       javafx.scene.CssStyleHelper::resolveRef (134 bytes)

Stack: [0x000000d524300000,0x000000d524400000]
Native frames: (J=compiled Java code, j=interpreted, Vv=VM code, C=native code)
V  [jvm.dll+0x6cade9]
V  [jvm.dll+0x8569c1]
V  [jvm.dll+0x858d2e]
V  [jvm.dll+0x859413]
V  [jvm.dll+0x280e56]
V  [jvm.dll+0xc3f3d]
V  [jvm.dll+0xc4473]
V  [jvm.dll+0x3b5c2c]
V  [jvm.dll+0x382855]
V  [jvm.dll+0x381cca]
V  [jvm.dll+0x249bd0]
V  [jvm.dll+0x2491b1]
V  [jvm.dll+0x1c9634]
V  [jvm.dll+0x258859]
V  [jvm.dll+0x256e3a]
V  [jvm.dll+0x3ef6c6]
V  [jvm.dll+0x7ff568]
V  [jvm.dll+0x6c953d]
C  [ucrtbase.dll+0x29333]
C  [KERNEL32.DLL+0x1257d]
C  [ntdll.dll+0x5aa48]


---------------  P R O C E S S  ---------------

Threads class SMR info:
_java_thread_list=0x000002979ac654a0, length=20, elements={
0x000002973a52ac40, 0x0000029754efe9e0, 0x0000029754eff900, 0x0000029754f03800,
0x0000029754f04460, 0x0000029754f08fe0, 0x0000029754f09a40, 0x0000029754f0a7d0,
0x0000029754f0d280, 0x000002979a13ebf0, 0x000002979a55c290, 0x000002979a55df10,
0x000002979a7afde0, 0x000002979a874670, 0x000002979a87ad10, 0x000002979b68b230,
0x000002979b7fb5f0, 0x000002979b81e290, 0x000002979b8a1a20, 0x00000297a5726c60
}

Java Threads: ( => current thread )
  0x000002973a52ac40 JavaThread "main"                              [_thread_blocked, id=8284, stack(0x000000d523500000,0x000000d523600000) (1024K)]
  0x0000029754efe9e0 JavaThread "Reference Handler"          daemon [_thread_blocked, id=26132, stack(0x000000d523d00000,0x000000d523e00000) (1024K)]
  0x0000029754eff900 JavaThread "Finalizer"                  daemon [_thread_blocked, id=26208, stack(0x000000d523e00000,0x000000d523f00000) (1024K)]
  0x0000029754f03800 JavaThread "Signal Dispatcher"          daemon [_thread_blocked, id=14368, stack(0x000000d523f00000,0x000000d524000000) (1024K)]
  0x0000029754f04460 JavaThread "Attach Listener"            daemon [_thread_blocked, id=17528, stack(0x000000d524000000,0x000000d524100000) (1024K)]
  0x0000029754f08fe0 JavaThread "Service Thread"             daemon [_thread_blocked, id=17292, stack(0x000000d524100000,0x000000d524200000) (1024K)]
  0x0000029754f09a40 JavaThread "Monitor Deflation Thread"   daemon [_thread_blocked, id=23624, stack(0x000000d524200000,0x000000d524300000) (1024K)]
=>0x0000029754f0a7d0 JavaThread "C2 CompilerThread0"         daemon [_thread_in_native, id=23088, stack(0x000000d524300000,0x000000d524400000) (1024K)]
  0x0000029754f0d280 JavaThread "C1 CompilerThread0"         daemon [_thread_blocked, id=3676, stack(0x000000d524400000,0x000000d524500000) (1024K)]
  0x000002979a13ebf0 JavaThread "Common-Cleaner"             daemon [_thread_blocked, id=13512, stack(0x000000d524500000,0x000000d524600000) (1024K)]
  0x000002979a55c290 JavaThread "Monitor Ctrl-Break"         daemon [_thread_in_native, id=444, stack(0x000000d524600000,0x000000d524700000) (1024K)]
  0x000002979a55df10 JavaThread "Notification Thread"        daemon [_thread_blocked, id=24668, stack(0x000000d524700000,0x000000d524800000) (1024K)]
  0x000002979a7afde0 JavaThread "QuantumRenderer-0"          daemon [_thread_blocked, id=17692, stack(0x000000d524b00000,0x000000d524c00000) (1024K)]
  0x000002979a874670 JavaThread "InvokeLaterDispatcher"      daemon [_thread_blocked, id=7224, stack(0x000000d524f00000,0x000000d525000000) (1024K)]
  0x000002979a87ad10 JavaThread "JavaFX Application Thread"         [_thread_in_native, id=3608, stack(0x000000d525000000,0x000000d525100000) (1024K)]
  0x000002979b68b230 JavaThread "Thread-1"                   daemon [_thread_in_native, id=25468, stack(0x000000d525500000,0x000000d525600000) (1024K)]
  0x000002979b7fb5f0 JavaThread "JavaFX-Launcher"                   [_thread_blocked, id=16964, stack(0x000000d525600000,0x000000d525700000) (1024K)]
  0x000002979b81e290 JavaThread "Prism Font Disposer"        daemon [_thread_blocked, id=24608, stack(0x000000d525700000,0x000000d525800000) (1024K)]
  0x000002979b8a1a20 JavaThread "Cleaner-0"                  daemon [_thread_blocked, id=13132, stack(0x000000d525900000,0x000000d525a00000) (1024K)]
  0x00000297a5726c60 JavaThread "C2 CompilerThread1"         daemon [_thread_in_native, id=23768, stack(0x000000d525d00000,0x000000d525e00000) (1024K)]
Total: 20

Other Threads:
  0x000002973a5e7450 VMThread "VM Thread"                           [id=5536, stack(0x000000d523c00000,0x000000d523d00000) (1024K)]
  0x0000029754eed4d0 WatcherThread "VM Periodic Task Thread"        [id=3876, stack(0x000000d523b00000,0x000000d523c00000) (1024K)]
  0x000002973a5604f0 WorkerThread "GC Thread#0"                     [id=2740, stack(0x000000d523600000,0x000000d523700000) (1024K)]
  0x000002979a388a50 WorkerThread "GC Thread#1"                     [id=15936, stack(0x000000d524800000,0x000000d524900000) (1024K)]
  0x000002979a5384f0 WorkerThread "GC Thread#2"                     [id=11012, stack(0x000000d524900000,0x000000d524a00000) (1024K)]
  0x000002979a538890 WorkerThread "GC Thread#3"                     [id=14704, stack(0x000000d524a00000,0x000000d524b00000) (1024K)]
  0x000002973a568110 ConcurrentGCThread "G1 Main Marker"            [id=15668, stack(0x000000d523700000,0x000000d523800000) (1024K)]
  0x000002973a568c10 WorkerThread "G1 Conc#0"                       [id=21040, stack(0x000000d523800000,0x000000d523900000) (1024K)]
  0x000002973a5bbd80 ConcurrentGCThread "G1 Refine#0"               [id=21896, stack(0x000000d523900000,0x000000d523a00000) (1024K)]
  0x000002973a5bc8f0 ConcurrentGCThread "G1 Service"                [id=23020, stack(0x000000d523a00000,0x000000d523b00000) (1024K)]
Total: 10

Threads with active compile tasks:
C2 CompilerThread0    19329 3720       4       javafx.scene.CssStyleHelper::resolveRef (134 bytes)
C2 CompilerThread1    19330 3786       4       javafx.css.CompoundSelector::applies (144 bytes)
Total: 2

VM state: not at safepoint (normal execution)

VM Mutex/Monitor currently owned by a thread: None

Heap address: 0x00000000c9e00000, size: 866 MB, Compressed Oops mode: 32-bit

CDS archive(s) mapped at: [0x0000029755000000-0x0000029755c90000-0x0000029755c90000), size 13172736, SharedBaseAddress: 0x0000029755000000, ArchiveRelocationMode: 1.
Compressed class space mapped at: 0x0000029756000000-0x0000029796000000, reserved size: 1073741824
Narrow klass base: 0x0000029755000000, Narrow klass shift: 0, Narrow klass range: 0x100000000

GC Precious Log:
 CardTable entry size: 512
 Card Set container configuration: InlinePtr #cards 5 size 8 Array Of Cards #cards 12 size 40 Howl #buckets 4 coarsen threshold 1843 Howl Bitmap #cards 512 size 80 coarsen threshold 460 Card regions per heap region 1 cards per card region 2048
 CPUs: 4 total, 4 available
 Memory: 3460M
 Large Page Support: Disabled
 NUMA Support: Disabled
 Compressed Oops: Enabled (32-bit)
 Heap Region Size: 1M
 Heap Min Capacity: 8M
 Heap Initial Capacity: 56M
 Heap Max Capacity: 866M
 Pre-touch: Disabled
 Parallel Workers: 4
 Concurrent Workers: 1
 Concurrent Refinement Workers: 4
 Periodic GC: Disabled

Heap:
 garbage-first heap   total 179200K, used 155697K [0x00000000c9e00000, 0x0000000100000000)
  region size 1024K, 15 young (15360K), 3 survivors (3072K)
 Metaspace       used 20939K, committed 21312K, reserved 1114112K
  class space    used 3126K, committed 3328K, reserved 1048576K

Heap Regions: E=young(eden), S=young(survivor), O=old, HS=humongous(starts), HC=humongous(continues), CS=collection set, F=free, TAMS=top-at-mark-start, PB=parsable bottom
|   0|0x00000000c9e00000, 0x00000000c9f00000, 0x00000000c9f00000|100%| O|  |TAMS 0x00000000c9e00000| PB 0x00000000c9e00000| Untracked 
|   1|0x00000000c9f00000, 0x00000000ca000000, 0x00000000ca000000|100%|HS|  |TAMS 0x00000000c9f00000| PB 0x00000000c9f00000| Complete 
|   2|0x00000000ca000000, 0x00000000ca100000, 0x00000000ca100000|100%|HC|  |TAMS 0x00000000ca000000| PB 0x00000000ca000000| Complete 
|   3|0x00000000ca100000, 0x00000000ca200000, 0x00000000ca200000|100%|HC|  |TAMS 0x00000000ca100000| PB 0x00000000ca100000| Complete 
|   4|0x00000000ca200000, 0x00000000ca300000, 0x00000000ca300000|100%|HC|  |TAMS 0x00000000ca200000| PB 0x00000000ca200000| Complete 
|   5|0x00000000ca300000, 0x00000000ca400000, 0x00000000ca400000|100%|HC|  |TAMS 0x00000000ca300000| PB 0x00000000ca300000| Complete 
|   6|0x00000000ca400000, 0x00000000ca500000, 0x00000000ca500000|100%|HC|  |TAMS 0x00000000ca400000| PB 0x00000000ca400000| Complete 
|   7|0x00000000ca500000, 0x00000000ca600000, 0x00000000ca600000|100%|HC|  |TAMS 0x00000000ca500000| PB 0x00000000ca500000| Complete 
|   8|0x00000000ca600000, 0x00000000ca700000, 0x00000000ca700000|100%|HC|  |TAMS 0x00000000ca600000| PB 0x00000000ca600000| Complete 
|   9|0x00000000ca700000, 0x00000000ca800000, 0x00000000ca800000|100%|HS|  |TAMS 0x00000000ca700000| PB 0x00000000ca700000| Complete 
|  10|0x00000000ca800000, 0x00000000ca900000, 0x00000000ca900000|100%|HC|  |TAMS 0x00000000ca800000| PB 0x00000000ca800000| Complete 
|  11|0x00000000ca900000, 0x00000000caa00000, 0x00000000caa00000|100%| O|  |TAMS 0x00000000ca900000| PB 0x00000000ca900000| Untracked 
|  12|0x00000000caa00000, 0x00000000cab00000, 0x00000000cab00000|100%| O|Cm|TAMS 0x00000000caa00000| PB 0x00000000caa00000| Complete 
|  13|0x00000000cab00000, 0x00000000cac00000, 0x00000000cac00000|100%| O|  |TAMS 0x00000000cab00000| PB 0x00000000cab00000| Untracked 
|  14|0x00000000cac00000, 0x00000000cad00000, 0x00000000cad00000|100%| O|  |TAMS 0x00000000cac00000| PB 0x00000000cac00000| Untracked 
|  15|0x00000000cad00000, 0x00000000cae00000, 0x00000000cae00000|100%| O|  |TAMS 0x00000000cad00000| PB 0x00000000cad00000| Untracked 
|  16|0x00000000cae00000, 0x00000000caf00000, 0x00000000caf00000|100%| O|  |TAMS 0x00000000cae00000| PB 0x00000000cae00000| Untracked 
|  17|0x00000000caf00000, 0x00000000cb000000, 0x00000000cb000000|100%| O|  |TAMS 0x00000000caf00000| PB 0x00000000caf00000| Untracked 
|  18|0x00000000cb000000, 0x00000000cb0884c0, 0x00000000cb100000| 53%| O|  |TAMS 0x00000000cb000000| PB 0x00000000cb000000| Untracked 
|  19|0x00000000cb100000, 0x00000000cb200000, 0x00000000cb200000|100%|HS|  |TAMS 0x00000000cb100000| PB 0x00000000cb100000| Complete 
|  20|0x00000000cb200000, 0x00000000cb300000, 0x00000000cb300000|100%|HC|  |TAMS 0x00000000cb200000| PB 0x00000000cb200000| Complete 
|  21|0x00000000cb300000, 0x00000000cb300000, 0x00000000cb400000|  0%| F|  |TAMS 0x00000000cb300000| PB 0x00000000cb300000| Untracked 
|  22|0x00000000cb400000, 0x00000000cb400000, 0x00000000cb500000|  0%| F|  |TAMS 0x00000000cb400000| PB 0x00000000cb400000| Untracked 
|  23|0x00000000cb500000, 0x00000000cb500000, 0x00000000cb600000|  0%| F|  |TAMS 0x00000000cb500000| PB 0x00000000cb500000| Untracked 
|  24|0x00000000cb600000, 0x00000000cb600000, 0x00000000cb700000|  0%| F|  |TAMS 0x00000000cb600000| PB 0x00000000cb600000| Untracked 
|  25|0x00000000cb700000, 0x00000000cb700000, 0x00000000cb800000|  0%| F|  |TAMS 0x00000000cb700000| PB 0x00000000cb700000| Untracked 
|  26|0x00000000cb800000, 0x00000000cb800000, 0x00000000cb900000|  0%| F|  |TAMS 0x00000000cb800000| PB 0x00000000cb800000| Untracked 
|  27|0x00000000cb900000, 0x00000000cb900000, 0x00000000cba00000|  0%| F|  |TAMS 0x00000000cb900000| PB 0x00000000cb900000| Untracked 
|  28|0x00000000cba00000, 0x00000000cba00000, 0x00000000cbb00000|  0%| F|  |TAMS 0x00000000cba00000| PB 0x00000000cba00000| Untracked 
|  29|0x00000000cbb00000, 0x00000000cbb00000, 0x00000000cbc00000|  0%| F|  |TAMS 0x00000000cbb00000| PB 0x00000000cbb00000| Untracked 
|  30|0x00000000cbc00000, 0x00000000cbc00000, 0x00000000cbd00000|  0%| F|  |TAMS 0x00000000cbc00000| PB 0x00000000cbc00000| Untracked 
|  31|0x00000000cbd00000, 0x00000000cbd00000, 0x00000000cbe00000|  0%| F|  |TAMS 0x00000000cbd00000| PB 0x00000000cbd00000| Untracked 
|  32|0x00000000cbe00000, 0x00000000cbe00000, 0x00000000cbf00000|  0%| F|  |TAMS 0x00000000cbe00000| PB 0x00000000cbe00000| Untracked 
|  33|0x00000000cbf00000, 0x00000000cbf00000, 0x00000000cc000000|  0%| F|  |TAMS 0x00000000cbf00000| PB 0x00000000cbf00000| Untracked 
|  34|0x00000000cc000000, 0x00000000cc000000, 0x00000000cc100000|  0%| F|  |TAMS 0x00000000cc000000| PB 0x00000000cc000000| Untracked 
|  35|0x00000000cc100000, 0x00000000cc100000, 0x00000000cc200000|  0%| F|  |TAMS 0x00000000cc100000| PB 0x00000000cc100000| Untracked 
|  36|0x00000000cc200000, 0x00000000cc200000, 0x00000000cc300000|  0%| F|  |TAMS 0x00000000cc200000| PB 0x00000000cc200000| Untracked 
|  37|0x00000000cc300000, 0x00000000cc300000, 0x00000000cc400000|  0%| F|  |TAMS 0x00000000cc300000| PB 0x00000000cc300000| Untracked 
|  38|0x00000000cc400000, 0x00000000cc400000, 0x00000000cc500000|  0%| F|  |TAMS 0x00000000cc400000| PB 0x00000000cc400000| Untracked 
|  39|0x00000000cc500000, 0x00000000cc500000, 0x00000000cc600000|  0%| F|  |TAMS 0x00000000cc500000| PB 0x00000000cc500000| Untracked 
|  40|0x00000000cc600000, 0x00000000cc600000, 0x00000000cc700000|  0%| F|  |TAMS 0x00000000cc600000| PB 0x00000000cc600000| Untracked 
|  41|0x00000000cc700000, 0x00000000cc800000, 0x00000000cc800000|100%|HS|  |TAMS 0x00000000cc700000| PB 0x00000000cc700000| Complete 
|  42|0x00000000cc800000, 0x00000000cc900000, 0x00000000cc900000|100%|HC|  |TAMS 0x00000000cc800000| PB 0x00000000cc800000| Complete 
|  43|0x00000000cc900000, 0x00000000cca00000, 0x00000000cca00000|100%|HC|  |TAMS 0x00000000cc900000| PB 0x00000000cc900000| Complete 
|  44|0x00000000cca00000, 0x00000000ccb00000, 0x00000000ccb00000|100%|HC|  |TAMS 0x00000000cca00000| PB 0x00000000cca00000| Complete 
|  45|0x00000000ccb00000, 0x00000000ccc00000, 0x00000000ccc00000|100%|HC|  |TAMS 0x00000000ccb00000| PB 0x00000000ccb00000| Complete 
|  46|0x00000000ccc00000, 0x00000000ccd00000, 0x00000000ccd00000|100%|HC|  |TAMS 0x00000000ccc00000| PB 0x00000000ccc00000| Complete 
|  47|0x00000000ccd00000, 0x00000000cce00000, 0x00000000cce00000|100%|HC|  |TAMS 0x00000000ccd00000| PB 0x00000000ccd00000| Complete 
|  48|0x00000000cce00000, 0x00000000ccf00000, 0x00000000ccf00000|100%|HC|  |TAMS 0x00000000cce00000| PB 0x00000000cce00000| Complete 
|  49|0x00000000ccf00000, 0x00000000cd000000, 0x00000000cd000000|100%|HC|  |TAMS 0x00000000ccf00000| PB 0x00000000ccf00000| Complete 
|  50|0x00000000cd000000, 0x00000000cd100000, 0x00000000cd100000|100%|HC|  |TAMS 0x00000000cd000000| PB 0x00000000cd000000| Complete 
|  51|0x00000000cd100000, 0x00000000cd200000, 0x00000000cd200000|100%|HC|  |TAMS 0x00000000cd100000| PB 0x00000000cd100000| Complete 
|  52|0x00000000cd200000, 0x00000000cd300000, 0x00000000cd300000|100%|HC|  |TAMS 0x00000000cd200000| PB 0x00000000cd200000| Complete 
|  53|0x00000000cd300000, 0x00000000cd3ff858, 0x00000000cd400000| 99%| E|  |TAMS 0x00000000cd300000| PB 0x00000000cd300000| Complete 
|  54|0x00000000cd400000, 0x00000000cd500000, 0x00000000cd500000|100%| E|CS|TAMS 0x00000000cd400000| PB 0x00000000cd400000| Complete 
|  55|0x00000000cd500000, 0x00000000cd600000, 0x00000000cd600000|100%| E|CS|TAMS 0x00000000cd500000| PB 0x00000000cd500000| Complete 
|  56|0x00000000cd600000, 0x00000000cd700000, 0x00000000cd700000|100%| E|CS|TAMS 0x00000000cd600000| PB 0x00000000cd600000| Complete 
|  57|0x00000000cd700000, 0x00000000cd800000, 0x00000000cd800000|100%| E|CS|TAMS 0x00000000cd700000| PB 0x00000000cd700000| Complete 
|  58|0x00000000cd800000, 0x00000000cd900000, 0x00000000cd900000|100%| E|  |TAMS 0x00000000cd800000| PB 0x00000000cd800000| Complete 
|  59|0x00000000cd900000, 0x00000000cda00000, 0x00000000cda00000|100%| E|CS|TAMS 0x00000000cd900000| PB 0x00000000cd900000| Complete 
|  60|0x00000000cda00000, 0x00000000cdb00000, 0x00000000cdb00000|100%| E|CS|TAMS 0x00000000cda00000| PB 0x00000000cda00000| Complete 
|  61|0x00000000cdb00000, 0x00000000cdc00000, 0x00000000cdc00000|100%| E|CS|TAMS 0x00000000cdb00000| PB 0x00000000cdb00000| Complete 
|  62|0x00000000cdc00000, 0x00000000cdd00000, 0x00000000cdd00000|100%| E|CS|TAMS 0x00000000cdc00000| PB 0x00000000cdc00000| Complete 
|  63|0x00000000cdd00000, 0x00000000cde00000, 0x00000000cde00000|100%| E|CS|TAMS 0x00000000cdd00000| PB 0x00000000cdd00000| Complete 
|  64|0x00000000cde00000, 0x00000000cdf00000, 0x00000000cdf00000|100%| E|CS|TAMS 0x00000000cde00000| PB 0x00000000cde00000| Complete 
|  65|0x00000000cdf00000, 0x00000000ce000000, 0x00000000ce000000|100%|HS|  |TAMS 0x00000000cdf00000| PB 0x00000000cdf00000| Complete 
|  66|0x00000000ce000000, 0x00000000ce100000, 0x00000000ce100000|100%|HC|  |TAMS 0x00000000ce000000| PB 0x00000000ce000000| Complete 
|  67|0x00000000ce100000, 0x00000000ce200000, 0x00000000ce200000|100%|HC|  |TAMS 0x00000000ce100000| PB 0x00000000ce100000| Complete 
|  68|0x00000000ce200000, 0x00000000ce300000, 0x00000000ce300000|100%|HC|  |TAMS 0x00000000ce200000| PB 0x00000000ce200000| Complete 
|  69|0x00000000ce300000, 0x00000000ce400000, 0x00000000ce400000|100%|HC|  |TAMS 0x00000000ce300000| PB 0x00000000ce300000| Complete 
|  70|0x00000000ce400000, 0x00000000ce500000, 0x00000000ce500000|100%|HC|  |TAMS 0x00000000ce400000| PB 0x00000000ce400000| Complete 
|  71|0x00000000ce500000, 0x00000000ce600000, 0x00000000ce600000|100%|HC|  |TAMS 0x00000000ce500000| PB 0x00000000ce500000| Complete 
|  72|0x00000000ce600000, 0x00000000ce700000, 0x00000000ce700000|100%|HC|  |TAMS 0x00000000ce600000| PB 0x00000000ce600000| Complete 
|  73|0x00000000ce700000, 0x00000000ce800000, 0x00000000ce800000|100%|HC|  |TAMS 0x00000000ce700000| PB 0x00000000ce700000| Complete 
|  74|0x00000000ce800000, 0x00000000ce900000, 0x00000000ce900000|100%|HC|  |TAMS 0x00000000ce800000| PB 0x00000000ce800000| Complete 
|  75|0x00000000ce900000, 0x00000000cea00000, 0x00000000cea00000|100%|HC|  |TAMS 0x00000000ce900000| PB 0x00000000ce900000| Complete 
|  76|0x00000000cea00000, 0x00000000ceb00000, 0x00000000ceb00000|100%|HC|  |TAMS 0x00000000cea00000| PB 0x00000000cea00000| Complete 
|  77|0x00000000ceb00000, 0x00000000cec00000, 0x00000000cec00000|100%|HC|  |TAMS 0x00000000ceb00000| PB 0x00000000ceb00000| Complete 
|  78|0x00000000cec00000, 0x00000000ced00000, 0x00000000ced00000|100%|HC|  |TAMS 0x00000000cec00000| PB 0x00000000cec00000| Complete 
|  79|0x00000000ced00000, 0x00000000cee00000, 0x00000000cee00000|100%|HC|  |TAMS 0x00000000ced00000| PB 0x00000000ced00000| Complete 
|  80|0x00000000cee00000, 0x00000000cef00000, 0x00000000cef00000|100%|HC|  |TAMS 0x00000000cee00000| PB 0x00000000cee00000| Complete 
|  81|0x00000000cef00000, 0x00000000cf000000, 0x00000000cf000000|100%|HC|  |TAMS 0x00000000cef00000| PB 0x00000000cef00000| Complete 
|  82|0x00000000cf000000, 0x00000000cf100000, 0x00000000cf100000|100%|HC|  |TAMS 0x00000000cf000000| PB 0x00000000cf000000| Complete 
|  83|0x00000000cf100000, 0x00000000cf200000, 0x00000000cf200000|100%|HC|  |TAMS 0x00000000cf100000| PB 0x00000000cf100000| Complete 
|  84|0x00000000cf200000, 0x00000000cf300000, 0x00000000cf300000|100%|HC|  |TAMS 0x00000000cf200000| PB 0x00000000cf200000| Complete 
|  85|0x00000000cf300000, 0x00000000cf400000, 0x00000000cf400000|100%|HC|  |TAMS 0x00000000cf300000| PB 0x00000000cf300000| Complete 
|  86|0x00000000cf400000, 0x00000000cf500000, 0x00000000cf500000|100%|HC|  |TAMS 0x00000000cf400000| PB 0x00000000cf400000| Complete 
|  87|0x00000000cf500000, 0x00000000cf600000, 0x00000000cf600000|100%|HC|  |TAMS 0x00000000cf500000| PB 0x00000000cf500000| Complete 
|  88|0x00000000cf600000, 0x00000000cf700000, 0x00000000cf700000|100%|HC|  |TAMS 0x00000000cf600000| PB 0x00000000cf600000| Complete 
|  89|0x00000000cf700000, 0x00000000cf800000, 0x00000000cf800000|100%|HC|  |TAMS 0x00000000cf700000| PB 0x00000000cf700000| Complete 
|  90|0x00000000cf800000, 0x00000000cf900000, 0x00000000cf900000|100%|HC|  |TAMS 0x00000000cf800000| PB 0x00000000cf800000| Complete 
|  91|0x00000000cf900000, 0x00000000cfa00000, 0x00000000cfa00000|100%|HC|  |TAMS 0x00000000cf900000| PB 0x00000000cf900000| Complete 
|  92|0x00000000cfa00000, 0x00000000cfb00000, 0x00000000cfb00000|100%|HC|  |TAMS 0x00000000cfa00000| PB 0x00000000cfa00000| Complete 
|  93|0x00000000cfb00000, 0x00000000cfc00000, 0x00000000cfc00000|100%|HC|  |TAMS 0x00000000cfb00000| PB 0x00000000cfb00000| Complete 
|  94|0x00000000cfc00000, 0x00000000cfd00000, 0x00000000cfd00000|100%|HC|  |TAMS 0x00000000cfc00000| PB 0x00000000cfc00000| Complete 
|  95|0x00000000cfd00000, 0x00000000cfe00000, 0x00000000cfe00000|100%|HC|  |TAMS 0x00000000cfd00000| PB 0x00000000cfd00000| Complete 
|  96|0x00000000cfe00000, 0x00000000cff00000, 0x00000000cff00000|100%|HC|  |TAMS 0x00000000cfe00000| PB 0x00000000cfe00000| Complete 
|  97|0x00000000cff00000, 0x00000000d0000000, 0x00000000d0000000|100%|HC|  |TAMS 0x00000000cff00000| PB 0x00000000cff00000| Complete 
|  98|0x00000000d0000000, 0x00000000d0100000, 0x00000000d0100000|100%|HC|  |TAMS 0x00000000d0000000| PB 0x00000000d0000000| Complete 
|  99|0x00000000d0100000, 0x00000000d0200000, 0x00000000d0200000|100%|HS|  |TAMS 0x00000000d0100000| PB 0x00000000d0100000| Complete 
| 100|0x00000000d0200000, 0x00000000d0300000, 0x00000000d0300000|100%|HC|  |TAMS 0x00000000d0200000| PB 0x00000000d0200000| Complete 
| 101|0x00000000d0300000, 0x00000000d0400000, 0x00000000d0400000|100%|HC|  |TAMS 0x00000000d0300000| PB 0x00000000d0300000| Complete 
| 102|0x00000000d0400000, 0x00000000d0500000, 0x00000000d0500000|100%|HC|  |TAMS 0x00000000d0400000| PB 0x00000000d0400000| Complete 
| 103|0x00000000d0500000, 0x00000000d0600000, 0x00000000d0600000|100%|HC|  |TAMS 0x00000000d0500000| PB 0x00000000d0500000| Complete 
| 104|0x00000000d0600000, 0x00000000d0700000, 0x00000000d0700000|100%|HC|  |TAMS 0x00000000d0600000| PB 0x00000000d0600000| Complete 
| 105|0x00000000d0700000, 0x00000000d0800000, 0x00000000d0800000|100%|HC|  |TAMS 0x00000000d0700000| PB 0x00000000d0700000| Complete 
| 106|0x00000000d0800000, 0x00000000d0900000, 0x00000000d0900000|100%|HC|  |TAMS 0x00000000d0800000| PB 0x00000000d0800000| Complete 
| 107|0x00000000d0900000, 0x00000000d0a00000, 0x00000000d0a00000|100%|HC|  |TAMS 0x00000000d0900000| PB 0x00000000d0900000| Complete 
| 108|0x00000000d0a00000, 0x00000000d0b00000, 0x00000000d0b00000|100%|HC|  |TAMS 0x00000000d0a00000| PB 0x00000000d0a00000| Complete 
| 109|0x00000000d0b00000, 0x00000000d0c00000, 0x00000000d0c00000|100%|HC|  |TAMS 0x00000000d0b00000| PB 0x00000000d0b00000| Complete 
| 110|0x00000000d0c00000, 0x00000000d0d00000, 0x00000000d0d00000|100%|HC|  |TAMS 0x00000000d0c00000| PB 0x00000000d0c00000| Complete 
| 111|0x00000000d0d00000, 0x00000000d0e00000, 0x00000000d0e00000|100%|HC|  |TAMS 0x00000000d0d00000| PB 0x00000000d0d00000| Complete 
| 112|0x00000000d0e00000, 0x00000000d0f00000, 0x00000000d0f00000|100%|HC|  |TAMS 0x00000000d0e00000| PB 0x00000000d0e00000| Complete 
| 113|0x00000000d0f00000, 0x00000000d1000000, 0x00000000d1000000|100%|HC|  |TAMS 0x00000000d0f00000| PB 0x00000000d0f00000| Complete 
| 114|0x00000000d1000000, 0x00000000d1100000, 0x00000000d1100000|100%|HC|  |TAMS 0x00000000d1000000| PB 0x00000000d1000000| Complete 
| 115|0x00000000d1100000, 0x00000000d1200000, 0x00000000d1200000|100%|HC|  |TAMS 0x00000000d1100000| PB 0x00000000d1100000| Complete 
| 116|0x00000000d1200000, 0x00000000d1300000, 0x00000000d1300000|100%|HC|  |TAMS 0x00000000d1200000| PB 0x00000000d1200000| Complete 
| 117|0x00000000d1300000, 0x00000000d1400000, 0x00000000d1400000|100%|HC|  |TAMS 0x00000000d1300000| PB 0x00000000d1300000| Complete 
| 118|0x00000000d1400000, 0x00000000d1500000, 0x00000000d1500000|100%|HC|  |TAMS 0x00000000d1400000| PB 0x00000000d1400000| Complete 
| 119|0x00000000d1500000, 0x00000000d1600000, 0x00000000d1600000|100%|HC|  |TAMS 0x00000000d1500000| PB 0x00000000d1500000| Complete 
| 120|0x00000000d1600000, 0x00000000d1700000, 0x00000000d1700000|100%|HC|  |TAMS 0x00000000d1600000| PB 0x00000000d1600000| Complete 
| 121|0x00000000d1700000, 0x00000000d1800000, 0x00000000d1800000|100%|HC|  |TAMS 0x00000000d1700000| PB 0x00000000d1700000| Complete 
| 122|0x00000000d1800000, 0x00000000d1900000, 0x00000000d1900000|100%|HC|  |TAMS 0x00000000d1800000| PB 0x00000000d1800000| Complete 
| 123|0x00000000d1900000, 0x00000000d1a00000, 0x00000000d1a00000|100%|HC|  |TAMS 0x00000000d1900000| PB 0x00000000d1900000| Complete 
| 124|0x00000000d1a00000, 0x00000000d1b00000, 0x00000000d1b00000|100%|HC|  |TAMS 0x00000000d1a00000| PB 0x00000000d1a00000| Complete 
| 125|0x00000000d1b00000, 0x00000000d1c00000, 0x00000000d1c00000|100%|HC|  |TAMS 0x00000000d1b00000| PB 0x00000000d1b00000| Complete 
| 126|0x00000000d1c00000, 0x00000000d1d00000, 0x00000000d1d00000|100%|HC|  |TAMS 0x00000000d1c00000| PB 0x00000000d1c00000| Complete 
| 127|0x00000000d1d00000, 0x00000000d1e00000, 0x00000000d1e00000|100%|HC|  |TAMS 0x00000000d1d00000| PB 0x00000000d1d00000| Complete 
| 128|0x00000000d1e00000, 0x00000000d1f00000, 0x00000000d1f00000|100%|HC|  |TAMS 0x00000000d1e00000| PB 0x00000000d1e00000| Complete 
| 129|0x00000000d1f00000, 0x00000000d2000000, 0x00000000d2000000|100%|HC|  |TAMS 0x00000000d1f00000| PB 0x00000000d1f00000| Complete 
| 130|0x00000000d2000000, 0x00000000d2100000, 0x00000000d2100000|100%|HC|  |TAMS 0x00000000d2000000| PB 0x00000000d2000000| Complete 
| 131|0x00000000d2100000, 0x00000000d2200000, 0x00000000d2200000|100%|HC|  |TAMS 0x00000000d2100000| PB 0x00000000d2100000| Complete 
| 132|0x00000000d2200000, 0x00000000d2300000, 0x00000000d2300000|100%|HC|  |TAMS 0x00000000d2200000| PB 0x00000000d2200000| Complete 
| 133|0x00000000d2300000, 0x00000000d2400000, 0x00000000d2400000|100%|HC|  |TAMS 0x00000000d2300000| PB 0x00000000d2300000| Complete 
| 134|0x00000000d2400000, 0x00000000d2500000, 0x00000000d2500000|100%|HC|  |TAMS 0x00000000d2400000| PB 0x00000000d2400000| Complete 
| 135|0x00000000d2500000, 0x00000000d2600000, 0x00000000d2600000|100%|HC|  |TAMS 0x00000000d2500000| PB 0x00000000d2500000| Complete 
| 136|0x00000000d2600000, 0x00000000d2700000, 0x00000000d2700000|100%|HC|  |TAMS 0x00000000d2600000| PB 0x00000000d2600000| Complete 
| 137|0x00000000d2700000, 0x00000000d2800000, 0x00000000d2800000|100%|HC|  |TAMS 0x00000000d2700000| PB 0x00000000d2700000| Complete 
| 138|0x00000000d2800000, 0x00000000d2900000, 0x00000000d2900000|100%|HC|  |TAMS 0x00000000d2800000| PB 0x00000000d2800000| Complete 
| 139|0x00000000d2900000, 0x00000000d2a00000, 0x00000000d2a00000|100%|HC|  |TAMS 0x00000000d2900000| PB 0x00000000d2900000| Complete 
| 140|0x00000000d2a00000, 0x00000000d2b00000, 0x00000000d2b00000|100%|HC|  |TAMS 0x00000000d2a00000| PB 0x00000000d2a00000| Complete 
| 141|0x00000000d2b00000, 0x00000000d2c00000, 0x00000000d2c00000|100%|HC|  |TAMS 0x00000000d2b00000| PB 0x00000000d2b00000| Complete 
| 142|0x00000000d2c00000, 0x00000000d2d00000, 0x00000000d2d00000|100%|HC|  |TAMS 0x00000000d2c00000| PB 0x00000000d2c00000| Complete 
| 143|0x00000000d2d00000, 0x00000000d2e00000, 0x00000000d2e00000|100%|HC|  |TAMS 0x00000000d2d00000| PB 0x00000000d2d00000| Complete 
| 144|0x00000000d2e00000, 0x00000000d2f00000, 0x00000000d2f00000|100%|HC|  |TAMS 0x00000000d2e00000| PB 0x00000000d2e00000| Complete 
| 145|0x00000000d2f00000, 0x00000000d3000000, 0x00000000d3000000|100%|HC|  |TAMS 0x00000000d2f00000| PB 0x00000000d2f00000| Complete 
| 146|0x00000000d3000000, 0x00000000d3100000, 0x00000000d3100000|100%|HC|  |TAMS 0x00000000d3000000| PB 0x00000000d3000000| Complete 
| 147|0x00000000d3100000, 0x00000000d3200000, 0x00000000d3200000|100%|HC|  |TAMS 0x00000000d3100000| PB 0x00000000d3100000| Complete 
| 148|0x00000000d3200000, 0x00000000d3300000, 0x00000000d3300000|100%|HC|  |TAMS 0x00000000d3200000| PB 0x00000000d3200000| Complete 
| 149|0x00000000d3300000, 0x00000000d3400000, 0x00000000d3400000|100%|HC|  |TAMS 0x00000000d3300000| PB 0x00000000d3300000| Complete 
| 150|0x00000000d3400000, 0x00000000d3500000, 0x00000000d3500000|100%|HC|  |TAMS 0x00000000d3400000| PB 0x00000000d3400000| Complete 
| 151|0x00000000d3500000, 0x00000000d3600000, 0x00000000d3600000|100%|HC|  |TAMS 0x00000000d3500000| PB 0x00000000d3500000| Complete 
| 152|0x00000000d3600000, 0x00000000d3700000, 0x00000000d3700000|100%|HC|  |TAMS 0x00000000d3600000| PB 0x00000000d3600000| Complete 
| 153|0x00000000d3700000, 0x00000000d3800000, 0x00000000d3800000|100%|HC|  |TAMS 0x00000000d3700000| PB 0x00000000d3700000| Complete 
| 154|0x00000000d3800000, 0x00000000d3900000, 0x00000000d3900000|100%|HC|  |TAMS 0x00000000d3800000| PB 0x00000000d3800000| Complete 
| 155|0x00000000d3900000, 0x00000000d3a00000, 0x00000000d3a00000|100%|HC|  |TAMS 0x00000000d3900000| PB 0x00000000d3900000| Complete 
| 156|0x00000000d3a00000, 0x00000000d3b00000, 0x00000000d3b00000|100%|HC|  |TAMS 0x00000000d3a00000| PB 0x00000000d3a00000| Complete 
| 157|0x00000000d3b00000, 0x00000000d3c00000, 0x00000000d3c00000|100%|HC|  |TAMS 0x00000000d3b00000| PB 0x00000000d3b00000| Complete 
| 158|0x00000000d3c00000, 0x00000000d3d00000, 0x00000000d3d00000|100%|HC|  |TAMS 0x00000000d3c00000| PB 0x00000000d3c00000| Complete 
| 159|0x00000000d3d00000, 0x00000000d3e00000, 0x00000000d3e00000|100%|HC|  |TAMS 0x00000000d3d00000| PB 0x00000000d3d00000| Complete 
| 160|0x00000000d3e00000, 0x00000000d3f00000, 0x00000000d3f00000|100%|HC|  |TAMS 0x00000000d3e00000| PB 0x00000000d3e00000| Complete 
| 161|0x00000000d3f00000, 0x00000000d4000000, 0x00000000d4000000|100%|HC|  |TAMS 0x00000000d3f00000| PB 0x00000000d3f00000| Complete 
| 162|0x00000000d4000000, 0x00000000d4100000, 0x00000000d4100000|100%|HC|  |TAMS 0x00000000d4000000| PB 0x00000000d4000000| Complete 
| 163|0x00000000d4100000, 0x00000000d4200000, 0x00000000d4200000|100%|HC|  |TAMS 0x00000000d4100000| PB 0x00000000d4100000| Complete 
| 164|0x00000000d4200000, 0x00000000d4300000, 0x00000000d4300000|100%|HS|  |TAMS 0x00000000d4200000| PB 0x00000000d4200000| Complete 
| 165|0x00000000d4300000, 0x00000000d4400000, 0x00000000d4400000|100%|HC|  |TAMS 0x00000000d4300000| PB 0x00000000d4300000| Complete 
| 166|0x00000000d4400000, 0x00000000d4500000, 0x00000000d4500000|100%|HC|  |TAMS 0x00000000d4400000| PB 0x00000000d4400000| Complete 
| 167|0x00000000d4500000, 0x00000000d4600000, 0x00000000d4600000|100%|HC|  |TAMS 0x00000000d4500000| PB 0x00000000d4500000| Complete 
| 168|0x00000000d4600000, 0x00000000d4700000, 0x00000000d4700000|100%|HC|  |TAMS 0x00000000d4600000| PB 0x00000000d4600000| Complete 
| 169|0x00000000d4700000, 0x00000000d4800000, 0x00000000d4800000|100%|HC|  |TAMS 0x00000000d4700000| PB 0x00000000d4700000| Complete 
| 170|0x00000000d4800000, 0x00000000d4900000, 0x00000000d4900000|100%|HC|  |TAMS 0x00000000d4800000| PB 0x00000000d4800000| Complete 
| 171|0x00000000d4900000, 0x00000000d4a00000, 0x00000000d4a00000|100%|HC|  |TAMS 0x00000000d4900000| PB 0x00000000d4900000| Complete 
| 172|0x00000000d4a00000, 0x00000000d4b00000, 0x00000000d4b00000|100%| S|CS|TAMS 0x00000000d4a00000| PB 0x00000000d4a00000| Complete 
| 173|0x00000000d4b00000, 0x00000000d4c00000, 0x00000000d4c00000|100%| S|CS|TAMS 0x00000000d4b00000| PB 0x00000000d4b00000| Complete 
| 174|0x00000000d4c00000, 0x00000000d4c840c0, 0x00000000d4d00000| 51%| S|CS|TAMS 0x00000000d4c00000| PB 0x00000000d4c00000| Complete 

Card table byte_map: [0x0000029751b50000,0x0000029751d10000] _byte_map_base: 0x0000029751501000

Marking Bits: (CMBitMap*) 0x000002973a560bf0
 Bits: [0x0000029751d10000, 0x0000029752a98000)

Polling page: 0x0000029739cf0000

Metaspace:

Usage:
  Non-class:     17.40 MB used.
      Class:      3.05 MB used.
       Both:     20.45 MB used.

Virtual space:
  Non-class space:       64.00 MB reserved,      17.56 MB ( 27%) committed,  1 nodes.
      Class space:        1.00 GB reserved,       3.25 MB ( <1%) committed,  1 nodes.
             Both:        1.06 GB reserved,      20.81 MB (  2%) committed. 

Chunk freelists:
   Non-Class:  14.41 MB
       Class:  12.78 MB
        Both:  27.19 MB

MaxMetaspaceSize: unlimited
CompressedClassSpaceSize: 1.00 GB
Initial GC threshold: 21.00 MB
Current GC threshold: 27.44 MB
CDS: on
 - commit_granule_bytes: 65536.
 - commit_granule_words: 8192.
 - virtual_space_node_default_size: 8388608.
 - enlarge_chunks_in_place: 1.
 - use_allocation_guard: 0.


Internal statistics:

num_allocs_failed_limit: 0.
num_arena_births: 394.
num_arena_deaths: 0.
num_vsnodes_births: 2.
num_vsnodes_deaths: 0.
num_space_committed: 333.
num_space_uncommitted: 0.
num_chunks_returned_to_freelist: 0.
num_chunks_taken_from_freelist: 1068.
num_chunk_merges: 0.
num_chunk_splits: 755.
num_chunks_enlarged: 570.
num_inconsistent_stats: 0.

CodeHeap 'non-profiled nmethods': size=120000Kb used=1567Kb max_used=1567Kb free=118432Kb
 bounds [0x000002974a460000, 0x000002974a6d0000, 0x0000029751990000]
CodeHeap 'profiled nmethods': size=120000Kb used=7798Kb max_used=7798Kb free=112201Kb
 bounds [0x0000029742990000, 0x0000029743130000, 0x0000029749ec0000]
CodeHeap 'non-nmethods': size=5760Kb used=1835Kb max_used=1860Kb free=3924Kb
 bounds [0x0000029749ec0000, 0x000002974a130000, 0x000002974a460000]
 total_blobs=4713 nmethods=3873 adapters=743
 compilation: enabled
              stopped_count=0, restarted_count=0
 full_count=0

Compilation events (20 events):
Event: 19.247 Thread 0x0000029754f0d280 3862       3       com.sun.javafx.tk.Toolkit::getImageAccessor (4 bytes)
Event: 19.247 Thread 0x0000029754f0d280 nmethod 3862 0x0000029743124490 code [0x0000029743124620, 0x0000029743124718]
Event: 19.247 Thread 0x0000029754f0d280 3863       3       javafx.scene.Node::getOpacity (19 bytes)
Event: 19.247 Thread 0x0000029754f0d280 nmethod 3863 0x0000029743124790 code [0x0000029743124980, 0x0000029743124d28]
Event: 19.247 Thread 0x0000029754f0d280 3864       3       com.sun.javafx.sg.prism.NGNode::setOpacity (86 bytes)
Event: 19.248 Thread 0x0000029754f0d280 nmethod 3864 0x0000029743124e10 code [0x0000029743125060, 0x0000029743125870]
Event: 19.248 Thread 0x0000029754f0d280 3866       3       com.sun.javafx.util.Utils::clamp (20 bytes)
Event: 19.248 Thread 0x0000029754f0d280 nmethod 3866 0x0000029743125a10 code [0x0000029743125bc0, 0x0000029743125db8]
Event: 19.248 Thread 0x0000029754f0d280 3865       3       com.sun.javafx.collections.VetoableListDecorator$VetoableIteratorDecorator::next (31 bytes)
Event: 19.248 Thread 0x0000029754f0d280 nmethod 3865 0x0000029743125e90 code [0x0000029743126080, 0x00000297431264a0]
Event: 19.248 Thread 0x0000029754f0d280 3867       3       com.sun.javafx.sg.prism.NGRegion::hasVisuals (26 bytes)
Event: 19.249 Thread 0x0000029754f0d280 nmethod 3867 0x0000029743126690 code [0x00000297431268a0, 0x0000029743126f70]
Event: 19.249 Thread 0x0000029754f0d280 3869       3       javafx.scene.Node::syncPeer (43 bytes)
Event: 19.249 Thread 0x0000029754f0d280 nmethod 3869 0x0000029743127190 code [0x00000297431273e0, 0x0000029743127c08]
Event: 19.249 Thread 0x0000029754f0d280 3870       3       java.util.RegularEnumSet::clear (6 bytes)
Event: 19.249 Thread 0x0000029754f0d280 nmethod 3870 0x0000029743127e90 code [0x0000029743128020, 0x0000029743128138]
Event: 19.249 Thread 0x0000029754f0d280 3871       3       com.sun.javafx.geom.RectBounds::deriveWithUnion (64 bytes)
Event: 19.250 Thread 0x0000029754f0d280 nmethod 3871 0x0000029743128210 code [0x0000029743128460, 0x0000029743128d08]
Event: 19.250 Thread 0x0000029754f0d280 3868       1       javafx.scene.layout.Background::isFillPercentageBased (5 bytes)
Event: 19.250 Thread 0x0000029754f0d280 nmethod 3868 0x000002974a5e7410 code [0x000002974a5e75a0, 0x000002974a5e7670]

GC Heap History (10 events):
Event: 1.142 GC heap before
{Heap before GC invocations=0 (full 0):
 garbage-first heap   total 57344K, used 13312K [0x00000000c9e00000, 0x0000000100000000)
  region size 1024K, 13 young (13312K), 0 survivors (0K)
 Metaspace       used 1470K, committed 1600K, reserved 1114112K
  class space    used 124K, committed 192K, reserved 1048576K
}
Event: 1.152 GC heap after
{Heap after GC invocations=1 (full 0):
 garbage-first heap   total 57344K, used 1552K [0x00000000c9e00000, 0x0000000100000000)
  region size 1024K, 2 young (2048K), 2 survivors (2048K)
 Metaspace       used 1470K, committed 1600K, reserved 1114112K
  class space    used 124K, committed 192K, reserved 1048576K
}
Event: 2.881 GC heap before
{Heap before GC invocations=1 (full 0):
 garbage-first heap   total 57344K, used 25104K [0x00000000c9e00000, 0x0000000100000000)
  region size 1024K, 26 young (26624K), 2 survivors (2048K)
 Metaspace       used 7945K, committed 8128K, reserved 1114112K
  class space    used 976K, committed 1088K, reserved 1048576K
}
Event: 2.888 GC heap after
{Heap after GC invocations=2 (full 0):
 garbage-first heap   total 57344K, used 5093K [0x00000000c9e00000, 0x0000000100000000)
  region size 1024K, 4 young (4096K), 4 survivors (4096K)
 Metaspace       used 7945K, committed 8128K, reserved 1114112K
  class space    used 976K, committed 1088K, reserved 1048576K
}
Event: 6.619 GC heap before
{Heap before GC invocations=2 (full 0):
 garbage-first heap   total 57344K, used 44005K [0x00000000c9e00000, 0x0000000100000000)
  region size 1024K, 33 young (33792K), 4 survivors (4096K)
 Metaspace       used 13924K, committed 14272K, reserved 1114112K
  class space    used 1883K, committed 2048K, reserved 1048576K
}
Event: 6.630 GC heap after
{Heap after GC invocations=3 (full 0):
 garbage-first heap   total 57344K, used 19224K [0x00000000c9e00000, 0x0000000100000000)
  region size 1024K, 4 young (4096K), 4 survivors (4096K)
 Metaspace       used 13924K, committed 14272K, reserved 1114112K
  class space    used 1883K, committed 2048K, reserved 1048576K
}
Event: 12.941 GC heap before
{Heap before GC invocations=3 (full 0):
 garbage-first heap   total 57344K, used 40728K [0x00000000c9e00000, 0x0000000100000000)
  region size 1024K, 19 young (19456K), 4 survivors (4096K)
 Metaspace       used 16540K, committed 16832K, reserved 1114112K
  class space    used 2427K, committed 2560K, reserved 1048576K
}
Event: 12.953 GC heap after
{Heap after GC invocations=4 (full 0):
 garbage-first heap   total 57344K, used 28563K [0x00000000c9e00000, 0x0000000100000000)
  region size 1024K, 2 young (2048K), 2 survivors (2048K)
 Metaspace       used 16540K, committed 16832K, reserved 1114112K
  class space    used 2427K, committed 2560K, reserved 1048576K
}
Event: 18.814 GC heap before
{Heap before GC invocations=5 (full 0):
 garbage-first heap   total 176128K, used 174995K [0x00000000c9e00000, 0x0000000100000000)
  region size 1024K, 15 young (15360K), 2 survivors (2048K)
 Metaspace       used 18788K, committed 19136K, reserved 1114112K
  class space    used 2797K, committed 2944K, reserved 1048576K
}
Event: 18.818 GC heap after
{Heap after GC invocations=6 (full 0):
 garbage-first heap   total 179200K, used 145457K [0x00000000c9e00000, 0x0000000100000000)
  region size 1024K, 3 young (3072K), 3 survivors (3072K)
 Metaspace       used 18788K, committed 19136K, reserved 1114112K
  class space    used 2797K, committed 2944K, reserved 1048576K
}

Dll operation events (20 events):
Event: 1.932 Loaded shared library C:\Users\ezra\.openjfx\cache\21+31\amd64\api-ms-win-crt-math-l1-1-0.dll
Event: 1.938 Loaded shared library C:\Users\ezra\.openjfx\cache\21+31\amd64\api-ms-win-crt-multibyte-l1-1-0.dll
Event: 1.946 Loaded shared library C:\Users\ezra\.openjfx\cache\21+31\amd64\api-ms-win-crt-private-l1-1-0.dll
Event: 1.953 Loaded shared library C:\Users\ezra\.openjfx\cache\21+31\amd64\api-ms-win-crt-process-l1-1-0.dll
Event: 1.959 Loaded shared library C:\Users\ezra\.openjfx\cache\21+31\amd64\api-ms-win-crt-runtime-l1-1-0.dll
Event: 1.967 Loaded shared library C:\Users\ezra\.openjfx\cache\21+31\amd64\api-ms-win-crt-stdio-l1-1-0.dll
Event: 1.973 Loaded shared library C:\Users\ezra\.openjfx\cache\21+31\amd64\api-ms-win-crt-string-l1-1-0.dll
Event: 1.980 Loaded shared library C:\Users\ezra\.openjfx\cache\21+31\amd64\api-ms-win-crt-time-l1-1-0.dll
Event: 1.986 Loaded shared library C:\Users\ezra\.openjfx\cache\21+31\amd64\api-ms-win-crt-utility-l1-1-0.dll
Event: 2.012 Loaded shared library C:\Users\ezra\.openjfx\cache\21+31\amd64\ucrtbase.dll
Event: 2.022 Loaded shared library C:\Users\ezra\.openjfx\cache\21+31\amd64\vcruntime140.dll
Event: 2.029 Loaded shared library C:\Users\ezra\.openjfx\cache\21+31\amd64\vcruntime140_1.dll
Event: 2.045 Loaded shared library C:\Users\ezra\.openjfx\cache\21+31\amd64\msvcp140.dll
Event: 2.054 Loaded shared library C:\Users\ezra\.openjfx\cache\21+31\amd64\msvcp140_1.dll
Event: 2.066 Loaded shared library C:\Users\ezra\.openjfx\cache\21+31\amd64\msvcp140_2.dll
Event: 2.159 Loaded shared library C:\Users\ezra\.openjfx\cache\21+31\amd64\prism_d3d.dll
Event: 2.402 Loaded shared library C:\Users\ezra\.openjfx\cache\21+31\amd64\glass.dll
Event: 3.091 Loaded shared library C:\Users\ezra\.openjfx\cache\21+31\amd64\javafx_font.dll
Event: 6.900 Loaded shared library C:\Users\ezra\.openjfx\cache\21+31\amd64\javafx_iio.dll
Event: 19.010 Loaded shared library C:\Users\ezra\AppData\Local\Temp\sqlite-3.36.0.3-57083fee-4eb3-43f1-82b2-488b89effe46-sqlitejdbc.dll

Deoptimization events (20 events):
Event: 19.170 Thread 0x000002979a87ad10 Uncommon trap: trap_request=0xffffffd6 fr.pc=0x000002974a5df188 relative=0x0000000000001da8
Event: 19.170 Thread 0x000002979a87ad10 Uncommon trap: reason=array_check action=maybe_recompile pc=0x000002974a5df188 method=javafx.css.SimpleSelector.applies(Ljavafx/css/Styleable;[Ljava/util/Set;I)Z @ 37 c2
Event: 19.170 Thread 0x000002979a87ad10 DEOPT PACKING pc=0x000002974a5df188 sp=0x000000d5250fa760
Event: 19.170 Thread 0x000002979a87ad10 DEOPT UNPACKING pc=0x0000029749f146a2 sp=0x000000d5250fa6e0 mode 2
Event: 19.170 Thread 0x000002979a87ad10 Uncommon trap: trap_request=0xffffffd6 fr.pc=0x000002974a5df188 relative=0x0000000000001da8
Event: 19.170 Thread 0x000002979a87ad10 Uncommon trap: reason=array_check action=maybe_recompile pc=0x000002974a5df188 method=javafx.css.SimpleSelector.applies(Ljavafx/css/Styleable;[Ljava/util/Set;I)Z @ 37 c2
Event: 19.170 Thread 0x000002979a87ad10 DEOPT PACKING pc=0x000002974a5df188 sp=0x000000d5250fa6a0
Event: 19.170 Thread 0x000002979a87ad10 DEOPT UNPACKING pc=0x0000029749f146a2 sp=0x000000d5250fa648 mode 2
Event: 19.170 Thread 0x000002979a87ad10 Uncommon trap: trap_request=0xffffffd6 fr.pc=0x000002974a5df188 relative=0x0000000000001da8
Event: 19.170 Thread 0x000002979a87ad10 Uncommon trap: reason=array_check action=maybe_recompile pc=0x000002974a5df188 method=javafx.css.SimpleSelector.applies(Ljavafx/css/Styleable;[Ljava/util/Set;I)Z @ 37 c2
Event: 19.170 Thread 0x000002979a87ad10 DEOPT PACKING pc=0x000002974a5df188 sp=0x000000d5250fa760
Event: 19.170 Thread 0x000002979a87ad10 DEOPT UNPACKING pc=0x0000029749f146a2 sp=0x000000d5250fa6e0 mode 2
Event: 19.195 Thread 0x000002979a87ad10 Uncommon trap: trap_request=0xffffffd6 fr.pc=0x000002974a5e55c0 relative=0x0000000000000c60
Event: 19.195 Thread 0x000002979a87ad10 Uncommon trap: reason=array_check action=maybe_recompile pc=0x000002974a5e55c0 method=javafx.css.SimpleSelector.applies(Ljavafx/css/Styleable;[Ljava/util/Set;I)Z @ 37 c2
Event: 19.195 Thread 0x000002979a87ad10 DEOPT PACKING pc=0x000002974a5e55c0 sp=0x000000d5250f9bf0
Event: 19.195 Thread 0x000002979a87ad10 DEOPT UNPACKING pc=0x0000029749f146a2 sp=0x000000d5250f9be8 mode 2
Event: 19.238 Thread 0x000002979a87ad10 Uncommon trap: trap_request=0xffffffde fr.pc=0x000002974a55c7e4 relative=0x00000000000002c4
Event: 19.238 Thread 0x000002979a87ad10 Uncommon trap: reason=class_check action=maybe_recompile pc=0x000002974a55c7e4 method=javafx.scene.Node.updateLocalToParentTransform()V @ 11 c2
Event: 19.239 Thread 0x000002979a87ad10 DEOPT PACKING pc=0x000002974a55c7e4 sp=0x000000d5250fb2e0
Event: 19.239 Thread 0x000002979a87ad10 DEOPT UNPACKING pc=0x0000029749f146a2 sp=0x000000d5250fb270 mode 2

Classes loaded (20 events):
Event: 18.943 Loading class sun/security/provider/SHA2 done
Event: 18.943 Loading class sun/security/provider/SHA2$SHA256 done
Event: 18.947 Loading class java/io/FileOutputStream$1
Event: 18.947 Loading class java/io/FileOutputStream$1 done
Event: 18.959 Loading class java/io/DeleteOnExitHook
Event: 18.960 Loading class java/io/DeleteOnExitHook done
Event: 18.960 Loading class java/io/DeleteOnExitHook$1
Event: 18.960 Loading class java/io/DeleteOnExitHook$1 done
Event: 19.020 Loading class java/io/StringReader
Event: 19.020 Loading class java/io/StringReader done
Event: 19.021 Loading class java/util/regex/Pattern$BnM
Event: 19.021 Loading class java/util/regex/Pattern$BnM done
Event: 19.021 Loading class java/util/regex/Pattern$SliceS
Event: 19.021 Loading class java/util/regex/Pattern$SliceS done
Event: 19.153 Loading class java/util/BitSet$1BitSetSpliterator
Event: 19.153 Loading class java/util/BitSet$1BitSetSpliterator done
Event: 19.154 Loading class java/util/stream/IntPipeline$1
Event: 19.154 Loading class java/util/stream/IntPipeline$1 done
Event: 19.154 Loading class java/util/stream/IntPipeline$1$1
Event: 19.154 Loading class java/util/stream/IntPipeline$1$1 done

Classes unloaded (0 events):
No events

Classes redefined (0 events):
No events

Internal exceptions (20 events):
Event: 6.991 Thread 0x000002979a87ad10 Exception <a 'java/lang/ClassNotFoundException'{0x00000000cd088878}: com/sun/javafx/scene/control/skin/resources/controls_en> (0x00000000cd088878) 
thrown [s\open\src\hotspot\share\prims\jni.cpp, line 539]
Event: 6.991 Thread 0x000002979a87ad10 Exception <a 'java/lang/ClassNotFoundException'{0x00000000cd089d58}: com/sun/javafx/scene/control/skin/resources/controls_en_ID> (0x00000000cd089d58) 
thrown [s\open\src\hotspot\share\prims\jni.cpp, line 539]
Event: 7.037 Thread 0x000002979a87ad10 Exception <a 'java/lang/NoSuchMethodError'{0x00000000cce62220}: 'void java.lang.invoke.DirectMethodHandle$Holder.invokeSpecial(java.lang.Object, java.lang.Object, java.lang.Object, java.lang.Object, java.lang.Object, java.lang.Object)'> (0x00000000cce62220) 
thrown [s\open\src\hotspot\share\interpreter\linkResolver.cpp, line 773]
Event: 12.934 Thread 0x000002979a87ad10 Exception <a 'java/io/FileNotFoundException'{0x00000000cc7018f8}> (0x00000000cc7018f8) 
thrown [s\open\src\hotspot\share\prims\jni.cpp, line 520]
Event: 13.103 Thread 0x000002979a87ad10 Exception <a 'java/io/FileNotFoundException'{0x00000000cd51bb38}> (0x00000000cd51bb38) 
thrown [s\open\src\hotspot\share\prims\jni.cpp, line 520]
Event: 13.306 Thread 0x000002979a87ad10 Exception <a 'java/io/FileNotFoundException'{0x00000000cd526118}> (0x00000000cd526118) 
thrown [s\open\src\hotspot\share\prims\jni.cpp, line 520]
Event: 13.777 Thread 0x000002979a87ad10 Exception <a 'java/io/FileNotFoundException'{0x00000000cd537928}> (0x00000000cd537928) 
thrown [s\open\src\hotspot\share\prims\jni.cpp, line 520]
Event: 18.743 Thread 0x000002979a87ad10 Exception <a 'sun/nio/fs/WindowsException'{0x00000000cb4c43e0}> (0x00000000cb4c43e0) 
thrown [s\open\src\hotspot\share\prims\jni.cpp, line 520]
Event: 18.771 Thread 0x000002979a87ad10 Exception <a 'java/io/FileNotFoundException'{0x00000000cb38e438}> (0x00000000cb38e438) 
thrown [s\open\src\hotspot\share\prims\jni.cpp, line 520]
Event: 18.821 Thread 0x000002979a87ad10 Exception <a 'sun/nio/fs/WindowsException'{0x00000000cde08b18}> (0x00000000cde08b18) 
thrown [s\open\src\hotspot\share\prims\jni.cpp, line 520]
Event: 18.894 Thread 0x000002979a87ad10 Exception <a 'sun/nio/fs/WindowsException'{0x00000000cdc7c790}> (0x00000000cdc7c790) 
thrown [s\open\src\hotspot\share\prims\jni.cpp, line 520]
Event: 18.906 Thread 0x000002979a87ad10 Exception <a 'sun/nio/fs/WindowsException'{0x00000000cdc9c878}> (0x00000000cdc9c878) 
thrown [s\open\src\hotspot\share\prims\jni.cpp, line 520]
Event: 18.911 Thread 0x000002979a87ad10 Exception <a 'java/lang/NoSuchMethodError'{0x00000000cdca52a8}: 'java.lang.Object java.lang.invoke.DirectMethodHandle$Holder.invokeStaticInit(java.lang.Object, int, int, int, int)'> (0x00000000cdca52a8) 
thrown [s\open\src\hotspot\share\interpreter\linkResolver.cpp, line 773]
Event: 18.941 Thread 0x000002979a87ad10 Exception <a 'java/lang/NoSuchMethodError'{0x00000000cdb52e80}: 'java.lang.Object java.lang.invoke.DirectMethodHandle$Holder.invokeStaticInit(java.lang.Object, java.lang.Object, int, int, int, int)'> (0x00000000cdb52e80) 
thrown [s\open\src\hotspot\share\interpreter\linkResolver.cpp, line 773]
Event: 19.031 Thread 0x000002979a87ad10 Exception <a 'java/lang/ClassNotFoundException'{0x00000000cdbe7688}: com/sun/javafx/scene/control/skin/resources/controls-nt> (0x00000000cdbe7688) 
thrown [s\open\src\hotspot\share\prims\jni.cpp, line 539]
Event: 19.032 Thread 0x000002979a87ad10 Exception <a 'java/lang/ClassNotFoundException'{0x00000000cdbefd00}: com/sun/javafx/scene/control/skin/resources/controls-nt_en> (0x00000000cdbefd00) 
thrown [s\open\src\hotspot\share\prims\jni.cpp, line 539]
Event: 19.032 Thread 0x000002979a87ad10 Exception <a 'java/lang/ClassNotFoundException'{0x00000000cdbf0f98}: com/sun/javafx/scene/control/skin/resources/controls-nt_en_ID> (0x00000000cdbf0f98) 
thrown [s\open\src\hotspot\share\prims\jni.cpp, line 539]
Event: 19.226 Thread 0x000002979a87ad10 Exception <a 'java/lang/NoSuchMethodError'{0x00000000cd311370}: 'void java.lang.invoke.DirectMethodHandle$Holder.invokeSpecial(java.lang.Object, java.lang.Object, int, int)'> (0x00000000cd311370) 
thrown [s\open\src\hotspot\share\interpreter\linkResolver.cpp, line 773]
Event: 19.226 Thread 0x000002979a87ad10 Exception <a 'java/lang/NoSuchMethodError'{0x00000000cd317640}: 'java.lang.Object java.lang.invoke.DirectMethodHandle$Holder.newInvokeSpecial(java.lang.Object, java.lang.Object, int, int)'> (0x00000000cd317640) 
thrown [s\open\src\hotspot\share\interpreter\linkResolver.cpp, line 773]
Event: 19.227 Thread 0x000002979a87ad10 Exception <a 'java/lang/NoSuchMethodError'{0x00000000cd31bb00}: 'java.lang.Object java.lang.invoke.DirectMethodHandle$Holder.invokeSpecial(java.lang.Object, java.lang.Object, java.lang.Object, int, int)'> (0x00000000cd31bb00) 
thrown [s\open\src\hotspot\share\interpreter\linkResolver.cpp, line 773]

ZGC Phase Switch (0 events):
No events

VM Operations (20 events):
Event: 12.965 Executing VM operation: G1PauseRemark
Event: 12.970 Executing VM operation: G1PauseRemark done
Event: 12.975 Executing VM operation: G1PauseCleanup
Event: 12.975 Executing VM operation: G1PauseCleanup done
Event: 13.975 Executing VM operation: Cleanup
Event: 13.975 Executing VM operation: Cleanup done
Event: 14.976 Executing VM operation: Cleanup
Event: 14.976 Executing VM operation: Cleanup done
Event: 15.976 Executing VM operation: Cleanup
Event: 15.976 Executing VM operation: Cleanup done
Event: 16.977 Executing VM operation: Cleanup
Event: 16.977 Executing VM operation: Cleanup done
Event: 18.814 Executing VM operation: G1CollectForAllocation (G1 Evacuation Pause)
Event: 18.818 Executing VM operation: G1CollectForAllocation (G1 Evacuation Pause) done
Event: 18.827 Executing VM operation: HandshakeAllThreads (Deoptimize)
Event: 18.827 Executing VM operation: HandshakeAllThreads (Deoptimize) done
Event: 18.919 Executing VM operation: HandshakeAllThreads (Deoptimize)
Event: 18.919 Executing VM operation: HandshakeAllThreads (Deoptimize) done
Event: 19.116 Executing VM operation: HandshakeAllThreads (Deoptimize)
Event: 19.116 Executing VM operation: HandshakeAllThreads (Deoptimize) done

Events (20 events):
Event: 0.094 Thread 0x000002973a52ac40 Thread added: 0x000002973a52ac40
Event: 0.150 Thread 0x0000029754efe9e0 Thread added: 0x0000029754efe9e0
Event: 0.151 Thread 0x0000029754eff900 Thread added: 0x0000029754eff900
Event: 0.152 Thread 0x0000029754f03800 Thread added: 0x0000029754f03800
Event: 0.152 Thread 0x0000029754f04460 Thread added: 0x0000029754f04460
Event: 0.152 Thread 0x0000029754f08fe0 Thread added: 0x0000029754f08fe0
Event: 0.152 Thread 0x0000029754f09a40 Thread added: 0x0000029754f09a40
Event: 0.152 Thread 0x0000029754f0a7d0 Thread added: 0x0000029754f0a7d0
Event: 0.155 Thread 0x0000029754f0d280 Thread added: 0x0000029754f0d280
Event: 0.276 Thread 0x000002979a13ebf0 Thread added: 0x000002979a13ebf0
Event: 1.032 Thread 0x000002979a55c290 Thread added: 0x000002979a55c290
Event: 1.032 Thread 0x000002979a55df10 Thread added: 0x000002979a55df10
Event: 2.123 Thread 0x000002979a7afde0 Thread added: 0x000002979a7afde0
Event: 2.405 Thread 0x000002979a874670 Thread added: 0x000002979a874670
Event: 2.409 Thread 0x000002979a87ad10 Thread added: 0x000002979a87ad10
Event: 2.644 Thread 0x000002979b68b230 Thread added: 0x000002979b68b230
Event: 2.666 Thread 0x000002979b7fb5f0 Thread added: 0x000002979b7fb5f0
Event: 3.154 Thread 0x000002979b81e290 Thread added: 0x000002979b81e290
Event: 4.226 Thread 0x000002979b8a1a20 Thread added: 0x000002979b8a1a20
Event: 18.945 Thread 0x00000297a5726c60 Thread added: 0x00000297a5726c60


Dynamic libraries:
0x00007ff6be0a0000 - 0x00007ff6be0b0000 	C:\Program Files\Java\jdk-21\bin\java.exe
0x00007ffb5feb0000 - 0x00007ffb600c7000 	C:\WINDOWS\SYSTEM32\ntdll.dll
0x00007ffb5ebf0000 - 0x00007ffb5ecb4000 	C:\WINDOWS\System32\KERNEL32.DLL
0x00007ffb5d6c0000 - 0x00007ffb5da67000 	C:\WINDOWS\System32\KERNELBASE.dll
0x00007ffb5d4f0000 - 0x00007ffb5d601000 	C:\WINDOWS\System32\ucrtbase.dll
0x00007ffb51830000 - 0x00007ffb5184b000 	C:\Program Files\Java\jdk-21\bin\VCRUNTIME140.dll
0x00007ffb51850000 - 0x00007ffb51869000 	C:\Program Files\Java\jdk-21\bin\jli.dll
0x00007ffb5dd00000 - 0x00007ffb5ddb2000 	C:\WINDOWS\System32\ADVAPI32.dll
0x00007ffb5e1f0000 - 0x00007ffb5e297000 	C:\WINDOWS\System32\msvcrt.dll
0x00007ffb5fdc0000 - 0x00007ffb5fe68000 	C:\WINDOWS\System32\sechost.dll
0x00007ffb5d690000 - 0x00007ffb5d6b8000 	C:\WINDOWS\System32\bcrypt.dll
0x00007ffb5e810000 - 0x00007ffb5e925000 	C:\WINDOWS\System32\RPCRT4.dll
0x00007ffb5f7e0000 - 0x00007ffb5f98e000 	C:\WINDOWS\System32\USER32.dll
0x00007ffb5d3a0000 - 0x00007ffb5d3c6000 	C:\WINDOWS\System32\win32u.dll
0x00007ffb5e930000 - 0x00007ffb5e959000 	C:\WINDOWS\System32\GDI32.dll
0x00007ffb5d3d0000 - 0x00007ffb5d4e9000 	C:\WINDOWS\System32\gdi32full.dll
0x00007ffb5d1d0000 - 0x00007ffb5d26a000 	C:\WINDOWS\System32\msvcp_win.dll
0x00007ffb4d150000 - 0x00007ffb4d3e3000 	C:\WINDOWS\WinSxS\amd64_microsoft.windows.common-controls_6595b64144ccf1df_6.0.22621.3527_none_270e469b73872a76\COMCTL32.dll
0x00007ffb56610000 - 0x00007ffb5661a000 	C:\WINDOWS\SYSTEM32\VERSION.dll
0x00007ffb5dcc0000 - 0x00007ffb5dcf1000 	C:\WINDOWS\System32\IMM32.DLL
0x00007ffb51820000 - 0x00007ffb5182c000 	C:\Program Files\Java\jdk-21\bin\vcruntime140_1.dll
0x00007ffb03c40000 - 0x00007ffb03cce000 	C:\Program Files\Java\jdk-21\bin\msvcp140.dll
0x00007ffad8680000 - 0x00007ffad9397000 	C:\Program Files\Java\jdk-21\bin\server\jvm.dll
0x00007ffb5ddc0000 - 0x00007ffb5de31000 	C:\WINDOWS\System32\WS2_32.dll
0x00007ffb54d30000 - 0x00007ffb54d64000 	C:\WINDOWS\SYSTEM32\WINMM.dll
0x00007ffb5d090000 - 0x00007ffb5d0dd000 	C:\WINDOWS\SYSTEM32\POWRPROF.dll
0x00007ffb5d070000 - 0x00007ffb5d083000 	C:\WINDOWS\SYSTEM32\UMPDC.dll
0x00007ffb5c1f0000 - 0x00007ffb5c208000 	C:\WINDOWS\SYSTEM32\kernel.appcore.dll
0x00007ffb51810000 - 0x00007ffb5181a000 	C:\Program Files\Java\jdk-21\bin\jimage.dll
0x00007ffb5ad70000 - 0x00007ffb5afa2000 	C:\WINDOWS\SYSTEM32\DBGHELP.DLL
0x00007ffb5de40000 - 0x00007ffb5e1c8000 	C:\WINDOWS\System32\combase.dll
0x00007ffb5dbe0000 - 0x00007ffb5dcb7000 	C:\WINDOWS\System32\OLEAUT32.dll
0x00007ffb43b20000 - 0x00007ffb43b52000 	C:\WINDOWS\SYSTEM32\dbgcore.DLL
0x00007ffb5d610000 - 0x00007ffb5d689000 	C:\WINDOWS\System32\bcryptPrimitives.dll
0x00007ffb579b0000 - 0x00007ffb579bf000 	C:\Program Files\Java\jdk-21\bin\instrument.dll
0x00007ffb4fa50000 - 0x00007ffb4fa6f000 	C:\Program Files\Java\jdk-21\bin\java.dll
0x00007ffb5ef80000 - 0x00007ffb5f7dc000 	C:\WINDOWS\System32\SHELL32.dll
0x00007ffb5b110000 - 0x00007ffb5ba06000 	C:\WINDOWS\SYSTEM32\windows.storage.dll
0x00007ffb5afd0000 - 0x00007ffb5b10e000 	C:\WINDOWS\SYSTEM32\wintypes.dll
0x00007ffb5ecd0000 - 0x00007ffb5edc5000 	C:\WINDOWS\System32\SHCORE.dll
0x00007ffb5eb70000 - 0x00007ffb5ebce000 	C:\WINDOWS\System32\shlwapi.dll
0x00007ffb5d100000 - 0x00007ffb5d121000 	C:\WINDOWS\SYSTEM32\profapi.dll
0x00007ffae5640000 - 0x00007ffae5717000 	C:\Program Files\Java\jdk-21\bin\jsvml.dll
0x00007ffb50d50000 - 0x00007ffb50d60000 	C:\Program Files\Java\jdk-21\bin\net.dll
0x00007ffb54bf0000 - 0x00007ffb54d26000 	C:\WINDOWS\SYSTEM32\WINHTTP.dll
0x00007ffb5c660000 - 0x00007ffb5c6c9000 	C:\WINDOWS\system32\mswsock.dll
0x00007ffb41420000 - 0x00007ffb41436000 	C:\Program Files\Java\jdk-21\bin\nio.dll
0x00007ffb3c7e0000 - 0x00007ffb3c7f8000 	C:\Program Files\Java\jdk-21\bin\zip.dll
0x00007ffb29880000 - 0x00007ffb2989a000 	C:\Program Files\JetBrains\IntelliJ IDEA 2023.3.3\bin\breakgen64.dll
0x000002973a4c0000 - 0x000002973a4c3000 	C:\Users\ezra\.openjfx\cache\21+31\amd64\api-ms-win-core-console-l1-1-0.dll
0x000002973a4d0000 - 0x000002973a4d3000 	C:\Users\ezra\.openjfx\cache\21+31\amd64\api-ms-win-core-console-l1-2-0.dll
0x000002973a4e0000 - 0x000002973a4e3000 	C:\Users\ezra\.openjfx\cache\21+31\amd64\api-ms-win-core-datetime-l1-1-0.dll
0x0000029754fd0000 - 0x0000029754fd3000 	C:\Users\ezra\.openjfx\cache\21+31\amd64\api-ms-win-core-debug-l1-1-0.dll
0x0000029754fe0000 - 0x0000029754fe3000 	C:\Users\ezra\.openjfx\cache\21+31\amd64\api-ms-win-core-errorhandling-l1-1-0.dll
0x0000029754ff0000 - 0x0000029754ff4000 	C:\Users\ezra\.openjfx\cache\21+31\amd64\api-ms-win-core-file-l1-1-0.dll
0x000002979ad00000 - 0x000002979ad03000 	C:\Users\ezra\.openjfx\cache\21+31\amd64\api-ms-win-core-file-l1-2-0.dll
0x000002979ad10000 - 0x000002979ad13000 	C:\Users\ezra\.openjfx\cache\21+31\amd64\api-ms-win-core-file-l2-1-0.dll
0x000002979ad20000 - 0x000002979ad23000 	C:\Users\ezra\.openjfx\cache\21+31\amd64\api-ms-win-core-handle-l1-1-0.dll
0x000002979ad30000 - 0x000002979ad33000 	C:\Users\ezra\.openjfx\cache\21+31\amd64\api-ms-win-core-heap-l1-1-0.dll
0x000002979ad40000 - 0x000002979ad43000 	C:\Users\ezra\.openjfx\cache\21+31\amd64\api-ms-win-core-interlocked-l1-1-0.dll
0x000002979ad50000 - 0x000002979ad53000 	C:\Users\ezra\.openjfx\cache\21+31\amd64\api-ms-win-core-libraryloader-l1-1-0.dll
0x000002979ad80000 - 0x000002979ad83000 	C:\Users\ezra\.openjfx\cache\21+31\amd64\api-ms-win-core-localization-l1-2-0.dll
0x000002979ad60000 - 0x000002979ad63000 	C:\Users\ezra\.openjfx\cache\21+31\amd64\api-ms-win-core-memory-l1-1-0.dll
0x000002979ad70000 - 0x000002979ad73000 	C:\Users\ezra\.openjfx\cache\21+31\amd64\api-ms-win-core-namedpipe-l1-1-0.dll
0x000002979adb0000 - 0x000002979adb3000 	C:\Users\ezra\.openjfx\cache\21+31\amd64\api-ms-win-core-processenvironment-l1-1-0.dll
0x000002979ad90000 - 0x000002979ad93000 	C:\Users\ezra\.openjfx\cache\21+31\amd64\api-ms-win-core-processthreads-l1-1-0.dll
0x000002979ada0000 - 0x000002979ada3000 	C:\Users\ezra\.openjfx\cache\21+31\amd64\api-ms-win-core-processthreads-l1-1-1.dll
0x000002979aee0000 - 0x000002979aee3000 	C:\Users\ezra\.openjfx\cache\21+31\amd64\api-ms-win-core-profile-l1-1-0.dll
0x000002979aef0000 - 0x000002979aef3000 	C:\Users\ezra\.openjfx\cache\21+31\amd64\api-ms-win-core-rtlsupport-l1-1-0.dll
0x000002979af00000 - 0x000002979af03000 	C:\Users\ezra\.openjfx\cache\21+31\amd64\api-ms-win-core-string-l1-1-0.dll
0x000002979af10000 - 0x000002979af13000 	C:\Users\ezra\.openjfx\cache\21+31\amd64\api-ms-win-core-synch-l1-1-0.dll
0x000002979af20000 - 0x000002979af23000 	C:\Users\ezra\.openjfx\cache\21+31\amd64\api-ms-win-core-synch-l1-2-0.dll
0x000002979af30000 - 0x000002979af33000 	C:\Users\ezra\.openjfx\cache\21+31\amd64\api-ms-win-core-sysinfo-l1-1-0.dll
0x000002979af40000 - 0x000002979af43000 	C:\Users\ezra\.openjfx\cache\21+31\amd64\api-ms-win-core-timezone-l1-1-0.dll
0x000002979af50000 - 0x000002979af53000 	C:\Users\ezra\.openjfx\cache\21+31\amd64\api-ms-win-core-util-l1-1-0.dll
0x000002979adc0000 - 0x000002979adc3000 	C:\Users\ezra\.openjfx\cache\21+31\amd64\api-ms-win-crt-conio-l1-1-0.dll
0x000002979add0000 - 0x000002979add4000 	C:\Users\ezra\.openjfx\cache\21+31\amd64\api-ms-win-crt-convert-l1-1-0.dll
0x000002979ade0000 - 0x000002979ade3000 	C:\Users\ezra\.openjfx\cache\21+31\amd64\api-ms-win-crt-environment-l1-1-0.dll
0x000002979adf0000 - 0x000002979adf3000 	C:\Users\ezra\.openjfx\cache\21+31\amd64\api-ms-win-crt-filesystem-l1-1-0.dll
0x000002979ae00000 - 0x000002979ae03000 	C:\Users\ezra\.openjfx\cache\21+31\amd64\api-ms-win-crt-heap-l1-1-0.dll
0x000002979ae10000 - 0x000002979ae13000 	C:\Users\ezra\.openjfx\cache\21+31\amd64\api-ms-win-crt-locale-l1-1-0.dll
0x000002979ae20000 - 0x000002979ae25000 	C:\Users\ezra\.openjfx\cache\21+31\amd64\api-ms-win-crt-math-l1-1-0.dll
0x000002979ae30000 - 0x000002979ae35000 	C:\Users\ezra\.openjfx\cache\21+31\amd64\api-ms-win-crt-multibyte-l1-1-0.dll
0x000002979ae40000 - 0x000002979ae50000 	C:\Users\ezra\.openjfx\cache\21+31\amd64\api-ms-win-crt-private-l1-1-0.dll
0x000002979ae50000 - 0x000002979ae53000 	C:\Users\ezra\.openjfx\cache\21+31\amd64\api-ms-win-crt-process-l1-1-0.dll
0x000002979ae60000 - 0x000002979ae64000 	C:\Users\ezra\.openjfx\cache\21+31\amd64\api-ms-win-crt-runtime-l1-1-0.dll
0x000002979ae70000 - 0x000002979ae74000 	C:\Users\ezra\.openjfx\cache\21+31\amd64\api-ms-win-crt-stdio-l1-1-0.dll
0x000002979ae80000 - 0x000002979ae84000 	C:\Users\ezra\.openjfx\cache\21+31\amd64\api-ms-win-crt-string-l1-1-0.dll
0x000002979ae90000 - 0x000002979ae93000 	C:\Users\ezra\.openjfx\cache\21+31\amd64\api-ms-win-crt-time-l1-1-0.dll
0x000002979aea0000 - 0x000002979aea3000 	C:\Users\ezra\.openjfx\cache\21+31\amd64\api-ms-win-crt-utility-l1-1-0.dll
0x00007ffb040e0000 - 0x00007ffb041dc000 	C:\Users\ezra\.openjfx\cache\21+31\amd64\ucrtbase.dll
0x00007ffb29860000 - 0x00007ffb2987b000 	C:\Users\ezra\.openjfx\cache\21+31\amd64\vcruntime140.dll
0x00007ffb2f240000 - 0x00007ffb2f24c000 	C:\Users\ezra\.openjfx\cache\21+31\amd64\vcruntime140_1.dll
0x00007ffb297d0000 - 0x00007ffb2985e000 	C:\Users\ezra\.openjfx\cache\21+31\amd64\msvcp140.dll
0x00007ffb5edd0000 - 0x00007ffb5ef75000 	C:\WINDOWS\System32\ole32.dll
0x00007ffb2d770000 - 0x00007ffb2d779000 	C:\Users\ezra\.openjfx\cache\21+31\amd64\msvcp140_1.dll
0x00007ffb29450000 - 0x00007ffb2947f000 	C:\Users\ezra\.openjfx\cache\21+31\amd64\msvcp140_2.dll
0x00007ffb040b0000 - 0x00007ffb040df000 	C:\Users\ezra\.openjfx\cache\21+31\amd64\prism_d3d.dll
0x00007ffb0f020000 - 0x00007ffb0f1c9000 	C:\WINDOWS\system32\d3d9.dll
0x00007ffb5a610000 - 0x00007ffb5a63b000 	C:\WINDOWS\SYSTEM32\dwmapi.dll
0x00007ffb5a2e0000 - 0x00007ffb5a319000 	C:\WINDOWS\SYSTEM32\dxcore.dll
0x00007ffb5a200000 - 0x00007ffb5a2ab000 	C:\WINDOWS\system32\uxtheme.dll
0x00007ffb54860000 - 0x00007ffb54a1b000 	C:\WINDOWS\System32\DriverStore\FileRepository\u0395561.inf_amd64_44c8a302e7c98b63\B395243\aticfx64.dll
0x00007ffb4b010000 - 0x00007ffb4b044000 	C:\WINDOWS\System32\DriverStore\FileRepository\u0395561.inf_amd64_44c8a302e7c98b63\B395243\atiu9p64.dll
0x00007ffb0a9f0000 - 0x00007ffb0b745000 	C:\WINDOWS\System32\DriverStore\FileRepository\u0395561.inf_amd64_44c8a302e7c98b63\B395243\atiumd64.dll
0x0000000062770000 - 0x0000000063682000 	C:\WINDOWS\System32\DriverStore\FileRepository\u0395561.inf_amd64_44c8a302e7c98b63\B395243\atiumd6a.dll
0x00007ffb5e390000 - 0x00007ffb5e804000 	C:\WINDOWS\System32\SETUPAPI.dll
0x00007ffb52530000 - 0x00007ffb52565000 	C:\WINDOWS\SYSTEM32\amdihk64.dll
0x00007ffb57bb0000 - 0x00007ffb57bfa000 	C:\WINDOWS\SYSTEM32\directxdatabasehelper.dll
0x00007ffb04060000 - 0x00007ffb040a2000 	C:\Users\ezra\.openjfx\cache\21+31\amd64\glass.dll
0x00007ffb5fcc0000 - 0x00007ffb5fdb7000 	C:\WINDOWS\System32\COMDLG32.dll
0x00007ffb5fb60000 - 0x00007ffb5fcb3000 	C:\WINDOWS\System32\MSCTF.dll
0x00007ffb04040000 - 0x00007ffb04054000 	C:\Users\ezra\.openjfx\cache\21+31\amd64\javafx_font.dll
0x00007ffb58e30000 - 0x00007ffb590a4000 	C:\WINDOWS\SYSTEM32\dwrite.dll
0x00007ffb5e9b0000 - 0x00007ffb5ea60000 	C:\WINDOWS\System32\clbcatq.dll
0x00007ffb58a20000 - 0x00007ffb58bd0000 	C:\WINDOWS\SYSTEM32\WindowsCodecs.dll
0x00007ffb38eb0000 - 0x00007ffb38f0e000 	C:\WINDOWS\system32\dataexchange.dll
0x00007ffb55ef0000 - 0x00007ffb5617b000 	C:\WINDOWS\system32\twinapi.appcore.dll
0x00007ffb4b360000 - 0x00007ffb4b392000 	C:\Program Files\Common Files\Microsoft Shared\Ink\rtscom.dll
0x00007ffb3c660000 - 0x00007ffb3c7ab000 	C:\WINDOWS\SYSTEM32\textinputframework.dll
0x00007ffb59d20000 - 0x00007ffb59e53000 	C:\WINDOWS\SYSTEM32\CoreMessaging.dll
0x00007ffb57520000 - 0x00007ffb5788c000 	C:\WINDOWS\SYSTEM32\CoreUIComponents.dll
0x00007ffb5c8e0000 - 0x00007ffb5c8ec000 	C:\WINDOWS\SYSTEM32\CRYPTBASE.DLL
0x00007ffb590b0000 - 0x00007ffb5969e000 	C:\WINDOWS\SYSTEM32\d2d1.dll
0x00007ffb58bd0000 - 0x00007ffb58e27000 	C:\WINDOWS\SYSTEM32\d3d11.dll
0x00007ffb5a320000 - 0x00007ffb5a417000 	C:\WINDOWS\SYSTEM32\dxgi.dll
0x00007ffb56890000 - 0x00007ffb56fa1000 	C:\WINDOWS\SYSTEM32\D3D10Warp.dll
0x00007ffb04010000 - 0x00007ffb0403d000 	C:\Users\ezra\.openjfx\cache\21+31\amd64\javafx_iio.dll

dbghelp: loaded successfully - version: 4.0.5 - missing functions: none
symbol engine: initialized successfully - sym options: 0x614 - pdb path: .;C:\Program Files\Java\jdk-21\bin;C:\WINDOWS\SYSTEM32;C:\WINDOWS\WinSxS\amd64_microsoft.windows.common-controls_6595b64144ccf1df_6.0.22621.3527_none_270e469b73872a76;C:\Program Files\Java\jdk-21\bin\server;C:\Program Files\JetBrains\IntelliJ IDEA 2023.3.3\bin;C:\Users\ezra\.openjfx\cache\21+31\amd64;C:\WINDOWS\System32\DriverStore\FileRepository\u0395561.inf_amd64_44c8a302e7c98b63\B395243;C:\Program Files\Common Files\Microsoft Shared\Ink;C:\Users\ezra\AppData\Local\Temp

VM Arguments:
jvm_args: -javaagent:C:\Program Files\JetBrains\IntelliJ IDEA 2023.3.3\lib\idea_rt.jar=65173:C:\Program Files\JetBrains\IntelliJ IDEA 2023.3.3\bin -Dfile.encoding=UTF-8 -Dsun.stdout.encoding=UTF-8 -Dsun.stderr.encoding=UTF-8 --module-path=C:\Users\ezra\.m2\repository\com\github\almasb\fxgl-scene\17.3\fxgl-scene-17.3.jar;C:\Users\ezra\.m2\repository\com\github\almasb\fxgl-core\17.3\fxgl-core-17.3.jar;C:\Users\ezra\.m2\repository\com\github\almasb\fxgl\17.3\fxgl-17.3.jar;E:\SEMESTER 4\RPLBO\FIX_BANGET\target\classes;C:\Users\ezra\.m2\repository\com\dlsc\formsfx\formsfx-core\11.6.0\formsfx-core-11.6.0.jar;C:\Users\ezra\.m2\repository\org\kordamp\ikonli\ikonli-javafx\12.3.1\ikonli-javafx-12.3.1.jar;C:\Users\ezra\.m2\repository\com\gluonhq\attach\audio\4.0.17\audio-4.0.17.jar;C:\Users\ezra\.m2\repository\com\gluonhq\attach\lifecycle\4.0.17\lifecycle-4.0.17.jar;C:\Users\ezra\.m2\repository\eu\hansolo\tilesfx\11.48\tilesfx-11.48.jar;C:\Users\ezra\.m2\repository\org\openjfx\javafx-base\21\javafx-base-21-win.jar;C:\Users\ezra\.m2\repository\org\controlsfx\controlsfx\11.1.2\controlsfx-11.1.2.jar;C:\Users\ezra\.m2\repository\org\kordamp\ikonli\ikonli-core\12.3.1\ikonli-core-12.3.1.jar;C:\Users\ezra\.m2\repository\net\synedra\validatorfx\0.4.0\validatorfx-0.4.0.jar;C:\Users\ezra\.m2\repository\org\openjfx\javafx-fxml\21\javafx-fxml-21-win.jar;C:\Users\ezra\.m2\repository\com\fasterxml\jackson\core\jackson-core\2.14.2\jackson-core-2.14.2.jar;C:\Users\ezra\.m2\repository\com\fasterxml\jackson\core\jackson-databind\2.14.2\jackson-databind-2.14.2.jar;C:\Users\ezra\.m2\repository\org\kordamp\bootstrapfx\bootstrapfx-core\0.4.0\bootstrapfx-core-0.4.0.jar;C:\Users\ezra\.m2\repository\org\openjfx\javafx-media\21\javafx-media-21-win.jar;C:\Users\ezra\.m2\repository\com\github\almasb\fxgl-gameplay\17.3\fxgl-gameplay-17.3.jar;C:\Users\ezra\.m2\repository\com\github\almasb\fxgl-io\17.3\fxgl-io-17.3.jar;C:\Users\ezra\.m2\repository\com\fasterxml\jackson\core\jackson-annotations\2.14.2\jackson-annotations-2.14.2.jar;C:\Users\ezra\.m2\repository\com\github\almasb\fxgl-entity\17.3\fxgl-entity-17.3.jar;C:\Users\ezra\.m2\repository\com\gluonhq\attach\storage\4.0.17\storage-4.0.17.jar;C:\Users\ezra\.m2\repository\org-Djdk.module.main=org.example.fix_banget 
java_command: org.example.fix_banget/org.example.fix_banget.HelloApplication
java_class_path (initial): C:\Users\ezra\.m2\repository\org\xerial\sqlite-jdbc\3.36.0.3\sqlite-jdbc-3.36.0.3.jar;C:\Users\ezra\.m2\repository\org\openjfx\javafx-controls\21\javafx-controls-21.jar;C:\Users\ezra\.m2\repository\org\openjfx\javafx-graphics\21\javafx-graphics-21.jar;C:\Users\ezra\.m2\repository\org\openjfx\javafx-base\21\javafx-base-21.jar;C:\Users\ezra\.m2\repository\org\openjfx\javafx-fxml\21\javafx-fxml-21.jar;C:\Users\ezra\.m2\repository\org\openjfx\javafx-web\21\javafx-web-21.jar;C:\Users\ezra\.m2\repository\org\openjfx\javafx-swing\21\javafx-swing-21.jar;C:\Users\ezra\.m2\repository\org\openjfx\javafx-swing\21\javafx-swing-21-win.jar;C:\Users\ezra\.m2\repository\org\openjfx\javafx-media\21\javafx-media-21.jar;C:\Users\ezra\.m2\repository\org\jetbrains\kotlin\kotlin-stdlib-common\1.8.10\kotlin-stdlib-common-1.8.10.jar;C:\Users\ezra\.m2\repository\org\jetbrains\annotations\13.0\annotations-13.0.jar
Launcher Type: SUN_STANDARD

[Global flags]
     intx CICompilerCount                          = 3                                         {product} {ergonomic}
     uint ConcGCThreads                            = 1                                         {product} {ergonomic}
     uint G1ConcRefinementThreads                  = 4                                         {product} {ergonomic}
   size_t G1HeapRegionSize                         = 1048576                                   {product} {ergonomic}
    uintx GCDrainStackTargetSize                   = 64                                        {product} {ergonomic}
   size_t InitialHeapSize                          = 58720256                                  {product} {ergonomic}
   size_t MarkStackSize                            = 4194304                                   {product} {ergonomic}
   size_t MaxHeapSize                              = 908066816                                 {product} {ergonomic}
   size_t MaxNewSize                               = 544210944                                 {product} {ergonomic}
   size_t MinHeapDeltaBytes                        = 1048576                                   {product} {ergonomic}
   size_t MinHeapSize                              = 8388608                                   {product} {ergonomic}
    uintx NonNMethodCodeHeapSize                   = 5832780                                {pd product} {ergonomic}
    uintx NonProfiledCodeHeapSize                  = 122912730                              {pd product} {ergonomic}
    uintx ProfiledCodeHeapSize                     = 122912730                              {pd product} {ergonomic}
    uintx ReservedCodeCacheSize                    = 251658240                              {pd product} {ergonomic}
     bool SegmentedCodeCache                       = true                                      {product} {ergonomic}
   size_t SoftMaxHeapSize                          = 908066816                              {manageable} {ergonomic}
     bool UseCompressedOops                        = true                           {product lp64_product} {ergonomic}
     bool UseG1GC                                  = true                                      {product} {ergonomic}
     bool UseLargePagesIndividualAllocation        = false                                  {pd product} {ergonomic}

Logging:
Log output configuration:
 #0: stdout all=warning uptime,level,tags foldmultilines=false
 #1: stderr all=off uptime,level,tags foldmultilines=false

Environment Variables:
PATH=C:\Program Files\Common Files\Oracle\Java\javapath;C:\Program Files (x86)\Common Files\Oracle\Java\javapath;C:\Program Files (x86)\Common Files\Intel\Shared Files\cpp\bin\Intel64;C:\WINDOWS\system32;C:\WINDOWS;C:\WINDOWS\System32\Wbem;C:\WINDOWS\System32\WindowsPowerShell\v1.0\;C:\WINDOWS\System32\OpenSSH\;C:\Program Files\PuTTY\;C:\Program Files\Git\cmd;D:\apache-maven-3.9.6-bin\apache-maven-3.9.6\bin;C:\Program Files\nodejs\;C:\Users\ezra\AppData\Local\Programs\Python\Python312\Scripts\;C:\Users\ezra\AppData\Local\Programs\Python\Python312\;C:\Program Files (x86)\Common Files\Oracle\Java\javapath;C:\Program Files (x86)\Common Files\Intel\Shared Files\cpp\bin\Intel64;C:\WINDOWS\system32;C:\WINDOWS;C:\WINDOWS\System32\Wbem;C:\WINDOWS\System32\WindowsPowerShell\v1.0\;C:\WINDOWS\System32\OpenSSH\;C:\Program Files\Git\cmd;C:\Program Files\PuTTY\;C:\Users\ezra\AppData\Local\Programs\Python\Python311\Scripts\;C:\Users\ezra\AppData\Local\Programs\Python\Python311\;C:\Users\ezra\AppData\Local\Microsoft\WindowsApps;D:\Microsoft VS Code\bin;D:\FLUTER\flutter_windows_3.7.8-stable\flutter\bin;C:\Exercism;C:\Users\ezra\Videos;C:\Users\ezra\AppData\Local\GitHubDesktop\bin;C:\Python27\Scripts;;C:\Program Files\JetBrains\IntelliJ IDEA 2023.3.3\bin;;C:\Users\ezra\AppData\Roaming\npm
USERNAME=ezra
OS=Windows_NT
PROCESSOR_IDENTIFIER=AMD64 Family 23 Model 24 Stepping 1, AuthenticAMD
TMP=C:\Users\ezra\AppData\Local\Temp
TEMP=C:\Users\ezra\AppData\Local\Temp




Periodic native trim disabled

---------------  S Y S T E M  ---------------

OS:
 Windows 11 , 64 bit Build 22621 (10.0.22621.3527)
OS uptime: 3 days 0:34 hours

CPU: total 4 (initial active 4) (4 cores per cpu, 2 threads per core) family 23 model 24 stepping 1 microcode 0x0, cx8, cmov, fxsr, ht, mmx, 3dnowpref, sse, sse2, sse3, ssse3, sse4a, sse4.1, sse4.2, popcnt, lzcnt, tsc, tscinvbit, avx, avx2, aes, clmul, bmi1, bmi2, adx, sha, fma, vzeroupper, clflush, clflushopt, rdtscp, f16c
Processor Information for all 4 processors :
  Max Mhz: 2600, Current Mhz: 2600, Mhz Limit: 2600

Memory: 4k page, system-wide physical 3460M (417M free)
TotalPageFile size 14212M (AvailPageFile size 2M)
current process WorkingSet (physical memory assigned to process): 482M, peak: 482M
current process commit charge ("private bytes"): 604M, peak: 608M

vm_info: Java HotSpot(TM) 64-Bit Server VM (21.0.2+13-LTS-58) for windows-amd64 JRE (21.0.2+13-LTS-58), built on 2024-01-05T18:32:24Z by "mach5one" with MS VC++ 17.1 (VS2022)

END.
