#
# There is insufficient memory for the Java Runtime Environment to continue.
# Native memory allocation (malloc) failed to allocate 1773216 bytes for Chunk::new
# Possible reasons:
#   The system is out of physical RAM or swap space
#   The process is running with CompressedOops enabled, and the Java Heap may be blocking the growth of the native heap
# Possible solutions:
#   Reduce memory load on the system
#   Increase physical memory or swap space
#   Check if swap backing store is full
#   Decrease Java heap size (-Xmx/-Xms)
#   Decrease number of Java threads
#   Decrease Java thread stack sizes (-Xss)
#   Set larger code cache with -XX:ReservedCodeCacheSize=
#   JVM is running with Unscaled Compressed Oops mode in which the Java heap is
#     placed in the first 4GB address space. The Java Heap base address is the
#     maximum limit for the native heap growth. Please use -XX:HeapBaseMinAddress
#     to set the Java Heap base and to place the Java Heap above 4GB virtual address.
# This output file may be truncated or incomplete.
#
#  Out of Memory Error (arena.cpp:168), pid=24328, tid=8936
#
# JRE version: Java(TM) SE Runtime Environment (21.0.2+13) (build 21.0.2+13-LTS-58)
# Java VM: Java HotSpot(TM) 64-Bit Server VM (21.0.2+13-LTS-58, mixed mode, sharing, tiered, compressed oops, compressed class ptrs, g1 gc, windows-amd64)
# No core dump will be written. Minidumps are not enabled by default on client versions of Windows
#

---------------  S U M M A R Y ------------

Command Line: -javaagent:C:\Program Files\JetBrains\IntelliJ IDEA 2023.3.3\lib\idea_rt.jar=65189:C:\Program Files\JetBrains\IntelliJ IDEA 2023.3.3\bin -Dfile.encoding=UTF-8 -Dsun.stdout.encoding=UTF-8 -Dsun.stderr.encoding=UTF-8 --module-path=C:\Users\ezra\.m2\repository\com\github\almasb\fxgl-scene\17.3\fxgl-scene-17.3.jar;C:\Users\ezra\.m2\repository\com\github\almasb\fxgl-core\17.3\fxgl-core-17.3.jar;C:\Users\ezra\.m2\repository\com\github\almasb\fxgl\17.3\fxgl-17.3.jar;E:\SEMESTER 4\RPLBO\FIX_BANGET\target\classes;C:\Users\ezra\.m2\repository\com\dlsc\formsfx\formsfx-core\11.6.0\formsfx-core-11.6.0.jar;C:\Users\ezra\.m2\repository\org\kordamp\ikonli\ikonli-javafx\12.3.1\ikonli-javafx-12.3.1.jar;C:\Users\ezra\.m2\repository\com\gluonhq\attach\audio\4.0.17\audio-4.0.17.jar;C:\Users\ezra\.m2\repository\com\gluonhq\attach\lifecycle\4.0.17\lifecycle-4.0.17.jar;C:\Users\ezra\.m2\repository\eu\hansolo\tilesfx\11.48\tilesfx-11.48.jar;C:\Users\ezra\.m2\repository\org\openjfx\javafx-base\21\javafx-base-21-win.jar;C:\Users\ezra\.m2\repository\org\controlsfx\controlsfx\11.1.2\controlsfx-11.1.2.jar;C:\Users\ezra\.m2\repository\org\kordamp\ikonli\ikonli-core\12.3.1\ikonli-core-12.3.1.jar;C:\Users\ezra\.m2\repository\net\synedra\validatorfx\0.4.0\validatorfx-0.4.0.jar;C:\Users\ezra\.m2\repository\org\openjfx\javafx-fxml\21\javafx-fxml-21-win.jar;C:\Users\ezra\.m2\repository\com\fasterxml\jackson\core\jackson-core\2.14.2\jackson-core-2.14.2.jar;C:\Users\ezra\.m2\repository\com\fasterxml\jackson\core\jackson-databind\2.14.2\jackson-databind-2.14.2.jar;C:\Users\ezra\.m2\repository\org\kordamp\bootstrapfx\bootstrapfx-core\0.4.0\bootstrapfx-core-0.4.0.jar;C:\Users\ezra\.m2\repository\org\openjfx\javafx-media\21\javafx-media-21-win.jar;C:\Users\ezra\.m2\repository\com\github\almasb\fxgl-gameplay\17.3\fxgl-gameplay-17.3.jar;C:\Users\ezra\.m2\repository\com\github\almasb\fxgl-io\17.3\fxgl-io-17.3.jar;C:\Users\ezra\.m2\repository\com\fasterxml\jackson\core\jackson-annotations\2.14.2\jackson-annotations-2.14.2.jar;C:\Users\ezra\.m2\repository\com\github\almasb\fxgl-entity\17.3\fxgl-entity-17.3.jar;C:\Users\ezra\.m2\repository\com\gluonhq\attach\storage\4.0.17\storage-4.0.17.jar;C:\Users\ezra\.m2\repository\org-Djdk.module.main=org.example.fix_banget org.example.fix_banget/org.example.fix_banget.HelloApplication

Host: AMD Ryzen 3 3250U with Radeon Graphics         , 4 cores, 3G,  Windows 11 , 64 bit Build 22621 (10.0.22621.3527)
Time: Mon May 27 12:44:58 2024 SE Asia Standard Time elapsed time: 28.842924 seconds (0d 0h 0m 28s)

---------------  T H R E A D  ---------------

Current thread (0x000002825852c470):  JavaThread "C2 CompilerThread0" daemon [_thread_in_native, id=8936, stack(0x000000d03a400000,0x000000d03a500000) (1024K)]


Current CompileTask:
C2:  28843 4443   !   4       javafx.scene.CssStyleHelper::transitionToState (1039 bytes)

Stack: [0x000000d03a400000,0x000000d03a500000]
Native frames: (J=compiled Java code, j=interpreted, Vv=VM code, C=native code)
V  [jvm.dll+0x6cade9]
V  [jvm.dll+0x8569c1]
V  [jvm.dll+0x858d2e]
V  [jvm.dll+0x859413]
V  [jvm.dll+0x280e56]
V  [jvm.dll+0xc3f3d]
V  [jvm.dll+0xc4473]
V  [jvm.dll+0x3b5c2c]
V  [jvm.dll+0x1e2209]
V  [jvm.dll+0x249d22]
V  [jvm.dll+0x2491b1]
V  [jvm.dll+0x1c9634]
V  [jvm.dll+0x258859]
V  [jvm.dll+0x256e3a]
V  [jvm.dll+0x3ef6c6]
V  [jvm.dll+0x7ff568]
V  [jvm.dll+0x6c953d]
C  [ucrtbase.dll+0x29333]
C  [KERNEL32.DLL+0x1257d]
C  [ntdll.dll+0x5aa48]


---------------  P R O C E S S  ---------------

Threads class SMR info:
_java_thread_list=0x0000028258802ac0, length=19, elements={
0x000002823dbe9a10, 0x00000282585207b0, 0x00000282585216d0, 0x0000028258525f30,
0x00000282585289a0, 0x0000028258529a10, 0x000002825852b5b0, 0x000002825852c470,
0x000002825852cf10, 0x000002825874af70, 0x000002829e0e33b0, 0x0000028258a4a8d0,
0x000002829e351640, 0x000002829eb92570, 0x000002829e5ef440, 0x000002829eb598a0,
0x000002829e725500, 0x000002829ecbd3f0, 0x000002829ed4e860
}

Java Threads: ( => current thread )
  0x000002823dbe9a10 JavaThread "main"                              [_thread_blocked, id=25964, stack(0x000000d039600000,0x000000d039700000) (1024K)]
  0x00000282585207b0 JavaThread "Reference Handler"          daemon [_thread_blocked, id=25936, stack(0x000000d039e00000,0x000000d039f00000) (1024K)]
  0x00000282585216d0 JavaThread "Finalizer"                  daemon [_thread_blocked, id=24928, stack(0x000000d039f00000,0x000000d03a000000) (1024K)]
  0x0000028258525f30 JavaThread "Signal Dispatcher"          daemon [_thread_blocked, id=23332, stack(0x000000d03a000000,0x000000d03a100000) (1024K)]
  0x00000282585289a0 JavaThread "Attach Listener"            daemon [_thread_blocked, id=26612, stack(0x000000d03a100000,0x000000d03a200000) (1024K)]
  0x0000028258529a10 JavaThread "Service Thread"             daemon [_thread_blocked, id=25448, stack(0x000000d03a200000,0x000000d03a300000) (1024K)]
  0x000002825852b5b0 JavaThread "Monitor Deflation Thread"   daemon [_thread_blocked, id=11220, stack(0x000000d03a300000,0x000000d03a400000) (1024K)]
=>0x000002825852c470 JavaThread "C2 CompilerThread0"         daemon [_thread_in_native, id=8936, stack(0x000000d03a400000,0x000000d03a500000) (1024K)]
  0x000002825852cf10 JavaThread "C1 CompilerThread0"         daemon [_thread_blocked, id=26052, stack(0x000000d03a500000,0x000000d03a600000) (1024K)]
  0x000002825874af70 JavaThread "Common-Cleaner"             daemon [_thread_blocked, id=17152, stack(0x000000d03a600000,0x000000d03a700000) (1024K)]
  0x000002829e0e33b0 JavaThread "Monitor Ctrl-Break"         daemon [_thread_in_native, id=26368, stack(0x000000d03a700000,0x000000d03a800000) (1024K)]
  0x0000028258a4a8d0 JavaThread "Notification Thread"        daemon [_thread_blocked, id=21664, stack(0x000000d03a800000,0x000000d03a900000) (1024K)]
  0x000002829e351640 JavaThread "QuantumRenderer-0"          daemon [_thread_blocked, id=12596, stack(0x000000d03ac00000,0x000000d03ad00000) (1024K)]
  0x000002829eb92570 JavaThread "InvokeLaterDispatcher"      daemon [_thread_blocked, id=1380, stack(0x000000d03b000000,0x000000d03b100000) (1024K)]
  0x000002829e5ef440 JavaThread "JavaFX Application Thread"         [_thread_in_native, id=17608, stack(0x000000d03b100000,0x000000d03b200000) (1024K)]
  0x000002829eb598a0 JavaThread "Thread-1"                   daemon [_thread_in_native, id=24708, stack(0x000000d03b600000,0x000000d03b700000) (1024K)]
  0x000002829e725500 JavaThread "JavaFX-Launcher"                   [_thread_blocked, id=9792, stack(0x000000d03b700000,0x000000d03b800000) (1024K)]
  0x000002829ecbd3f0 JavaThread "Prism Font Disposer"        daemon [_thread_blocked, id=13656, stack(0x000000d03b800000,0x000000d03b900000) (1024K)]
  0x000002829ed4e860 JavaThread "Cleaner-0"                  daemon [_thread_blocked, id=15768, stack(0x000000d03ba00000,0x000000d03bb00000) (1024K)]
Total: 19

Other Threads:
  0x000002823dca9a40 VMThread "VM Thread"                           [id=23268, stack(0x000000d039d00000,0x000000d039e00000) (1024K)]
  0x000002825850dc00 WatcherThread "VM Periodic Task Thread"        [id=13284, stack(0x000000d039c00000,0x000000d039d00000) (1024K)]
  0x000002823dc1f4b0 WorkerThread "GC Thread#0"                     [id=10712, stack(0x000000d039700000,0x000000d039800000) (1024K)]
  0x00000282588c5c80 WorkerThread "GC Thread#1"                     [id=18272, stack(0x000000d03a900000,0x000000d03aa00000) (1024K)]
  0x000002829e07cd90 WorkerThread "GC Thread#2"                     [id=22136, stack(0x000000d03aa00000,0x000000d03ab00000) (1024K)]
  0x000002829e048010 WorkerThread "GC Thread#3"                     [id=24716, stack(0x000000d03ab00000,0x000000d03ac00000) (1024K)]
  0x000002823dc27280 ConcurrentGCThread "G1 Main Marker"            [id=22880, stack(0x000000d039800000,0x000000d039900000) (1024K)]
  0x000002823dc28520 WorkerThread "G1 Conc#0"                       [id=15260, stack(0x000000d039900000,0x000000d039a00000) (1024K)]
  0x000002823dc7cb40 ConcurrentGCThread "G1 Refine#0"               [id=24996, stack(0x000000d039a00000,0x000000d039b00000) (1024K)]
  0x000002823dc7d6b0 ConcurrentGCThread "G1 Service"                [id=10496, stack(0x000000d039b00000,0x000000d039c00000) (1024K)]
Total: 10

Threads with active compile tasks:
C2 CompilerThread0    28897 4443   !   4       javafx.scene.CssStyleHelper::transitionToState (1039 bytes)
Total: 1

VM state: not at safepoint (normal execution)

VM Mutex/Monitor currently owned by a thread: None

Heap address: 0x00000000c9e00000, size: 866 MB, Compressed Oops mode: 32-bit

CDS archive(s) mapped at: [0x0000028259000000-0x0000028259c90000-0x0000028259c90000), size 13172736, SharedBaseAddress: 0x0000028259000000, ArchiveRelocationMode: 1.
Compressed class space mapped at: 0x000002825a000000-0x000002829a000000, reserved size: 1073741824
Narrow klass base: 0x0000028259000000, Narrow klass shift: 0, Narrow klass range: 0x100000000

GC Precious Log:
 CardTable entry size: 512
 Card Set container configuration: InlinePtr #cards 5 size 8 Array Of Cards #cards 12 size 40 Howl #buckets 4 coarsen threshold 1843 Howl Bitmap #cards 512 size 80 coarsen threshold 460 Card regions per heap region 1 cards per card region 2048
 CPUs: 4 total, 4 available
 Memory: 3460M
 Large Page Support: Disabled
 NUMA Support: Disabled
 Compressed Oops: Enabled (32-bit)
 Heap Region Size: 1M
 Heap Min Capacity: 8M
 Heap Initial Capacity: 56M
 Heap Max Capacity: 866M
 Pre-touch: Disabled
 Parallel Workers: 4
 Concurrent Workers: 1
 Concurrent Refinement Workers: 4
 Periodic GC: Disabled

Heap:
 garbage-first heap   total 240640K, used 165973K [0x00000000c9e00000, 0x0000000100000000)
  region size 1024K, 28 young (28672K), 3 survivors (3072K)
 Metaspace       used 22218K, committed 22592K, reserved 1114112K
  class space    used 3265K, committed 3456K, reserved 1048576K

Heap Regions: E=young(eden), S=young(survivor), O=old, HS=humongous(starts), HC=humongous(continues), CS=collection set, F=free, TAMS=top-at-mark-start, PB=parsable bottom
|   0|0x00000000c9e00000, 0x00000000c9f00000, 0x00000000c9f00000|100%| O|  |TAMS 0x00000000c9e00000| PB 0x00000000c9e00000| Untracked 
|   1|0x00000000c9f00000, 0x00000000ca000000, 0x00000000ca000000|100%|HS|  |TAMS 0x00000000c9f00000| PB 0x00000000c9f00000| Complete 
|   2|0x00000000ca000000, 0x00000000ca100000, 0x00000000ca100000|100%|HC|  |TAMS 0x00000000ca000000| PB 0x00000000ca000000| Complete 
|   3|0x00000000ca100000, 0x00000000ca200000, 0x00000000ca200000|100%|HC|  |TAMS 0x00000000ca100000| PB 0x00000000ca100000| Complete 
|   4|0x00000000ca200000, 0x00000000ca300000, 0x00000000ca300000|100%|HC|  |TAMS 0x00000000ca200000| PB 0x00000000ca200000| Complete 
|   5|0x00000000ca300000, 0x00000000ca400000, 0x00000000ca400000|100%|HC|  |TAMS 0x00000000ca300000| PB 0x00000000ca300000| Complete 
|   6|0x00000000ca400000, 0x00000000ca500000, 0x00000000ca500000|100%|HC|  |TAMS 0x00000000ca400000| PB 0x00000000ca400000| Complete 
|   7|0x00000000ca500000, 0x00000000ca600000, 0x00000000ca600000|100%|HC|  |TAMS 0x00000000ca500000| PB 0x00000000ca500000| Complete 
|   8|0x00000000ca600000, 0x00000000ca700000, 0x00000000ca700000|100%|HC|  |TAMS 0x00000000ca600000| PB 0x00000000ca600000| Complete 
|   9|0x00000000ca700000, 0x00000000ca800000, 0x00000000ca800000|100%|HS|  |TAMS 0x00000000ca700000| PB 0x00000000ca700000| Complete 
|  10|0x00000000ca800000, 0x00000000ca900000, 0x00000000ca900000|100%|HC|  |TAMS 0x00000000ca800000| PB 0x00000000ca800000| Complete 
|  11|0x00000000ca900000, 0x00000000caa00000, 0x00000000caa00000|100%| O|  |TAMS 0x00000000ca900000| PB 0x00000000ca900000| Untracked 
|  12|0x00000000caa00000, 0x00000000cab00000, 0x00000000cab00000|100%| O|  |TAMS 0x00000000caa00000| PB 0x00000000caa00000| Untracked 
|  13|0x00000000cab00000, 0x00000000cac00000, 0x00000000cac00000|100%| O|  |TAMS 0x00000000cab00000| PB 0x00000000cab00000| Untracked 
|  14|0x00000000cac00000, 0x00000000cad00000, 0x00000000cad00000|100%| O|  |TAMS 0x00000000cac00000| PB 0x00000000cac00000| Untracked 
|  15|0x00000000cad00000, 0x00000000cae00000, 0x00000000cae00000|100%| O|  |TAMS 0x00000000cad00000| PB 0x00000000cad00000| Untracked 
|  16|0x00000000cae00000, 0x00000000caf00000, 0x00000000caf00000|100%| O|  |TAMS 0x00000000cae00000| PB 0x00000000cae00000| Untracked 
|  17|0x00000000caf00000, 0x00000000cb000000, 0x00000000cb000000|100%| O|  |TAMS 0x00000000caf00000| PB 0x00000000caf00000| Untracked 
|  18|0x00000000cb000000, 0x00000000cb100000, 0x00000000cb100000|100%|HS|  |TAMS 0x00000000cb000000| PB 0x00000000cb000000| Complete 
|  19|0x00000000cb100000, 0x00000000cb200000, 0x00000000cb200000|100%|HC|  |TAMS 0x00000000cb100000| PB 0x00000000cb100000| Complete 
|  20|0x00000000cb200000, 0x00000000cb300000, 0x00000000cb300000|100%|HC|  |TAMS 0x00000000cb200000| PB 0x00000000cb200000| Complete 
|  21|0x00000000cb300000, 0x00000000cb400000, 0x00000000cb400000|100%|HC|  |TAMS 0x00000000cb300000| PB 0x00000000cb300000| Complete 
|  22|0x00000000cb400000, 0x00000000cb500000, 0x00000000cb500000|100%|HC|  |TAMS 0x00000000cb400000| PB 0x00000000cb400000| Complete 
|  23|0x00000000cb500000, 0x00000000cb600000, 0x00000000cb600000|100%|HC|  |TAMS 0x00000000cb500000| PB 0x00000000cb500000| Complete 
|  24|0x00000000cb600000, 0x00000000cb700000, 0x00000000cb700000|100%|HC|  |TAMS 0x00000000cb600000| PB 0x00000000cb600000| Complete 
|  25|0x00000000cb700000, 0x00000000cb800000, 0x00000000cb800000|100%|HC|  |TAMS 0x00000000cb700000| PB 0x00000000cb700000| Complete 
|  26|0x00000000cb800000, 0x00000000cb800000, 0x00000000cb900000|  0%| F|  |TAMS 0x00000000cb800000| PB 0x00000000cb800000| Untracked 
|  27|0x00000000cb900000, 0x00000000cb900000, 0x00000000cba00000|  0%| F|  |TAMS 0x00000000cb900000| PB 0x00000000cb900000| Untracked 
|  28|0x00000000cba00000, 0x00000000cba00000, 0x00000000cbb00000|  0%| F|  |TAMS 0x00000000cba00000| PB 0x00000000cba00000| Untracked 
|  29|0x00000000cbb00000, 0x00000000cbb00000, 0x00000000cbc00000|  0%| F|  |TAMS 0x00000000cbb00000| PB 0x00000000cbb00000| Untracked 
|  30|0x00000000cbc00000, 0x00000000cbc00000, 0x00000000cbd00000|  0%| F|  |TAMS 0x00000000cbc00000| PB 0x00000000cbc00000| Untracked 
|  31|0x00000000cbd00000, 0x00000000cbd00000, 0x00000000cbe00000|  0%| F|  |TAMS 0x00000000cbd00000| PB 0x00000000cbd00000| Untracked 
|  32|0x00000000cbe00000, 0x00000000cbe00000, 0x00000000cbf00000|  0%| F|  |TAMS 0x00000000cbe00000| PB 0x00000000cbe00000| Untracked 
|  33|0x00000000cbf00000, 0x00000000cbf00000, 0x00000000cc000000|  0%| F|  |TAMS 0x00000000cbf00000| PB 0x00000000cbf00000| Untracked 
|  34|0x00000000cc000000, 0x00000000cc000000, 0x00000000cc100000|  0%| F|  |TAMS 0x00000000cc000000| PB 0x00000000cc000000| Untracked 
|  35|0x00000000cc100000, 0x00000000cc100000, 0x00000000cc200000|  0%| F|  |TAMS 0x00000000cc100000| PB 0x00000000cc100000| Untracked 
|  36|0x00000000cc200000, 0x00000000cc200000, 0x00000000cc300000|  0%| F|  |TAMS 0x00000000cc200000| PB 0x00000000cc200000| Untracked 
|  37|0x00000000cc300000, 0x00000000cc300000, 0x00000000cc400000|  0%| F|  |TAMS 0x00000000cc300000| PB 0x00000000cc300000| Untracked 
|  38|0x00000000cc400000, 0x00000000cc400000, 0x00000000cc500000|  0%| F|  |TAMS 0x00000000cc400000| PB 0x00000000cc400000| Untracked 
|  39|0x00000000cc500000, 0x00000000cc500000, 0x00000000cc600000|  0%| F|  |TAMS 0x00000000cc500000| PB 0x00000000cc500000| Untracked 
|  40|0x00000000cc600000, 0x00000000cc600000, 0x00000000cc700000|  0%| F|  |TAMS 0x00000000cc600000| PB 0x00000000cc600000| Untracked 
|  41|0x00000000cc700000, 0x00000000cc700000, 0x00000000cc800000|  0%| F|  |TAMS 0x00000000cc700000| PB 0x00000000cc700000| Untracked 
|  42|0x00000000cc800000, 0x00000000cc900000, 0x00000000cc900000|100%|HS|  |TAMS 0x00000000cc800000| PB 0x00000000cc800000| Complete 
|  43|0x00000000cc900000, 0x00000000cca00000, 0x00000000cca00000|100%|HC|  |TAMS 0x00000000cc900000| PB 0x00000000cc900000| Complete 
|  44|0x00000000cca00000, 0x00000000ccb00000, 0x00000000ccb00000|100%|HC|  |TAMS 0x00000000cca00000| PB 0x00000000cca00000| Complete 
|  45|0x00000000ccb00000, 0x00000000ccc00000, 0x00000000ccc00000|100%|HC|  |TAMS 0x00000000ccb00000| PB 0x00000000ccb00000| Complete 
|  46|0x00000000ccc00000, 0x00000000ccd00000, 0x00000000ccd00000|100%|HC|  |TAMS 0x00000000ccc00000| PB 0x00000000ccc00000| Complete 
|  47|0x00000000ccd00000, 0x00000000cce00000, 0x00000000cce00000|100%|HC|  |TAMS 0x00000000ccd00000| PB 0x00000000ccd00000| Complete 
|  48|0x00000000cce00000, 0x00000000ccf00000, 0x00000000ccf00000|100%|HC|  |TAMS 0x00000000cce00000| PB 0x00000000cce00000| Complete 
|  49|0x00000000ccf00000, 0x00000000cd000000, 0x00000000cd000000|100%|HC|  |TAMS 0x00000000ccf00000| PB 0x00000000ccf00000| Complete 
|  50|0x00000000cd000000, 0x00000000cd100000, 0x00000000cd100000|100%|HC|  |TAMS 0x00000000cd000000| PB 0x00000000cd000000| Complete 
|  51|0x00000000cd100000, 0x00000000cd200000, 0x00000000cd200000|100%|HC|  |TAMS 0x00000000cd100000| PB 0x00000000cd100000| Complete 
|  52|0x00000000cd200000, 0x00000000cd300000, 0x00000000cd300000|100%|HC|  |TAMS 0x00000000cd200000| PB 0x00000000cd200000| Complete 
|  53|0x00000000cd300000, 0x00000000cd400000, 0x00000000cd400000|100%|HC|  |TAMS 0x00000000cd300000| PB 0x00000000cd300000| Complete 
|  54|0x00000000cd400000, 0x00000000cd400000, 0x00000000cd500000|  0%| F|  |TAMS 0x00000000cd400000| PB 0x00000000cd400000| Untracked 
|  55|0x00000000cd500000, 0x00000000cd500000, 0x00000000cd600000|  0%| F|  |TAMS 0x00000000cd500000| PB 0x00000000cd500000| Untracked 
|  56|0x00000000cd600000, 0x00000000cd600000, 0x00000000cd700000|  0%| F|  |TAMS 0x00000000cd600000| PB 0x00000000cd600000| Untracked 
|  57|0x00000000cd700000, 0x00000000cd700000, 0x00000000cd800000|  0%| F|  |TAMS 0x00000000cd700000| PB 0x00000000cd700000| Untracked 
|  58|0x00000000cd800000, 0x00000000cd800000, 0x00000000cd900000|  0%| F|  |TAMS 0x00000000cd800000| PB 0x00000000cd800000| Untracked 
|  59|0x00000000cd900000, 0x00000000cd900000, 0x00000000cda00000|  0%| F|  |TAMS 0x00000000cd900000| PB 0x00000000cd900000| Untracked 
|  60|0x00000000cda00000, 0x00000000cda00000, 0x00000000cdb00000|  0%| F|  |TAMS 0x00000000cda00000| PB 0x00000000cda00000| Untracked 
|  61|0x00000000cdb00000, 0x00000000cdb00000, 0x00000000cdc00000|  0%| F|  |TAMS 0x00000000cdb00000| PB 0x00000000cdb00000| Untracked 
|  62|0x00000000cdc00000, 0x00000000cdc00000, 0x00000000cdd00000|  0%| F|  |TAMS 0x00000000cdc00000| PB 0x00000000cdc00000| Untracked 
|  63|0x00000000cdd00000, 0x00000000cdd00000, 0x00000000cde00000|  0%| F|  |TAMS 0x00000000cdd00000| PB 0x00000000cdd00000| Untracked 
|  64|0x00000000cde00000, 0x00000000cde00000, 0x00000000cdf00000|  0%| F|  |TAMS 0x00000000cde00000| PB 0x00000000cde00000| Untracked 
|  65|0x00000000cdf00000, 0x00000000cdf00000, 0x00000000ce000000|  0%| F|  |TAMS 0x00000000cdf00000| PB 0x00000000cdf00000| Untracked 
|  66|0x00000000ce000000, 0x00000000ce000000, 0x00000000ce100000|  0%| F|  |TAMS 0x00000000ce000000| PB 0x00000000ce000000| Untracked 
|  67|0x00000000ce100000, 0x00000000ce100000, 0x00000000ce200000|  0%| F|  |TAMS 0x00000000ce100000| PB 0x00000000ce100000| Untracked 
|  68|0x00000000ce200000, 0x00000000ce200000, 0x00000000ce300000|  0%| F|  |TAMS 0x00000000ce200000| PB 0x00000000ce200000| Untracked 
|  69|0x00000000ce300000, 0x00000000ce300000, 0x00000000ce400000|  0%| F|  |TAMS 0x00000000ce300000| PB 0x00000000ce300000| Untracked 
|  70|0x00000000ce400000, 0x00000000ce400000, 0x00000000ce500000|  0%| F|  |TAMS 0x00000000ce400000| PB 0x00000000ce400000| Untracked 
|  71|0x00000000ce500000, 0x00000000ce500000, 0x00000000ce600000|  0%| F|  |TAMS 0x00000000ce500000| PB 0x00000000ce500000| Untracked 
|  72|0x00000000ce600000, 0x00000000ce600000, 0x00000000ce700000|  0%| F|  |TAMS 0x00000000ce600000| PB 0x00000000ce600000| Untracked 
|  73|0x00000000ce700000, 0x00000000ce700000, 0x00000000ce800000|  0%| F|  |TAMS 0x00000000ce700000| PB 0x00000000ce700000| Untracked 
|  74|0x00000000ce800000, 0x00000000ce800000, 0x00000000ce900000|  0%| F|  |TAMS 0x00000000ce800000| PB 0x00000000ce800000| Untracked 
|  75|0x00000000ce900000, 0x00000000ce900000, 0x00000000cea00000|  0%| F|  |TAMS 0x00000000ce900000| PB 0x00000000ce900000| Untracked 
|  76|0x00000000cea00000, 0x00000000cea00000, 0x00000000ceb00000|  0%| F|  |TAMS 0x00000000cea00000| PB 0x00000000cea00000| Untracked 
|  77|0x00000000ceb00000, 0x00000000ceb00000, 0x00000000cec00000|  0%| F|  |TAMS 0x00000000ceb00000| PB 0x00000000ceb00000| Untracked 
|  78|0x00000000cec00000, 0x00000000cec00000, 0x00000000ced00000|  0%| F|  |TAMS 0x00000000cec00000| PB 0x00000000cec00000| Untracked 
|  79|0x00000000ced00000, 0x00000000ced00000, 0x00000000cee00000|  0%| F|  |TAMS 0x00000000ced00000| PB 0x00000000ced00000| Untracked 
|  80|0x00000000cee00000, 0x00000000cee00000, 0x00000000cef00000|  0%| F|  |TAMS 0x00000000cee00000| PB 0x00000000cee00000| Untracked 
|  81|0x00000000cef00000, 0x00000000cef00000, 0x00000000cf000000|  0%| F|  |TAMS 0x00000000cef00000| PB 0x00000000cef00000| Untracked 
|  82|0x00000000cf000000, 0x00000000cf000000, 0x00000000cf100000|  0%| F|  |TAMS 0x00000000cf000000| PB 0x00000000cf000000| Untracked 
|  83|0x00000000cf100000, 0x00000000cf100000, 0x00000000cf200000|  0%| F|  |TAMS 0x00000000cf100000| PB 0x00000000cf100000| Untracked 
|  84|0x00000000cf200000, 0x00000000cf300000, 0x00000000cf300000|100%|HS|  |TAMS 0x00000000cf200000| PB 0x00000000cf200000| Complete 
|  85|0x00000000cf300000, 0x00000000cf400000, 0x00000000cf400000|100%|HC|  |TAMS 0x00000000cf300000| PB 0x00000000cf300000| Complete 
|  86|0x00000000cf400000, 0x00000000cf500000, 0x00000000cf500000|100%|HC|  |TAMS 0x00000000cf400000| PB 0x00000000cf400000| Complete 
|  87|0x00000000cf500000, 0x00000000cf600000, 0x00000000cf600000|100%|HC|  |TAMS 0x00000000cf500000| PB 0x00000000cf500000| Complete 
|  88|0x00000000cf600000, 0x00000000cf700000, 0x00000000cf700000|100%|HC|  |TAMS 0x00000000cf600000| PB 0x00000000cf600000| Complete 
|  89|0x00000000cf700000, 0x00000000cf800000, 0x00000000cf800000|100%|HC|  |TAMS 0x00000000cf700000| PB 0x00000000cf700000| Complete 
|  90|0x00000000cf800000, 0x00000000cf900000, 0x00000000cf900000|100%|HC|  |TAMS 0x00000000cf800000| PB 0x00000000cf800000| Complete 
|  91|0x00000000cf900000, 0x00000000cfa00000, 0x00000000cfa00000|100%|HC|  |TAMS 0x00000000cf900000| PB 0x00000000cf900000| Complete 
|  92|0x00000000cfa00000, 0x00000000cfb00000, 0x00000000cfb00000|100%|HC|  |TAMS 0x00000000cfa00000| PB 0x00000000cfa00000| Complete 
|  93|0x00000000cfb00000, 0x00000000cfc00000, 0x00000000cfc00000|100%|HC|  |TAMS 0x00000000cfb00000| PB 0x00000000cfb00000| Complete 
|  94|0x00000000cfc00000, 0x00000000cfd00000, 0x00000000cfd00000|100%|HC|  |TAMS 0x00000000cfc00000| PB 0x00000000cfc00000| Complete 
|  95|0x00000000cfd00000, 0x00000000cfe00000, 0x00000000cfe00000|100%|HC|  |TAMS 0x00000000cfd00000| PB 0x00000000cfd00000| Complete 
|  96|0x00000000cfe00000, 0x00000000cff00000, 0x00000000cff00000|100%|HC|  |TAMS 0x00000000cfe00000| PB 0x00000000cfe00000| Complete 
|  97|0x00000000cff00000, 0x00000000d0000000, 0x00000000d0000000|100%|HC|  |TAMS 0x00000000cff00000| PB 0x00000000cff00000| Complete 
|  98|0x00000000d0000000, 0x00000000d0100000, 0x00000000d0100000|100%|HC|  |TAMS 0x00000000d0000000| PB 0x00000000d0000000| Complete 
|  99|0x00000000d0100000, 0x00000000d0200000, 0x00000000d0200000|100%|HC|  |TAMS 0x00000000d0100000| PB 0x00000000d0100000| Complete 
| 100|0x00000000d0200000, 0x00000000d0300000, 0x00000000d0300000|100%|HC|  |TAMS 0x00000000d0200000| PB 0x00000000d0200000| Complete 
| 101|0x00000000d0300000, 0x00000000d0400000, 0x00000000d0400000|100%|HC|  |TAMS 0x00000000d0300000| PB 0x00000000d0300000| Complete 
| 102|0x00000000d0400000, 0x00000000d0500000, 0x00000000d0500000|100%|HC|  |TAMS 0x00000000d0400000| PB 0x00000000d0400000| Complete 
| 103|0x00000000d0500000, 0x00000000d0600000, 0x00000000d0600000|100%|HC|  |TAMS 0x00000000d0500000| PB 0x00000000d0500000| Complete 
| 104|0x00000000d0600000, 0x00000000d0700000, 0x00000000d0700000|100%|HC|  |TAMS 0x00000000d0600000| PB 0x00000000d0600000| Complete 
| 105|0x00000000d0700000, 0x00000000d0800000, 0x00000000d0800000|100%|HC|  |TAMS 0x00000000d0700000| PB 0x00000000d0700000| Complete 
| 106|0x00000000d0800000, 0x00000000d0900000, 0x00000000d0900000|100%|HC|  |TAMS 0x00000000d0800000| PB 0x00000000d0800000| Complete 
| 107|0x00000000d0900000, 0x00000000d0a00000, 0x00000000d0a00000|100%|HC|  |TAMS 0x00000000d0900000| PB 0x00000000d0900000| Complete 
| 108|0x00000000d0a00000, 0x00000000d0b00000, 0x00000000d0b00000|100%|HC|  |TAMS 0x00000000d0a00000| PB 0x00000000d0a00000| Complete 
| 109|0x00000000d0b00000, 0x00000000d0c00000, 0x00000000d0c00000|100%|HC|  |TAMS 0x00000000d0b00000| PB 0x00000000d0b00000| Complete 
| 110|0x00000000d0c00000, 0x00000000d0d00000, 0x00000000d0d00000|100%|HC|  |TAMS 0x00000000d0c00000| PB 0x00000000d0c00000| Complete 
| 111|0x00000000d0d00000, 0x00000000d0e00000, 0x00000000d0e00000|100%|HC|  |TAMS 0x00000000d0d00000| PB 0x00000000d0d00000| Complete 
| 112|0x00000000d0e00000, 0x00000000d0f00000, 0x00000000d0f00000|100%|HC|  |TAMS 0x00000000d0e00000| PB 0x00000000d0e00000| Complete 
| 113|0x00000000d0f00000, 0x00000000d1000000, 0x00000000d1000000|100%|HC|  |TAMS 0x00000000d0f00000| PB 0x00000000d0f00000| Complete 
| 114|0x00000000d1000000, 0x00000000d1100000, 0x00000000d1100000|100%|HC|  |TAMS 0x00000000d1000000| PB 0x00000000d1000000| Complete 
| 115|0x00000000d1100000, 0x00000000d1200000, 0x00000000d1200000|100%|HC|  |TAMS 0x00000000d1100000| PB 0x00000000d1100000| Complete 
| 116|0x00000000d1200000, 0x00000000d1300000, 0x00000000d1300000|100%|HC|  |TAMS 0x00000000d1200000| PB 0x00000000d1200000| Complete 
| 117|0x00000000d1300000, 0x00000000d1400000, 0x00000000d1400000|100%|HC|  |TAMS 0x00000000d1300000| PB 0x00000000d1300000| Complete 
| 118|0x00000000d1400000, 0x00000000d1400000, 0x00000000d1500000|  0%| F|  |TAMS 0x00000000d1400000| PB 0x00000000d1400000| Untracked 
| 119|0x00000000d1500000, 0x00000000d1500000, 0x00000000d1600000|  0%| F|  |TAMS 0x00000000d1500000| PB 0x00000000d1500000| Untracked 
| 120|0x00000000d1600000, 0x00000000d1600000, 0x00000000d1700000|  0%| F|  |TAMS 0x00000000d1600000| PB 0x00000000d1600000| Untracked 
| 121|0x00000000d1700000, 0x00000000d1700000, 0x00000000d1800000|  0%| F|  |TAMS 0x00000000d1700000| PB 0x00000000d1700000| Untracked 
| 122|0x00000000d1800000, 0x00000000d1800000, 0x00000000d1900000|  0%| F|  |TAMS 0x00000000d1800000| PB 0x00000000d1800000| Untracked 
| 123|0x00000000d1900000, 0x00000000d1900000, 0x00000000d1a00000|  0%| F|  |TAMS 0x00000000d1900000| PB 0x00000000d1900000| Untracked 
| 124|0x00000000d1a00000, 0x00000000d1a00000, 0x00000000d1b00000|  0%| F|  |TAMS 0x00000000d1a00000| PB 0x00000000d1a00000| Untracked 
| 125|0x00000000d1b00000, 0x00000000d1b00000, 0x00000000d1c00000|  0%| F|  |TAMS 0x00000000d1b00000| PB 0x00000000d1b00000| Untracked 
| 126|0x00000000d1c00000, 0x00000000d1c00000, 0x00000000d1d00000|  0%| F|  |TAMS 0x00000000d1c00000| PB 0x00000000d1c00000| Untracked 
| 127|0x00000000d1d00000, 0x00000000d1d00000, 0x00000000d1e00000|  0%| F|  |TAMS 0x00000000d1d00000| PB 0x00000000d1d00000| Untracked 
| 128|0x00000000d1e00000, 0x00000000d1e00000, 0x00000000d1f00000|  0%| F|  |TAMS 0x00000000d1e00000| PB 0x00000000d1e00000| Untracked 
| 129|0x00000000d1f00000, 0x00000000d1f00000, 0x00000000d2000000|  0%| F|  |TAMS 0x00000000d1f00000| PB 0x00000000d1f00000| Untracked 
| 130|0x00000000d2000000, 0x00000000d2000000, 0x00000000d2100000|  0%| F|  |TAMS 0x00000000d2000000| PB 0x00000000d2000000| Untracked 
| 131|0x00000000d2100000, 0x00000000d2100000, 0x00000000d2200000|  0%| F|  |TAMS 0x00000000d2100000| PB 0x00000000d2100000| Untracked 
| 132|0x00000000d2200000, 0x00000000d2200000, 0x00000000d2300000|  0%| F|  |TAMS 0x00000000d2200000| PB 0x00000000d2200000| Untracked 
| 133|0x00000000d2300000, 0x00000000d2300000, 0x00000000d2400000|  0%| F|  |TAMS 0x00000000d2300000| PB 0x00000000d2300000| Untracked 
| 134|0x00000000d2400000, 0x00000000d2400000, 0x00000000d2500000|  0%| F|  |TAMS 0x00000000d2400000| PB 0x00000000d2400000| Untracked 
| 135|0x00000000d2500000, 0x00000000d2500000, 0x00000000d2600000|  0%| F|  |TAMS 0x00000000d2500000| PB 0x00000000d2500000| Untracked 
| 136|0x00000000d2600000, 0x00000000d2600000, 0x00000000d2700000|  0%| F|  |TAMS 0x00000000d2600000| PB 0x00000000d2600000| Untracked 
| 137|0x00000000d2700000, 0x00000000d2700000, 0x00000000d2800000|  0%| F|  |TAMS 0x00000000d2700000| PB 0x00000000d2700000| Untracked 
| 138|0x00000000d2800000, 0x00000000d2900000, 0x00000000d2900000|100%|HS|  |TAMS 0x00000000d2800000| PB 0x00000000d2800000| Complete 
| 139|0x00000000d2900000, 0x00000000d2a00000, 0x00000000d2a00000|100%|HC|  |TAMS 0x00000000d2900000| PB 0x00000000d2900000| Complete 
| 140|0x00000000d2a00000, 0x00000000d2b00000, 0x00000000d2b00000|100%|HC|  |TAMS 0x00000000d2a00000| PB 0x00000000d2a00000| Complete 
| 141|0x00000000d2b00000, 0x00000000d2c00000, 0x00000000d2c00000|100%|HC|  |TAMS 0x00000000d2b00000| PB 0x00000000d2b00000| Complete 
| 142|0x00000000d2c00000, 0x00000000d2d00000, 0x00000000d2d00000|100%|HC|  |TAMS 0x00000000d2c00000| PB 0x00000000d2c00000| Complete 
| 143|0x00000000d2d00000, 0x00000000d2e00000, 0x00000000d2e00000|100%|HC|  |TAMS 0x00000000d2d00000| PB 0x00000000d2d00000| Complete 
| 144|0x00000000d2e00000, 0x00000000d2f00000, 0x00000000d2f00000|100%|HC|  |TAMS 0x00000000d2e00000| PB 0x00000000d2e00000| Complete 
| 145|0x00000000d2f00000, 0x00000000d3000000, 0x00000000d3000000|100%|HC|  |TAMS 0x00000000d2f00000| PB 0x00000000d2f00000| Complete 
| 146|0x00000000d3000000, 0x00000000d3100000, 0x00000000d3100000|100%|HC|  |TAMS 0x00000000d3000000| PB 0x00000000d3000000| Complete 
| 147|0x00000000d3100000, 0x00000000d3200000, 0x00000000d3200000|100%|HC|  |TAMS 0x00000000d3100000| PB 0x00000000d3100000| Complete 
| 148|0x00000000d3200000, 0x00000000d3300000, 0x00000000d3300000|100%|HC|  |TAMS 0x00000000d3200000| PB 0x00000000d3200000| Complete 
| 149|0x00000000d3300000, 0x00000000d3400000, 0x00000000d3400000|100%|HC|  |TAMS 0x00000000d3300000| PB 0x00000000d3300000| Complete 
| 150|0x00000000d3400000, 0x00000000d3500000, 0x00000000d3500000|100%|HC|  |TAMS 0x00000000d3400000| PB 0x00000000d3400000| Complete 
| 151|0x00000000d3500000, 0x00000000d3600000, 0x00000000d3600000|100%|HC|  |TAMS 0x00000000d3500000| PB 0x00000000d3500000| Complete 
| 152|0x00000000d3600000, 0x00000000d3700000, 0x00000000d3700000|100%|HC|  |TAMS 0x00000000d3600000| PB 0x00000000d3600000| Complete 
| 153|0x00000000d3700000, 0x00000000d3800000, 0x00000000d3800000|100%|HC|  |TAMS 0x00000000d3700000| PB 0x00000000d3700000| Complete 
| 154|0x00000000d3800000, 0x00000000d3900000, 0x00000000d3900000|100%|HC|  |TAMS 0x00000000d3800000| PB 0x00000000d3800000| Complete 
| 155|0x00000000d3900000, 0x00000000d3a00000, 0x00000000d3a00000|100%|HC|  |TAMS 0x00000000d3900000| PB 0x00000000d3900000| Complete 
| 156|0x00000000d3a00000, 0x00000000d3b00000, 0x00000000d3b00000|100%|HC|  |TAMS 0x00000000d3a00000| PB 0x00000000d3a00000| Complete 
| 157|0x00000000d3b00000, 0x00000000d3c00000, 0x00000000d3c00000|100%|HC|  |TAMS 0x00000000d3b00000| PB 0x00000000d3b00000| Complete 
| 158|0x00000000d3c00000, 0x00000000d3d00000, 0x00000000d3d00000|100%|HC|  |TAMS 0x00000000d3c00000| PB 0x00000000d3c00000| Complete 
| 159|0x00000000d3d00000, 0x00000000d3e00000, 0x00000000d3e00000|100%|HC|  |TAMS 0x00000000d3d00000| PB 0x00000000d3d00000| Complete 
| 160|0x00000000d3e00000, 0x00000000d3f00000, 0x00000000d3f00000|100%|HC|  |TAMS 0x00000000d3e00000| PB 0x00000000d3e00000| Complete 
| 161|0x00000000d3f00000, 0x00000000d4000000, 0x00000000d4000000|100%|HC|  |TAMS 0x00000000d3f00000| PB 0x00000000d3f00000| Complete 
| 162|0x00000000d4000000, 0x00000000d4100000, 0x00000000d4100000|100%|HC|  |TAMS 0x00000000d4000000| PB 0x00000000d4000000| Complete 
| 163|0x00000000d4100000, 0x00000000d4200000, 0x00000000d4200000|100%|HC|  |TAMS 0x00000000d4100000| PB 0x00000000d4100000| Complete 
| 164|0x00000000d4200000, 0x00000000d4300000, 0x00000000d4300000|100%|HC|  |TAMS 0x00000000d4200000| PB 0x00000000d4200000| Complete 
| 165|0x00000000d4300000, 0x00000000d4400000, 0x00000000d4400000|100%|HC|  |TAMS 0x00000000d4300000| PB 0x00000000d4300000| Complete 
| 166|0x00000000d4400000, 0x00000000d4500000, 0x00000000d4500000|100%|HC|  |TAMS 0x00000000d4400000| PB 0x00000000d4400000| Complete 
| 167|0x00000000d4500000, 0x00000000d4600000, 0x00000000d4600000|100%|HC|  |TAMS 0x00000000d4500000| PB 0x00000000d4500000| Complete 
| 168|0x00000000d4600000, 0x00000000d4700000, 0x00000000d4700000|100%|HC|  |TAMS 0x00000000d4600000| PB 0x00000000d4600000| Complete 
| 169|0x00000000d4700000, 0x00000000d4800000, 0x00000000d4800000|100%|HC|  |TAMS 0x00000000d4700000| PB 0x00000000d4700000| Complete 
| 170|0x00000000d4800000, 0x00000000d4900000, 0x00000000d4900000|100%|HC|  |TAMS 0x00000000d4800000| PB 0x00000000d4800000| Complete 
| 171|0x00000000d4900000, 0x00000000d4a00000, 0x00000000d4a00000|100%|HC|  |TAMS 0x00000000d4900000| PB 0x00000000d4900000| Complete 
| 172|0x00000000d4a00000, 0x00000000d4b00000, 0x00000000d4b00000|100%|HC|  |TAMS 0x00000000d4a00000| PB 0x00000000d4a00000| Complete 
| 173|0x00000000d4b00000, 0x00000000d4c00000, 0x00000000d4c00000|100%|HC|  |TAMS 0x00000000d4b00000| PB 0x00000000d4b00000| Complete 
| 174|0x00000000d4c00000, 0x00000000d4d00000, 0x00000000d4d00000|100%|HC|  |TAMS 0x00000000d4c00000| PB 0x00000000d4c00000| Complete 
| 175|0x00000000d4d00000, 0x00000000d4e00000, 0x00000000d4e00000|100%|HC|  |TAMS 0x00000000d4d00000| PB 0x00000000d4d00000| Complete 
| 176|0x00000000d4e00000, 0x00000000d4f00000, 0x00000000d4f00000|100%|HC|  |TAMS 0x00000000d4e00000| PB 0x00000000d4e00000| Complete 
| 177|0x00000000d4f00000, 0x00000000d5000000, 0x00000000d5000000|100%|HC|  |TAMS 0x00000000d4f00000| PB 0x00000000d4f00000| Complete 
| 178|0x00000000d5000000, 0x00000000d5100000, 0x00000000d5100000|100%|HC|  |TAMS 0x00000000d5000000| PB 0x00000000d5000000| Complete 
| 179|0x00000000d5100000, 0x00000000d5200000, 0x00000000d5200000|100%|HC|  |TAMS 0x00000000d5100000| PB 0x00000000d5100000| Complete 
| 180|0x00000000d5200000, 0x00000000d5300000, 0x00000000d5300000|100%|HC|  |TAMS 0x00000000d5200000| PB 0x00000000d5200000| Complete 
| 181|0x00000000d5300000, 0x00000000d5400000, 0x00000000d5400000|100%|HC|  |TAMS 0x00000000d5300000| PB 0x00000000d5300000| Complete 
| 182|0x00000000d5400000, 0x00000000d5500000, 0x00000000d5500000|100%|HC|  |TAMS 0x00000000d5400000| PB 0x00000000d5400000| Complete 
| 183|0x00000000d5500000, 0x00000000d5600000, 0x00000000d5600000|100%|HC|  |TAMS 0x00000000d5500000| PB 0x00000000d5500000| Complete 
| 184|0x00000000d5600000, 0x00000000d5700000, 0x00000000d5700000|100%|HC|  |TAMS 0x00000000d5600000| PB 0x00000000d5600000| Complete 
| 185|0x00000000d5700000, 0x00000000d5800000, 0x00000000d5800000|100%|HC|  |TAMS 0x00000000d5700000| PB 0x00000000d5700000| Complete 
| 186|0x00000000d5800000, 0x00000000d5900000, 0x00000000d5900000|100%|HC|  |TAMS 0x00000000d5800000| PB 0x00000000d5800000| Complete 
| 187|0x00000000d5900000, 0x00000000d5a00000, 0x00000000d5a00000|100%|HC|  |TAMS 0x00000000d5900000| PB 0x00000000d5900000| Complete 
| 188|0x00000000d5a00000, 0x00000000d5b00000, 0x00000000d5b00000|100%|HC|  |TAMS 0x00000000d5a00000| PB 0x00000000d5a00000| Complete 
| 189|0x00000000d5b00000, 0x00000000d5c00000, 0x00000000d5c00000|100%|HC|  |TAMS 0x00000000d5b00000| PB 0x00000000d5b00000| Complete 
| 190|0x00000000d5c00000, 0x00000000d5d00000, 0x00000000d5d00000|100%|HC|  |TAMS 0x00000000d5c00000| PB 0x00000000d5c00000| Complete 
| 191|0x00000000d5d00000, 0x00000000d5e00000, 0x00000000d5e00000|100%|HC|  |TAMS 0x00000000d5d00000| PB 0x00000000d5d00000| Complete 
| 192|0x00000000d5e00000, 0x00000000d5f00000, 0x00000000d5f00000|100%|HC|  |TAMS 0x00000000d5e00000| PB 0x00000000d5e00000| Complete 
| 193|0x00000000d5f00000, 0x00000000d6000000, 0x00000000d6000000|100%|HC|  |TAMS 0x00000000d5f00000| PB 0x00000000d5f00000| Complete 
| 194|0x00000000d6000000, 0x00000000d6100000, 0x00000000d6100000|100%|HC|  |TAMS 0x00000000d6000000| PB 0x00000000d6000000| Complete 
| 195|0x00000000d6100000, 0x00000000d6200000, 0x00000000d6200000|100%|HC|  |TAMS 0x00000000d6100000| PB 0x00000000d6100000| Complete 
| 196|0x00000000d6200000, 0x00000000d6300000, 0x00000000d6300000|100%|HC|  |TAMS 0x00000000d6200000| PB 0x00000000d6200000| Complete 
| 197|0x00000000d6300000, 0x00000000d6400000, 0x00000000d6400000|100%|HC|  |TAMS 0x00000000d6300000| PB 0x00000000d6300000| Complete 
| 198|0x00000000d6400000, 0x00000000d6500000, 0x00000000d6500000|100%|HC|  |TAMS 0x00000000d6400000| PB 0x00000000d6400000| Complete 
| 199|0x00000000d6500000, 0x00000000d6600000, 0x00000000d6600000|100%|HC|  |TAMS 0x00000000d6500000| PB 0x00000000d6500000| Complete 
| 200|0x00000000d6600000, 0x00000000d6700000, 0x00000000d6700000|100%|HC|  |TAMS 0x00000000d6600000| PB 0x00000000d6600000| Complete 
| 201|0x00000000d6700000, 0x00000000d6800000, 0x00000000d6800000|100%|HC|  |TAMS 0x00000000d6700000| PB 0x00000000d6700000| Complete 
| 202|0x00000000d6800000, 0x00000000d6900000, 0x00000000d6900000|100%|HC|  |TAMS 0x00000000d6800000| PB 0x00000000d6800000| Complete 
| 203|0x00000000d6900000, 0x00000000d6900000, 0x00000000d6a00000|  0%| F|  |TAMS 0x00000000d6900000| PB 0x00000000d6900000| Untracked 
| 204|0x00000000d6a00000, 0x00000000d6a00000, 0x00000000d6b00000|  0%| F|  |TAMS 0x00000000d6a00000| PB 0x00000000d6a00000| Untracked 
| 205|0x00000000d6b00000, 0x00000000d6b00000, 0x00000000d6c00000|  0%| F|  |TAMS 0x00000000d6b00000| PB 0x00000000d6b00000| Untracked 
| 206|0x00000000d6c00000, 0x00000000d6c00000, 0x00000000d6d00000|  0%| F|  |TAMS 0x00000000d6c00000| PB 0x00000000d6c00000| Untracked 
| 207|0x00000000d6d00000, 0x00000000d6d451e0, 0x00000000d6e00000| 26%| E|  |TAMS 0x00000000d6d00000| PB 0x00000000d6d00000| Complete 
| 208|0x00000000d6e00000, 0x00000000d6f00000, 0x00000000d6f00000|100%| E|CS|TAMS 0x00000000d6e00000| PB 0x00000000d6e00000| Complete 
| 209|0x00000000d6f00000, 0x00000000d7000000, 0x00000000d7000000|100%| E|CS|TAMS 0x00000000d6f00000| PB 0x00000000d6f00000| Complete 
| 210|0x00000000d7000000, 0x00000000d7100000, 0x00000000d7100000|100%| E|CS|TAMS 0x00000000d7000000| PB 0x00000000d7000000| Complete 
| 211|0x00000000d7100000, 0x00000000d7200000, 0x00000000d7200000|100%| E|CS|TAMS 0x00000000d7100000| PB 0x00000000d7100000| Complete 
| 212|0x00000000d7200000, 0x00000000d7300000, 0x00000000d7300000|100%| E|CS|TAMS 0x00000000d7200000| PB 0x00000000d7200000| Complete 
| 213|0x00000000d7300000, 0x00000000d7400000, 0x00000000d7400000|100%| E|CS|TAMS 0x00000000d7300000| PB 0x00000000d7300000| Complete 
| 214|0x00000000d7400000, 0x00000000d7500000, 0x00000000d7500000|100%| E|CS|TAMS 0x00000000d7400000| PB 0x00000000d7400000| Complete 
| 215|0x00000000d7500000, 0x00000000d7600000, 0x00000000d7600000|100%| E|CS|TAMS 0x00000000d7500000| PB 0x00000000d7500000| Complete 
| 216|0x00000000d7600000, 0x00000000d7700000, 0x00000000d7700000|100%| E|CS|TAMS 0x00000000d7600000| PB 0x00000000d7600000| Complete 
| 217|0x00000000d7700000, 0x00000000d7715470, 0x00000000d7800000|  8%| S|CS|TAMS 0x00000000d7700000| PB 0x00000000d7700000| Complete 
| 218|0x00000000d7800000, 0x00000000d7900000, 0x00000000d7900000|100%| S|CS|TAMS 0x00000000d7800000| PB 0x00000000d7800000| Complete 
| 219|0x00000000d7900000, 0x00000000d7a00000, 0x00000000d7a00000|100%| S|CS|TAMS 0x00000000d7900000| PB 0x00000000d7900000| Complete 
| 220|0x00000000d7a00000, 0x00000000d7b00000, 0x00000000d7b00000|100%| E|CS|TAMS 0x00000000d7a00000| PB 0x00000000d7a00000| Complete 
| 221|0x00000000d7b00000, 0x00000000d7c00000, 0x00000000d7c00000|100%| E|CS|TAMS 0x00000000d7b00000| PB 0x00000000d7b00000| Complete 
| 222|0x00000000d7c00000, 0x00000000d7d00000, 0x00000000d7d00000|100%| E|CS|TAMS 0x00000000d7c00000| PB 0x00000000d7c00000| Complete 
| 223|0x00000000d7d00000, 0x00000000d7e00000, 0x00000000d7e00000|100%| E|  |TAMS 0x00000000d7d00000| PB 0x00000000d7d00000| Complete 
| 224|0x00000000d7e00000, 0x00000000d7f00000, 0x00000000d7f00000|100%| E|CS|TAMS 0x00000000d7e00000| PB 0x00000000d7e00000| Complete 
| 225|0x00000000d7f00000, 0x00000000d8000000, 0x00000000d8000000|100%| E|CS|TAMS 0x00000000d7f00000| PB 0x00000000d7f00000| Complete 
| 226|0x00000000d8000000, 0x00000000d8100000, 0x00000000d8100000|100%| E|CS|TAMS 0x00000000d8000000| PB 0x00000000d8000000| Complete 
| 227|0x00000000d8100000, 0x00000000d8200000, 0x00000000d8200000|100%| E|CS|TAMS 0x00000000d8100000| PB 0x00000000d8100000| Complete 
| 228|0x00000000d8200000, 0x00000000d8300000, 0x00000000d8300000|100%| E|CS|TAMS 0x00000000d8200000| PB 0x00000000d8200000| Complete 
| 229|0x00000000d8300000, 0x00000000d8400000, 0x00000000d8400000|100%| E|CS|TAMS 0x00000000d8300000| PB 0x00000000d8300000| Complete 
| 230|0x00000000d8400000, 0x00000000d8500000, 0x00000000d8500000|100%| E|CS|TAMS 0x00000000d8400000| PB 0x00000000d8400000| Complete 
| 231|0x00000000d8500000, 0x00000000d8600000, 0x00000000d8600000|100%| E|CS|TAMS 0x00000000d8500000| PB 0x00000000d8500000| Complete 
| 232|0x00000000d8600000, 0x00000000d8700000, 0x00000000d8700000|100%| E|CS|TAMS 0x00000000d8600000| PB 0x00000000d8600000| Complete 
| 233|0x00000000d8700000, 0x00000000d8800000, 0x00000000d8800000|100%| E|CS|TAMS 0x00000000d8700000| PB 0x00000000d8700000| Complete 
| 234|0x00000000d8800000, 0x00000000d8900000, 0x00000000d8900000|100%| E|CS|TAMS 0x00000000d8800000| PB 0x00000000d8800000| Complete 

Card table byte_map: [0x0000028255050000,0x0000028255210000] _byte_map_base: 0x0000028254a01000

Marking Bits: (CMBitMap*) 0x000002823dc1fbb0
 Bits: [0x0000028255210000, 0x0000028255f98000)

Polling page: 0x000002823bb20000

Metaspace:

Usage:
  Non-class:     18.51 MB used.
      Class:      3.19 MB used.
       Both:     21.70 MB used.

Virtual space:
  Non-class space:       64.00 MB reserved,      18.69 MB ( 29%) committed,  1 nodes.
      Class space:        1.00 GB reserved,       3.38 MB ( <1%) committed,  1 nodes.
             Both:        1.06 GB reserved,      22.06 MB (  2%) committed. 

Chunk freelists:
   Non-Class:  12.58 MB
       Class:  12.67 MB
        Both:  25.25 MB

MaxMetaspaceSize: unlimited
CompressedClassSpaceSize: 1.00 GB
Initial GC threshold: 21.00 MB
Current GC threshold: 31.06 MB
CDS: on
 - commit_granule_bytes: 65536.
 - commit_granule_words: 8192.
 - virtual_space_node_default_size: 8388608.
 - enlarge_chunks_in_place: 1.
 - use_allocation_guard: 0.


Internal statistics:

num_allocs_failed_limit: 0.
num_arena_births: 402.
num_arena_deaths: 0.
num_vsnodes_births: 2.
num_vsnodes_deaths: 0.
num_space_committed: 353.
num_space_uncommitted: 0.
num_chunks_returned_to_freelist: 0.
num_chunks_taken_from_freelist: 1133.
num_chunk_merges: 0.
num_chunk_splits: 789.
num_chunks_enlarged: 594.
num_inconsistent_stats: 0.

CodeHeap 'non-profiled nmethods': size=120000Kb used=1927Kb max_used=1927Kb free=118072Kb
 bounds [0x000002824db20000, 0x000002824dd90000, 0x0000028255050000]
CodeHeap 'profiled nmethods': size=120000Kb used=8836Kb max_used=8836Kb free=111163Kb
 bounds [0x0000028246050000, 0x0000028246900000, 0x000002824d580000]
CodeHeap 'non-nmethods': size=5760Kb used=1855Kb max_used=1872Kb free=3904Kb
 bounds [0x000002824d580000, 0x000002824d7f0000, 0x000002824db20000]
 total_blobs=5159 nmethods=4304 adapters=758
 compilation: enabled
              stopped_count=0, restarted_count=0
 full_count=0

Compilation events (20 events):
Event: 28.646 Thread 0x000002825852cf10 4663       3       com.sun.scenario.effect.impl.prism.ps.PPSDrawable::getMaxContentHeight (10 bytes)
Event: 28.646 Thread 0x000002825852cf10 nmethod 4663 0x00000282468e8710 code [0x00000282468e88c0, 0x00000282468e8aa8]
Event: 28.650 Thread 0x000002825852cf10 4664       3       com.sun.scenario.effect.impl.prism.PrFilterContext::hashCode (16 bytes)
Event: 28.650 Thread 0x000002825852cf10 nmethod 4664 0x00000282468e8b90 code [0x00000282468e8d40, 0x00000282468e8ff0]
Event: 28.650 Thread 0x000002825852cf10 4665       3       com.sun.scenario.effect.impl.prism.PrFilterContext::hashCode (14 bytes)
Event: 28.650 Thread 0x000002825852cf10 nmethod 4665 0x00000282468e9110 code [0x00000282468e92c0, 0x00000282468e9428]
Event: 28.650 Thread 0x000002825852cf10 4666  s    3       com.sun.scenario.effect.impl.Renderer::getRenderer (241 bytes)
Event: 28.652 Thread 0x000002825852cf10 nmethod 4666 0x00000282468e9490 code [0x00000282468e9880, 0x00000282468eb9f0]
Event: 28.653 Thread 0x000002825852cf10 4667       3       com.sun.javafx.font.PrismFontFactory::getLCDContrast (40 bytes)
Event: 28.653 Thread 0x000002825852cf10 nmethod 4667 0x00000282468ec210 code [0x00000282468ec3e0, 0x00000282468ec5b8]
Event: 28.653 Thread 0x000002825852cf10 4668       3       com.sun.javafx.sg.prism.NGRegion::getNormalizedStrokeRadii (43 bytes)
Event: 28.653 Thread 0x000002825852cf10 nmethod 4668 0x00000282468ec690 code [0x00000282468ec880, 0x00000282468ecd98]
Event: 28.659 Thread 0x000002825852cf10 4669       3       com.sun.javafx.geom.BoxBounds::deriveWithNewBounds (95 bytes)
Event: 28.659 Thread 0x000002825852cf10 nmethod 4669 0x00000282468ecf10 code [0x00000282468ed1a0, 0x00000282468edc08]
Event: 28.660 Thread 0x000002825852cf10 4670       3       com.sun.prism.impl.ps.PaintHelper::len (39 bytes)
Event: 28.660 Thread 0x000002825852cf10 nmethod 4670 0x00000282468ede10 code [0x00000282468edfe0, 0x00000282468ee358]
Event: 28.660 Thread 0x000002825852cf10 4671       3       java.lang.FdLibm$Atan2::compute (409 bytes)
Event: 28.661 Thread 0x000002825852cf10 nmethod 4671 0x00000282468ee410 code [0x00000282468ee800, 0x00000282468ef730]
Event: 28.661 Thread 0x000002825852cf10 4672       3       com.sun.javafx.geom.transform.Affine3D::rotate (27 bytes)
Event: 28.662 Thread 0x000002825852cf10 nmethod 4672 0x00000282468efa10 code [0x00000282468efc00, 0x00000282468efe10]

GC Heap History (16 events):
Event: 0.641 GC heap before
{Heap before GC invocations=0 (full 0):
 garbage-first heap   total 57344K, used 13312K [0x00000000c9e00000, 0x0000000100000000)
  region size 1024K, 13 young (13312K), 0 survivors (0K)
 Metaspace       used 1506K, committed 1664K, reserved 1114112K
  class space    used 129K, committed 192K, reserved 1048576K
}
Event: 0.645 GC heap after
{Heap after GC invocations=1 (full 0):
 garbage-first heap   total 57344K, used 1600K [0x00000000c9e00000, 0x0000000100000000)
  region size 1024K, 2 young (2048K), 2 survivors (2048K)
 Metaspace       used 1506K, committed 1664K, reserved 1114112K
  class space    used 129K, committed 192K, reserved 1048576K
}
Event: 1.945 GC heap before
{Heap before GC invocations=1 (full 0):
 garbage-first heap   total 57344K, used 25152K [0x00000000c9e00000, 0x0000000100000000)
  region size 1024K, 26 young (26624K), 2 survivors (2048K)
 Metaspace       used 7929K, committed 8128K, reserved 1114112K
  class space    used 976K, committed 1088K, reserved 1048576K
}
Event: 1.953 GC heap after
{Heap after GC invocations=2 (full 0):
 garbage-first heap   total 57344K, used 5038K [0x00000000c9e00000, 0x0000000100000000)
  region size 1024K, 4 young (4096K), 4 survivors (4096K)
 Metaspace       used 7929K, committed 8128K, reserved 1114112K
  class space    used 976K, committed 1088K, reserved 1048576K
}
Event: 4.742 GC heap before
{Heap before GC invocations=2 (full 0):
 garbage-first heap   total 57344K, used 43950K [0x00000000c9e00000, 0x0000000100000000)
  region size 1024K, 33 young (33792K), 4 survivors (4096K)
 Metaspace       used 13887K, committed 14272K, reserved 1114112K
  class space    used 1884K, committed 2048K, reserved 1048576K
}
Event: 4.752 GC heap after
{Heap after GC invocations=3 (full 0):
 garbage-first heap   total 57344K, used 18606K [0x00000000c9e00000, 0x0000000100000000)
  region size 1024K, 4 young (4096K), 4 survivors (4096K)
 Metaspace       used 13887K, committed 14272K, reserved 1114112K
  class space    used 1884K, committed 2048K, reserved 1048576K
}
Event: 12.455 GC heap before
{Heap before GC invocations=3 (full 0):
 garbage-first heap   total 57344K, used 40110K [0x00000000c9e00000, 0x0000000100000000)
  region size 1024K, 18 young (18432K), 4 survivors (4096K)
 Metaspace       used 16559K, committed 16896K, reserved 1114112K
  class space    used 2433K, committed 2560K, reserved 1048576K
}
Event: 12.487 GC heap after
{Heap after GC invocations=4 (full 0):
 garbage-first heap   total 57344K, used 28032K [0x00000000c9e00000, 0x0000000100000000)
  region size 1024K, 2 young (2048K), 2 survivors (2048K)
 Metaspace       used 16559K, committed 16896K, reserved 1114112K
  class space    used 2433K, committed 2560K, reserved 1048576K
}
Event: 12.675 GC heap before
{Heap before GC invocations=5 (full 0):
 garbage-first heap   total 70656K, used 40320K [0x00000000c9e00000, 0x0000000100000000)
  region size 1024K, 3 young (3072K), 2 survivors (2048K)
 Metaspace       used 16571K, committed 16896K, reserved 1114112K
  class space    used 2433K, committed 2560K, reserved 1048576K
}
Event: 12.677 GC heap after
{Heap after GC invocations=6 (full 0):
 garbage-first heap   total 70656K, used 40205K [0x00000000c9e00000, 0x0000000100000000)
  region size 1024K, 2 young (2048K), 2 survivors (2048K)
 Metaspace       used 16571K, committed 16896K, reserved 1114112K
  class space    used 2433K, committed 2560K, reserved 1048576K
}
Event: 12.762 GC heap before
{Heap before GC invocations=7 (full 0):
 garbage-first heap   total 86016K, used 49421K [0x00000000c9e00000, 0x0000000100000000)
  region size 1024K, 3 young (3072K), 2 survivors (2048K)
 Metaspace       used 16571K, committed 16896K, reserved 1114112K
  class space    used 2433K, committed 2560K, reserved 1048576K
}
Event: 12.765 GC heap after
{Heap after GC invocations=8 (full 0):
 garbage-first heap   total 86016K, used 49318K [0x00000000c9e00000, 0x0000000100000000)
  region size 1024K, 2 young (2048K), 2 survivors (2048K)
 Metaspace       used 16571K, committed 16896K, reserved 1114112K
  class space    used 2433K, committed 2560K, reserved 1048576K
}
Event: 12.868 GC heap before
{Heap before GC invocations=9 (full 0):
 garbage-first heap   total 142336K, used 84134K [0x00000000c9e00000, 0x0000000100000000)
  region size 1024K, 3 young (3072K), 2 survivors (2048K)
 Metaspace       used 16571K, committed 16896K, reserved 1114112K
  class space    used 2433K, committed 2560K, reserved 1048576K
}
Event: 12.870 GC heap after
{Heap after GC invocations=10 (full 0):
 garbage-first heap   total 142336K, used 74975K [0x00000000c9e00000, 0x0000000100000000)
  region size 1024K, 2 young (2048K), 2 survivors (2048K)
 Metaspace       used 16571K, committed 16896K, reserved 1114112K
  class space    used 2433K, committed 2560K, reserved 1048576K
}
Event: 19.331 GC heap before
{Heap before GC invocations=11 (full 0):
 garbage-first heap   total 237568K, used 152799K [0x00000000c9e00000, 0x0000000100000000)
  region size 1024K, 14 young (14336K), 2 survivors (2048K)
 Metaspace       used 18665K, committed 19072K, reserved 1114112K
  class space    used 2785K, committed 2944K, reserved 1048576K
}
Event: 19.335 GC heap after
{Heap after GC invocations=12 (full 0):
 garbage-first heap   total 237568K, used 134229K [0x00000000c9e00000, 0x0000000100000000)
  region size 1024K, 3 young (3072K), 3 survivors (3072K)
 Metaspace       used 18665K, committed 19072K, reserved 1114112K
  class space    used 2785K, committed 2944K, reserved 1048576K
}

Dll operation events (20 events):
Event: 0.981 Loaded shared library C:\Users\ezra\.openjfx\cache\21+31\amd64\api-ms-win-crt-multibyte-l1-1-0.dll
Event: 0.988 Loaded shared library C:\Users\ezra\.openjfx\cache\21+31\amd64\api-ms-win-crt-private-l1-1-0.dll
Event: 0.995 Loaded shared library C:\Users\ezra\.openjfx\cache\21+31\amd64\api-ms-win-crt-process-l1-1-0.dll
Event: 1.000 Loaded shared library C:\Users\ezra\.openjfx\cache\21+31\amd64\api-ms-win-crt-runtime-l1-1-0.dll
Event: 1.006 Loaded shared library C:\Users\ezra\.openjfx\cache\21+31\amd64\api-ms-win-crt-stdio-l1-1-0.dll
Event: 1.013 Loaded shared library C:\Users\ezra\.openjfx\cache\21+31\amd64\api-ms-win-crt-string-l1-1-0.dll
Event: 1.020 Loaded shared library C:\Users\ezra\.openjfx\cache\21+31\amd64\api-ms-win-crt-time-l1-1-0.dll
Event: 1.026 Loaded shared library C:\Users\ezra\.openjfx\cache\21+31\amd64\api-ms-win-crt-utility-l1-1-0.dll
Event: 1.056 Loaded shared library C:\Users\ezra\.openjfx\cache\21+31\amd64\ucrtbase.dll
Event: 1.064 Loaded shared library C:\Users\ezra\.openjfx\cache\21+31\amd64\vcruntime140.dll
Event: 1.070 Loaded shared library C:\Users\ezra\.openjfx\cache\21+31\amd64\vcruntime140_1.dll
Event: 1.085 Loaded shared library C:\Users\ezra\.openjfx\cache\21+31\amd64\msvcp140.dll
Event: 1.094 Loaded shared library C:\Users\ezra\.openjfx\cache\21+31\amd64\msvcp140_1.dll
Event: 1.104 Loaded shared library C:\Users\ezra\.openjfx\cache\21+31\amd64\msvcp140_2.dll
Event: 1.190 Loaded shared library C:\Users\ezra\.openjfx\cache\21+31\amd64\prism_d3d.dll
Event: 1.330 Loaded shared library C:\Program Files\Java\jdk-21\bin\jimage.dll
Event: 1.500 Loaded shared library C:\Users\ezra\.openjfx\cache\21+31\amd64\glass.dll
Event: 2.148 Loaded shared library C:\Users\ezra\.openjfx\cache\21+31\amd64\javafx_font.dll
Event: 5.421 Loaded shared library C:\Users\ezra\.openjfx\cache\21+31\amd64\javafx_iio.dll
Event: 19.581 Loaded shared library C:\Users\ezra\AppData\Local\Temp\sqlite-3.36.0.3-8842b2dc-e81d-4c82-918d-ebe1249baa28-sqlitejdbc.dll

Deoptimization events (20 events):
Event: 28.450 Thread 0x000002829e5ef440 DEOPT PACKING pc=0x00000282460a4a11 sp=0x000000d03b1fc6d0
Event: 28.450 Thread 0x000002829e5ef440 DEOPT UNPACKING pc=0x000002824d5d4e42 sp=0x000000d03b1fbb58 mode 0
Event: 28.451 Thread 0x000002829e5ef440 DEOPT PACKING pc=0x00000282460a4a11 sp=0x000000d03b1fc6d0
Event: 28.451 Thread 0x000002829e5ef440 DEOPT UNPACKING pc=0x000002824d5d4e42 sp=0x000000d03b1fbb58 mode 0
Event: 28.451 Thread 0x000002829e5ef440 Uncommon trap: trap_request=0xffffffde fr.pc=0x000002824dcce74c relative=0x000000000000026c
Event: 28.451 Thread 0x000002829e5ef440 Uncommon trap: reason=class_check action=maybe_recompile pc=0x000002824dcce74c method=java.util.WeakHashMap.matchesKey(Ljava/util/WeakHashMap$Entry;Ljava/lang/Object;)Z @ 21 c2
Event: 28.451 Thread 0x000002829e5ef440 DEOPT PACKING pc=0x000002824dcce74c sp=0x000000d03b1fc480
Event: 28.451 Thread 0x000002829e5ef440 DEOPT UNPACKING pc=0x000002824d5d46a2 sp=0x000000d03b1fc3b8 mode 2
Event: 28.455 Thread 0x000002829e5ef440 Uncommon trap: trap_request=0xffffffde fr.pc=0x000002824dcce74c relative=0x000000000000026c
Event: 28.455 Thread 0x000002829e5ef440 Uncommon trap: reason=class_check action=maybe_recompile pc=0x000002824dcce74c method=java.util.WeakHashMap.matchesKey(Ljava/util/WeakHashMap$Entry;Ljava/lang/Object;)Z @ 21 c2
Event: 28.455 Thread 0x000002829e5ef440 DEOPT PACKING pc=0x000002824dcce74c sp=0x000000d03b1fbee0
Event: 28.455 Thread 0x000002829e5ef440 DEOPT UNPACKING pc=0x000002824d5d46a2 sp=0x000000d03b1fbe18 mode 2
Event: 28.459 Thread 0x000002829e5ef440 Uncommon trap: trap_request=0xffffffde fr.pc=0x000002824dcce74c relative=0x000000000000026c
Event: 28.459 Thread 0x000002829e5ef440 Uncommon trap: reason=class_check action=maybe_recompile pc=0x000002824dcce74c method=java.util.WeakHashMap.matchesKey(Ljava/util/WeakHashMap$Entry;Ljava/lang/Object;)Z @ 21 c2
Event: 28.459 Thread 0x000002829e5ef440 DEOPT PACKING pc=0x000002824dcce74c sp=0x000000d03b1fbee0
Event: 28.459 Thread 0x000002829e5ef440 DEOPT UNPACKING pc=0x000002824d5d46a2 sp=0x000000d03b1fbe18 mode 2
Event: 28.593 Thread 0x000002829e5ef440 Uncommon trap: trap_request=0xfffffff4 fr.pc=0x000002824dce1acc relative=0x000000000000080c
Event: 28.593 Thread 0x000002829e5ef440 Uncommon trap: reason=null_check action=make_not_entrant pc=0x000002824dce1acc method=javafx.scene.Node$MiscProperties.getClip()Ljavafx/scene/Node; @ 20 c2
Event: 28.593 Thread 0x000002829e5ef440 DEOPT PACKING pc=0x000002824dce1acc sp=0x000000d03b1f8760
Event: 28.593 Thread 0x000002829e5ef440 DEOPT UNPACKING pc=0x000002824d5d46a2 sp=0x000000d03b1f8638 mode 2

Classes loaded (20 events):
Event: 28.411 Loading class sun/util/resources/LocaleData$SupplementaryStrategy
Event: 28.411 Loading class sun/util/resources/LocaleData$SupplementaryStrategy done
Event: 28.412 Loading class sun/text/resources/JavaTimeSupplementary
Event: 28.412 Loading class sun/text/resources/JavaTimeSupplementary done
Event: 28.412 Loading class sun/text/resources/JavaTimeSupplementary_en
Event: 28.412 Loading class sun/text/resources/JavaTimeSupplementary_en done
Event: 28.413 Loading class sun/util/resources/ParallelListResourceBundle$KeySet
Event: 28.413 Loading class sun/util/resources/ParallelListResourceBundle$KeySet done
Event: 28.415 Loading class sun/util/locale/provider/CalendarDataUtility$CalendarFieldValueNameGetter
Event: 28.415 Loading class sun/util/locale/provider/CalendarDataUtility$CalendarFieldValueNameGetter done
Event: 28.422 Loading class java/time/temporal/WeekFields
Event: 28.422 Loading class java/time/temporal/WeekFields done
Event: 28.422 Loading class java/time/DayOfWeek
Event: 28.423 Loading class java/time/DayOfWeek done
Event: 28.423 Loading class java/time/temporal/WeekFields$ComputedDayOfField
Event: 28.423 Loading class java/time/temporal/WeekFields$ComputedDayOfField done
Event: 28.438 Loading class java/time/chrono/IsoEra
Event: 28.438 Loading class java/time/chrono/Era
Event: 28.438 Loading class java/time/chrono/Era done
Event: 28.438 Loading class java/time/chrono/IsoEra done

Classes unloaded (0 events):
No events

Classes redefined (0 events):
No events

Internal exceptions (20 events):
Event: 5.679 Thread 0x000002829e5ef440 Exception <a 'java/lang/NoSuchMethodError'{0x00000000cce72268}: 'void java.lang.invoke.DirectMethodHandle$Holder.invokeSpecial(java.lang.Object, java.lang.Object, java.lang.Object, java.lang.Object, java.lang.Object, java.lang.Object)'> (0x00000000cce72268) 
thrown [s\open\src\hotspot\share\interpreter\linkResolver.cpp, line 773]
Event: 12.453 Thread 0x000002829e5ef440 Exception <a 'java/io/FileNotFoundException'{0x00000000cc8f0f20}> (0x00000000cc8f0f20) 
thrown [s\open\src\hotspot\share\prims\jni.cpp, line 520]
Event: 12.665 Thread 0x000002829e5ef440 Exception <a 'java/io/FileNotFoundException'{0x00000000cd52d4c0}> (0x00000000cd52d4c0) 
thrown [s\open\src\hotspot\share\prims\jni.cpp, line 520]
Event: 12.867 Thread 0x000002829e5ef440 Exception <a 'java/io/FileNotFoundException'{0x00000000d2803bb0}> (0x00000000d2803bb0) 
thrown [s\open\src\hotspot\share\prims\jni.cpp, line 520]
Event: 13.306 Thread 0x000002829e5ef440 Exception <a 'java/io/FileNotFoundException'{0x00000000d850e168}> (0x00000000d850e168) 
thrown [s\open\src\hotspot\share\prims\jni.cpp, line 520]
Event: 19.299 Thread 0x000002829e5ef440 Exception <a 'sun/nio/fs/WindowsException'{0x00000000d7bf4af8}> (0x00000000d7bf4af8) 
thrown [s\open\src\hotspot\share\prims\jni.cpp, line 520]
Event: 19.330 Thread 0x000002829e5ef440 Exception <a 'java/io/FileNotFoundException'{0x00000000d7ad2c90}> (0x00000000d7ad2c90) 
thrown [s\open\src\hotspot\share\prims\jni.cpp, line 520]
Event: 19.379 Thread 0x000002829e5ef440 Exception <a 'sun/nio/fs/WindowsException'{0x00000000d85b1270}> (0x00000000d85b1270) 
thrown [s\open\src\hotspot\share\prims\jni.cpp, line 520]
Event: 19.453 Thread 0x000002829e5ef440 Exception <a 'sun/nio/fs/WindowsException'{0x00000000d8619560}> (0x00000000d8619560) 
thrown [s\open\src\hotspot\share\prims\jni.cpp, line 520]
Event: 19.460 Thread 0x000002829e5ef440 Exception <a 'sun/nio/fs/WindowsException'{0x00000000d86395d0}> (0x00000000d86395d0) 
thrown [s\open\src\hotspot\share\prims\jni.cpp, line 520]
Event: 19.465 Thread 0x000002829e5ef440 Exception <a 'java/lang/NoSuchMethodError'{0x00000000d8642000}: 'java.lang.Object java.lang.invoke.DirectMethodHandle$Holder.invokeStaticInit(java.lang.Object, int, int, int, int)'> (0x00000000d8642000) 
thrown [s\open\src\hotspot\share\interpreter\linkResolver.cpp, line 773]
Event: 19.493 Thread 0x000002829e5ef440 Exception <a 'java/lang/NoSuchMethodError'{0x00000000d86ef838}: 'java.lang.Object java.lang.invoke.DirectMethodHandle$Holder.invokeStaticInit(java.lang.Object, java.lang.Object, int, int, int, int)'> (0x00000000d86ef838) 
thrown [s\open\src\hotspot\share\interpreter\linkResolver.cpp, line 773]
Event: 19.600 Thread 0x000002829e5ef440 Exception <a 'java/lang/ClassNotFoundException'{0x00000000d8485690}: com/sun/javafx/scene/control/skin/resources/controls-nt> (0x00000000d8485690) 
thrown [s\open\src\hotspot\share\prims\jni.cpp, line 539]
Event: 19.600 Thread 0x000002829e5ef440 Exception <a 'java/lang/ClassNotFoundException'{0x00000000d848dd08}: com/sun/javafx/scene/control/skin/resources/controls-nt_en> (0x00000000d848dd08) 
thrown [s\open\src\hotspot\share\prims\jni.cpp, line 539]
Event: 19.600 Thread 0x000002829e5ef440 Exception <a 'java/lang/ClassNotFoundException'{0x00000000d848efa0}: com/sun/javafx/scene/control/skin/resources/controls-nt_en_ID> (0x00000000d848efa0) 
thrown [s\open\src\hotspot\share\prims\jni.cpp, line 539]
Event: 19.747 Thread 0x000002829e5ef440 Exception <a 'java/lang/NoSuchMethodError'{0x00000000d7c0e970}: 'void java.lang.invoke.DirectMethodHandle$Holder.invokeSpecial(java.lang.Object, java.lang.Object, int, int)'> (0x00000000d7c0e970) 
thrown [s\open\src\hotspot\share\interpreter\linkResolver.cpp, line 773]
Event: 19.748 Thread 0x000002829e5ef440 Exception <a 'java/lang/NoSuchMethodError'{0x00000000d7c14c40}: 'java.lang.Object java.lang.invoke.DirectMethodHandle$Holder.newInvokeSpecial(java.lang.Object, java.lang.Object, int, int)'> (0x00000000d7c14c40) 
thrown [s\open\src\hotspot\share\interpreter\linkResolver.cpp, line 773]
Event: 19.748 Thread 0x000002829e5ef440 Exception <a 'java/lang/NoSuchMethodError'{0x00000000d7c19100}: 'java.lang.Object java.lang.invoke.DirectMethodHandle$Holder.invokeSpecial(java.lang.Object, java.lang.Object, java.lang.Object, int, int)'> (0x00000000d7c19100) 
thrown [s\open\src\hotspot\share\interpreter\linkResolver.cpp, line 773]
Event: 22.970 Thread 0x000002829e351640 Exception <a 'java/lang/NoSuchMethodError'{0x00000000d7615f70}: 'java.lang.Object java.lang.invoke.DirectMethodHandle$Holder.invokeStaticInit(java.lang.Object, int)'> (0x00000000d7615f70) 
thrown [s\open\src\hotspot\share\interpreter\linkResolver.cpp, line 773]
Event: 28.593 Thread 0x000002829e5ef440 Implicit null exception at 0x000002824dce14ec to 0x000002824dce1ab0

ZGC Phase Switch (0 events):
No events

VM Operations (20 events):
Event: 19.383 Executing VM operation: HandshakeAllThreads (Deoptimize)
Event: 19.384 Executing VM operation: HandshakeAllThreads (Deoptimize) done
Event: 19.473 Executing VM operation: HandshakeAllThreads (Deoptimize)
Event: 19.473 Executing VM operation: HandshakeAllThreads (Deoptimize) done
Event: 20.473 Executing VM operation: Cleanup
Event: 20.473 Executing VM operation: Cleanup done
Event: 21.474 Executing VM operation: Cleanup
Event: 21.474 Executing VM operation: Cleanup done
Event: 22.474 Executing VM operation: Cleanup
Event: 22.475 Executing VM operation: Cleanup done
Event: 23.475 Executing VM operation: Cleanup
Event: 23.475 Executing VM operation: Cleanup done
Event: 24.476 Executing VM operation: Cleanup
Event: 24.476 Executing VM operation: Cleanup done
Event: 25.476 Executing VM operation: Cleanup
Event: 25.476 Executing VM operation: Cleanup done
Event: 27.477 Executing VM operation: Cleanup
Event: 27.477 Executing VM operation: Cleanup done
Event: 28.433 Executing VM operation: HandshakeAllThreads (Deoptimize)
Event: 28.434 Executing VM operation: HandshakeAllThreads (Deoptimize) done

Events (20 events):
Event: 12.785 Thread 0x000002823dca9a40 flushing nmethod 0x000002824619a490
Event: 12.785 Thread 0x000002823dca9a40 flushing nmethod 0x000002824dc1cc90
Event: 12.785 Thread 0x000002823dca9a40 flushing nmethod 0x000002824dc1c510
Event: 12.785 Thread 0x000002823dca9a40 flushing nmethod 0x000002824dc1c190
Event: 12.785 Thread 0x000002823dca9a40 flushing nmethod 0x000002824dc1b890
Event: 12.785 Thread 0x000002823dca9a40 flushing nmethod 0x000002824dbda390
Event: 12.785 Thread 0x000002823dca9a40 flushing nmethod 0x000002824dbd9690
Event: 12.785 Thread 0x000002823dca9a40 flushing nmethod 0x000002824dbd6e10
Event: 12.908 Thread 0x000002823dca9a40 flushing nmethod 0x0000028246587890
Event: 12.908 Thread 0x000002823dca9a40 flushing nmethod 0x0000028246586510
Event: 12.908 Thread 0x000002823dca9a40 flushing nmethod 0x00000282463f6810
Event: 12.908 Thread 0x000002823dca9a40 flushing nmethod 0x0000028246262610
Event: 12.908 Thread 0x000002823dca9a40 flushing nmethod 0x000002824db41890
Event: 13.463 Thread 0x000002825875b120 Thread added: 0x000002825875b120
Event: 13.847 Thread 0x000002825875b120 Thread exited: 0x000002825875b120
Event: 19.353 Thread 0x000002823dca9a40 flushing nmethod 0x0000028246584010
Event: 19.353 Thread 0x000002823dca9a40 flushing nmethod 0x00000282464eec10
Event: 19.353 Thread 0x000002823dca9a40 flushing nmethod 0x0000028246205d10
Event: 19.353 Thread 0x000002823dca9a40 flushing nmethod 0x000002824613ad10
Event: 19.353 Thread 0x000002823dca9a40 flushing nmethod 0x000002824dbda710


Dynamic libraries:
0x00007ff6be0a0000 - 0x00007ff6be0b0000 	C:\Program Files\Java\jdk-21\bin\java.exe
0x00007ffb5feb0000 - 0x00007ffb600c7000 	C:\WINDOWS\SYSTEM32\ntdll.dll
0x00007ffb5ebf0000 - 0x00007ffb5ecb4000 	C:\WINDOWS\System32\KERNEL32.DLL
0x00007ffb5d6c0000 - 0x00007ffb5da67000 	C:\WINDOWS\System32\KERNELBASE.dll
0x00007ffb5d4f0000 - 0x00007ffb5d601000 	C:\WINDOWS\System32\ucrtbase.dll
0x00007ffb51850000 - 0x00007ffb51869000 	C:\Program Files\Java\jdk-21\bin\jli.dll
0x00007ffb5dd00000 - 0x00007ffb5ddb2000 	C:\WINDOWS\System32\ADVAPI32.dll
0x00007ffb5e1f0000 - 0x00007ffb5e297000 	C:\WINDOWS\System32\msvcrt.dll
0x00007ffb51830000 - 0x00007ffb5184b000 	C:\Program Files\Java\jdk-21\bin\VCRUNTIME140.dll
0x00007ffb5fdc0000 - 0x00007ffb5fe68000 	C:\WINDOWS\System32\sechost.dll
0x00007ffb5d690000 - 0x00007ffb5d6b8000 	C:\WINDOWS\System32\bcrypt.dll
0x00007ffb5e810000 - 0x00007ffb5e925000 	C:\WINDOWS\System32\RPCRT4.dll
0x00007ffb5f7e0000 - 0x00007ffb5f98e000 	C:\WINDOWS\System32\USER32.dll
0x00007ffb5d3a0000 - 0x00007ffb5d3c6000 	C:\WINDOWS\System32\win32u.dll
0x00007ffb5e930000 - 0x00007ffb5e959000 	C:\WINDOWS\System32\GDI32.dll
0x00007ffb5d3d0000 - 0x00007ffb5d4e9000 	C:\WINDOWS\System32\gdi32full.dll
0x00007ffb5d1d0000 - 0x00007ffb5d26a000 	C:\WINDOWS\System32\msvcp_win.dll
0x00007ffb4d150000 - 0x00007ffb4d3e3000 	C:\WINDOWS\WinSxS\amd64_microsoft.windows.common-controls_6595b64144ccf1df_6.0.22621.3527_none_270e469b73872a76\COMCTL32.dll
0x00007ffb56610000 - 0x00007ffb5661a000 	C:\WINDOWS\SYSTEM32\VERSION.dll
0x00007ffb5dcc0000 - 0x00007ffb5dcf1000 	C:\WINDOWS\System32\IMM32.DLL
0x00007ffb51820000 - 0x00007ffb5182c000 	C:\Program Files\Java\jdk-21\bin\vcruntime140_1.dll
0x00007ffb03c40000 - 0x00007ffb03cce000 	C:\Program Files\Java\jdk-21\bin\msvcp140.dll
0x00007ffad8680000 - 0x00007ffad9397000 	C:\Program Files\Java\jdk-21\bin\server\jvm.dll
0x00007ffb5ddc0000 - 0x00007ffb5de31000 	C:\WINDOWS\System32\WS2_32.dll
0x00007ffb5d090000 - 0x00007ffb5d0dd000 	C:\WINDOWS\SYSTEM32\POWRPROF.dll
0x00007ffb54d30000 - 0x00007ffb54d64000 	C:\WINDOWS\SYSTEM32\WINMM.dll
0x00007ffb5d070000 - 0x00007ffb5d083000 	C:\WINDOWS\SYSTEM32\UMPDC.dll
0x00007ffb5c1f0000 - 0x00007ffb5c208000 	C:\WINDOWS\SYSTEM32\kernel.appcore.dll
0x00007ffb51810000 - 0x00007ffb5181a000 	C:\Program Files\Java\jdk-21\bin\jimage.dll
0x00007ffb5ad70000 - 0x00007ffb5afa2000 	C:\WINDOWS\SYSTEM32\DBGHELP.DLL
0x00007ffb5de40000 - 0x00007ffb5e1c8000 	C:\WINDOWS\System32\combase.dll
0x00007ffb5dbe0000 - 0x00007ffb5dcb7000 	C:\WINDOWS\System32\OLEAUT32.dll
0x00007ffb43b20000 - 0x00007ffb43b52000 	C:\WINDOWS\SYSTEM32\dbgcore.DLL
0x00007ffb5d610000 - 0x00007ffb5d689000 	C:\WINDOWS\System32\bcryptPrimitives.dll
0x00007ffb5a000000 - 0x00007ffb5a00f000 	C:\Program Files\Java\jdk-21\bin\instrument.dll
0x00007ffb4fa50000 - 0x00007ffb4fa6f000 	C:\Program Files\Java\jdk-21\bin\java.dll
0x00007ffb5ef80000 - 0x00007ffb5f7dc000 	C:\WINDOWS\System32\SHELL32.dll
0x00007ffb5b110000 - 0x00007ffb5ba06000 	C:\WINDOWS\SYSTEM32\windows.storage.dll
0x00007ffb5afd0000 - 0x00007ffb5b10e000 	C:\WINDOWS\SYSTEM32\wintypes.dll
0x00007ffb5ecd0000 - 0x00007ffb5edc5000 	C:\WINDOWS\System32\SHCORE.dll
0x00007ffb5eb70000 - 0x00007ffb5ebce000 	C:\WINDOWS\System32\shlwapi.dll
0x00007ffb5d100000 - 0x00007ffb5d121000 	C:\WINDOWS\SYSTEM32\profapi.dll
0x00007ffae5640000 - 0x00007ffae5717000 	C:\Program Files\Java\jdk-21\bin\jsvml.dll
0x00007ffb50d50000 - 0x00007ffb50d60000 	C:\Program Files\Java\jdk-21\bin\net.dll
0x00007ffb54bf0000 - 0x00007ffb54d26000 	C:\WINDOWS\SYSTEM32\WINHTTP.dll
0x00007ffb5c660000 - 0x00007ffb5c6c9000 	C:\WINDOWS\system32\mswsock.dll
0x00007ffb41420000 - 0x00007ffb41436000 	C:\Program Files\Java\jdk-21\bin\nio.dll
0x00007ffb3c7e0000 - 0x00007ffb3c7f8000 	C:\Program Files\Java\jdk-21\bin\zip.dll
0x00007ffb59f30000 - 0x00007ffb59f4a000 	C:\Program Files\JetBrains\IntelliJ IDEA 2023.3.3\bin\breakgen64.dll
0x000002823bbc0000 - 0x000002823bbc3000 	C:\Users\ezra\.openjfx\cache\21+31\amd64\api-ms-win-core-console-l1-1-0.dll
0x000002823bbd0000 - 0x000002823bbd3000 	C:\Users\ezra\.openjfx\cache\21+31\amd64\api-ms-win-core-console-l1-2-0.dll
0x000002823bbe0000 - 0x000002823bbe3000 	C:\Users\ezra\.openjfx\cache\21+31\amd64\api-ms-win-core-datetime-l1-1-0.dll
0x000002823bbf0000 - 0x000002823bbf3000 	C:\Users\ezra\.openjfx\cache\21+31\amd64\api-ms-win-core-debug-l1-1-0.dll
0x000002823db90000 - 0x000002823db93000 	C:\Users\ezra\.openjfx\cache\21+31\amd64\api-ms-win-core-errorhandling-l1-1-0.dll
0x000002823dba0000 - 0x000002823dba4000 	C:\Users\ezra\.openjfx\cache\21+31\amd64\api-ms-win-core-file-l1-1-0.dll
0x0000028258af0000 - 0x0000028258af3000 	C:\Users\ezra\.openjfx\cache\21+31\amd64\api-ms-win-core-file-l1-2-0.dll
0x0000028258b00000 - 0x0000028258b03000 	C:\Users\ezra\.openjfx\cache\21+31\amd64\api-ms-win-core-file-l2-1-0.dll
0x0000028258b10000 - 0x0000028258b13000 	C:\Users\ezra\.openjfx\cache\21+31\amd64\api-ms-win-core-handle-l1-1-0.dll
0x0000028258b20000 - 0x0000028258b23000 	C:\Users\ezra\.openjfx\cache\21+31\amd64\api-ms-win-core-heap-l1-1-0.dll
0x0000028258b30000 - 0x0000028258b33000 	C:\Users\ezra\.openjfx\cache\21+31\amd64\api-ms-win-core-interlocked-l1-1-0.dll
0x0000028258b40000 - 0x0000028258b43000 	C:\Users\ezra\.openjfx\cache\21+31\amd64\api-ms-win-core-libraryloader-l1-1-0.dll
0x0000028258b50000 - 0x0000028258b53000 	C:\Users\ezra\.openjfx\cache\21+31\amd64\api-ms-win-core-localization-l1-2-0.dll
0x0000028258b60000 - 0x0000028258b63000 	C:\Users\ezra\.openjfx\cache\21+31\amd64\api-ms-win-core-memory-l1-1-0.dll
0x0000028258b70000 - 0x0000028258b73000 	C:\Users\ezra\.openjfx\cache\21+31\amd64\api-ms-win-core-namedpipe-l1-1-0.dll
0x0000028258b80000 - 0x0000028258b83000 	C:\Users\ezra\.openjfx\cache\21+31\amd64\api-ms-win-core-processenvironment-l1-1-0.dll
0x0000028258b90000 - 0x0000028258b93000 	C:\Users\ezra\.openjfx\cache\21+31\amd64\api-ms-win-core-processthreads-l1-1-0.dll
0x0000028258ba0000 - 0x0000028258ba3000 	C:\Users\ezra\.openjfx\cache\21+31\amd64\api-ms-win-core-processthreads-l1-1-1.dll
0x0000028258bb0000 - 0x0000028258bb3000 	C:\Users\ezra\.openjfx\cache\21+31\amd64\api-ms-win-core-profile-l1-1-0.dll
0x0000028258bc0000 - 0x0000028258bc3000 	C:\Users\ezra\.openjfx\cache\21+31\amd64\api-ms-win-core-rtlsupport-l1-1-0.dll
0x0000028258bd0000 - 0x0000028258bd3000 	C:\Users\ezra\.openjfx\cache\21+31\amd64\api-ms-win-core-string-l1-1-0.dll
0x0000028258be0000 - 0x0000028258be3000 	C:\Users\ezra\.openjfx\cache\21+31\amd64\api-ms-win-core-synch-l1-1-0.dll
0x0000028258bf0000 - 0x0000028258bf3000 	C:\Users\ezra\.openjfx\cache\21+31\amd64\api-ms-win-core-synch-l1-2-0.dll
0x0000028258c00000 - 0x0000028258c03000 	C:\Users\ezra\.openjfx\cache\21+31\amd64\api-ms-win-core-sysinfo-l1-1-0.dll
0x0000028258c10000 - 0x0000028258c13000 	C:\Users\ezra\.openjfx\cache\21+31\amd64\api-ms-win-core-timezone-l1-1-0.dll
0x0000028258c20000 - 0x0000028258c23000 	C:\Users\ezra\.openjfx\cache\21+31\amd64\api-ms-win-core-util-l1-1-0.dll
0x0000028258c30000 - 0x0000028258c33000 	C:\Users\ezra\.openjfx\cache\21+31\amd64\api-ms-win-crt-conio-l1-1-0.dll
0x0000028258c40000 - 0x0000028258c44000 	C:\Users\ezra\.openjfx\cache\21+31\amd64\api-ms-win-crt-convert-l1-1-0.dll
0x0000028258c50000 - 0x0000028258c53000 	C:\Users\ezra\.openjfx\cache\21+31\amd64\api-ms-win-crt-environment-l1-1-0.dll
0x0000028258c60000 - 0x0000028258c63000 	C:\Users\ezra\.openjfx\cache\21+31\amd64\api-ms-win-crt-filesystem-l1-1-0.dll
0x0000028258c70000 - 0x0000028258c73000 	C:\Users\ezra\.openjfx\cache\21+31\amd64\api-ms-win-crt-heap-l1-1-0.dll
0x0000028258c80000 - 0x0000028258c83000 	C:\Users\ezra\.openjfx\cache\21+31\amd64\api-ms-win-crt-locale-l1-1-0.dll
0x0000028258c90000 - 0x0000028258c95000 	C:\Users\ezra\.openjfx\cache\21+31\amd64\api-ms-win-crt-math-l1-1-0.dll
0x0000028258ca0000 - 0x0000028258ca5000 	C:\Users\ezra\.openjfx\cache\21+31\amd64\api-ms-win-crt-multibyte-l1-1-0.dll
0x0000028258cb0000 - 0x0000028258cc0000 	C:\Users\ezra\.openjfx\cache\21+31\amd64\api-ms-win-crt-private-l1-1-0.dll
0x0000028258cc0000 - 0x0000028258cc3000 	C:\Users\ezra\.openjfx\cache\21+31\amd64\api-ms-win-crt-process-l1-1-0.dll
0x0000028258cd0000 - 0x0000028258cd4000 	C:\Users\ezra\.openjfx\cache\21+31\amd64\api-ms-win-crt-runtime-l1-1-0.dll
0x0000028258ce0000 - 0x0000028258ce4000 	C:\Users\ezra\.openjfx\cache\21+31\amd64\api-ms-win-crt-stdio-l1-1-0.dll
0x0000028258cf0000 - 0x0000028258cf4000 	C:\Users\ezra\.openjfx\cache\21+31\amd64\api-ms-win-crt-string-l1-1-0.dll
0x0000028258d00000 - 0x0000028258d03000 	C:\Users\ezra\.openjfx\cache\21+31\amd64\api-ms-win-crt-time-l1-1-0.dll
0x0000028258d10000 - 0x0000028258d13000 	C:\Users\ezra\.openjfx\cache\21+31\amd64\api-ms-win-crt-utility-l1-1-0.dll
0x00007ffb2add0000 - 0x00007ffb2aecc000 	C:\Users\ezra\.openjfx\cache\21+31\amd64\ucrtbase.dll
0x00007ffb59f00000 - 0x00007ffb59f1b000 	C:\Users\ezra\.openjfx\cache\21+31\amd64\vcruntime140.dll
0x00007ffb59ef0000 - 0x00007ffb59efc000 	C:\Users\ezra\.openjfx\cache\21+31\amd64\vcruntime140_1.dll
0x00007ffb59e60000 - 0x00007ffb59eee000 	C:\Users\ezra\.openjfx\cache\21+31\amd64\msvcp140.dll
0x00007ffb5edd0000 - 0x00007ffb5ef75000 	C:\WINDOWS\System32\ole32.dll
0x00007ffb59900000 - 0x00007ffb59909000 	C:\Users\ezra\.openjfx\cache\21+31\amd64\msvcp140_1.dll
0x00007ffb57b20000 - 0x00007ffb57b4f000 	C:\Users\ezra\.openjfx\cache\21+31\amd64\msvcp140_2.dll
0x00007ffb2ada0000 - 0x00007ffb2adcf000 	C:\Users\ezra\.openjfx\cache\21+31\amd64\prism_d3d.dll
0x00007ffb0f020000 - 0x00007ffb0f1c9000 	C:\WINDOWS\system32\d3d9.dll
0x00007ffb5a610000 - 0x00007ffb5a63b000 	C:\WINDOWS\SYSTEM32\dwmapi.dll
0x00007ffb5a2e0000 - 0x00007ffb5a319000 	C:\WINDOWS\SYSTEM32\dxcore.dll
0x00007ffb5a200000 - 0x00007ffb5a2ab000 	C:\WINDOWS\system32\uxtheme.dll
0x00007ffb54860000 - 0x00007ffb54a1b000 	C:\WINDOWS\System32\DriverStore\FileRepository\u0395561.inf_amd64_44c8a302e7c98b63\B395243\aticfx64.dll
0x00007ffb4b010000 - 0x00007ffb4b044000 	C:\WINDOWS\System32\DriverStore\FileRepository\u0395561.inf_amd64_44c8a302e7c98b63\B395243\atiu9p64.dll
0x00007ffb0a9f0000 - 0x00007ffb0b745000 	C:\WINDOWS\System32\DriverStore\FileRepository\u0395561.inf_amd64_44c8a302e7c98b63\B395243\atiumd64.dll
0x0000000062770000 - 0x0000000063682000 	C:\WINDOWS\System32\DriverStore\FileRepository\u0395561.inf_amd64_44c8a302e7c98b63\B395243\atiumd6a.dll
0x00007ffb5e390000 - 0x00007ffb5e804000 	C:\WINDOWS\System32\SETUPAPI.dll
0x00007ffb52530000 - 0x00007ffb52565000 	C:\WINDOWS\SYSTEM32\amdihk64.dll
0x00007ffb57bb0000 - 0x00007ffb57bfa000 	C:\WINDOWS\SYSTEM32\directxdatabasehelper.dll
0x00007ffb2ad50000 - 0x00007ffb2ad92000 	C:\Users\ezra\.openjfx\cache\21+31\amd64\glass.dll
0x00007ffb5fcc0000 - 0x00007ffb5fdb7000 	C:\WINDOWS\System32\COMDLG32.dll
0x00007ffb5fb60000 - 0x00007ffb5fcb3000 	C:\WINDOWS\System32\MSCTF.dll
0x00007ffb57f10000 - 0x00007ffb57f24000 	C:\Users\ezra\.openjfx\cache\21+31\amd64\javafx_font.dll
0x00007ffb58e30000 - 0x00007ffb590a4000 	C:\WINDOWS\SYSTEM32\dwrite.dll
0x00007ffb5e9b0000 - 0x00007ffb5ea60000 	C:\WINDOWS\System32\clbcatq.dll
0x00007ffb58a20000 - 0x00007ffb58bd0000 	C:\WINDOWS\SYSTEM32\WindowsCodecs.dll
0x00007ffb38eb0000 - 0x00007ffb38f0e000 	C:\WINDOWS\system32\dataexchange.dll
0x00007ffb55ef0000 - 0x00007ffb5617b000 	C:\WINDOWS\system32\twinapi.appcore.dll
0x00007ffb4b360000 - 0x00007ffb4b392000 	C:\Program Files\Common Files\Microsoft Shared\Ink\rtscom.dll
0x00007ffb3c660000 - 0x00007ffb3c7ab000 	C:\WINDOWS\SYSTEM32\textinputframework.dll
0x00007ffb59d20000 - 0x00007ffb59e53000 	C:\WINDOWS\SYSTEM32\CoreMessaging.dll
0x00007ffb57520000 - 0x00007ffb5788c000 	C:\WINDOWS\SYSTEM32\CoreUIComponents.dll
0x00007ffb5c8e0000 - 0x00007ffb5c8ec000 	C:\WINDOWS\SYSTEM32\CRYPTBASE.DLL
0x00007ffb590b0000 - 0x00007ffb5969e000 	C:\WINDOWS\SYSTEM32\d2d1.dll
0x00007ffb58bd0000 - 0x00007ffb58e27000 	C:\WINDOWS\SYSTEM32\d3d11.dll
0x00007ffb5a320000 - 0x00007ffb5a417000 	C:\WINDOWS\SYSTEM32\dxgi.dll
0x00007ffb56890000 - 0x00007ffb56fa1000 	C:\WINDOWS\SYSTEM32\D3D10Warp.dll
0x00007ffb2ad20000 - 0x00007ffb2ad4d000 	C:\Users\ezra\.openjfx\cache\21+31\amd64\javafx_iio.dll

dbghelp: loaded successfully - version: 4.0.5 - missing functions: none
symbol engine: initialized successfully - sym options: 0x614 - pdb path: .;C:\Program Files\Java\jdk-21\bin;C:\WINDOWS\SYSTEM32;C:\WINDOWS\WinSxS\amd64_microsoft.windows.common-controls_6595b64144ccf1df_6.0.22621.3527_none_270e469b73872a76;C:\Program Files\Java\jdk-21\bin\server;C:\Program Files\JetBrains\IntelliJ IDEA 2023.3.3\bin;C:\Users\ezra\.openjfx\cache\21+31\amd64;C:\WINDOWS\System32\DriverStore\FileRepository\u0395561.inf_amd64_44c8a302e7c98b63\B395243;C:\Program Files\Common Files\Microsoft Shared\Ink;C:\Users\ezra\AppData\Local\Temp

VM Arguments:
jvm_args: -javaagent:C:\Program Files\JetBrains\IntelliJ IDEA 2023.3.3\lib\idea_rt.jar=65189:C:\Program Files\JetBrains\IntelliJ IDEA 2023.3.3\bin -Dfile.encoding=UTF-8 -Dsun.stdout.encoding=UTF-8 -Dsun.stderr.encoding=UTF-8 --module-path=C:\Users\ezra\.m2\repository\com\github\almasb\fxgl-scene\17.3\fxgl-scene-17.3.jar;C:\Users\ezra\.m2\repository\com\github\almasb\fxgl-core\17.3\fxgl-core-17.3.jar;C:\Users\ezra\.m2\repository\com\github\almasb\fxgl\17.3\fxgl-17.3.jar;E:\SEMESTER 4\RPLBO\FIX_BANGET\target\classes;C:\Users\ezra\.m2\repository\com\dlsc\formsfx\formsfx-core\11.6.0\formsfx-core-11.6.0.jar;C:\Users\ezra\.m2\repository\org\kordamp\ikonli\ikonli-javafx\12.3.1\ikonli-javafx-12.3.1.jar;C:\Users\ezra\.m2\repository\com\gluonhq\attach\audio\4.0.17\audio-4.0.17.jar;C:\Users\ezra\.m2\repository\com\gluonhq\attach\lifecycle\4.0.17\lifecycle-4.0.17.jar;C:\Users\ezra\.m2\repository\eu\hansolo\tilesfx\11.48\tilesfx-11.48.jar;C:\Users\ezra\.m2\repository\org\openjfx\javafx-base\21\javafx-base-21-win.jar;C:\Users\ezra\.m2\repository\org\controlsfx\controlsfx\11.1.2\controlsfx-11.1.2.jar;C:\Users\ezra\.m2\repository\org\kordamp\ikonli\ikonli-core\12.3.1\ikonli-core-12.3.1.jar;C:\Users\ezra\.m2\repository\net\synedra\validatorfx\0.4.0\validatorfx-0.4.0.jar;C:\Users\ezra\.m2\repository\org\openjfx\javafx-fxml\21\javafx-fxml-21-win.jar;C:\Users\ezra\.m2\repository\com\fasterxml\jackson\core\jackson-core\2.14.2\jackson-core-2.14.2.jar;C:\Users\ezra\.m2\repository\com\fasterxml\jackson\core\jackson-databind\2.14.2\jackson-databind-2.14.2.jar;C:\Users\ezra\.m2\repository\org\kordamp\bootstrapfx\bootstrapfx-core\0.4.0\bootstrapfx-core-0.4.0.jar;C:\Users\ezra\.m2\repository\org\openjfx\javafx-media\21\javafx-media-21-win.jar;C:\Users\ezra\.m2\repository\com\github\almasb\fxgl-gameplay\17.3\fxgl-gameplay-17.3.jar;C:\Users\ezra\.m2\repository\com\github\almasb\fxgl-io\17.3\fxgl-io-17.3.jar;C:\Users\ezra\.m2\repository\com\fasterxml\jackson\core\jackson-annotations\2.14.2\jackson-annotations-2.14.2.jar;C:\Users\ezra\.m2\repository\com\github\almasb\fxgl-entity\17.3\fxgl-entity-17.3.jar;C:\Users\ezra\.m2\repository\com\gluonhq\attach\storage\4.0.17\storage-4.0.17.jar;C:\Users\ezra\.m2\repository\org-Djdk.module.main=org.example.fix_banget 
java_command: org.example.fix_banget/org.example.fix_banget.HelloApplication
java_class_path (initial): C:\Users\ezra\.m2\repository\org\xerial\sqlite-jdbc\3.36.0.3\sqlite-jdbc-3.36.0.3.jar;C:\Users\ezra\.m2\repository\org\openjfx\javafx-controls\21\javafx-controls-21.jar;C:\Users\ezra\.m2\repository\org\openjfx\javafx-graphics\21\javafx-graphics-21.jar;C:\Users\ezra\.m2\repository\org\openjfx\javafx-base\21\javafx-base-21.jar;C:\Users\ezra\.m2\repository\org\openjfx\javafx-fxml\21\javafx-fxml-21.jar;C:\Users\ezra\.m2\repository\org\openjfx\javafx-web\21\javafx-web-21.jar;C:\Users\ezra\.m2\repository\org\openjfx\javafx-swing\21\javafx-swing-21.jar;C:\Users\ezra\.m2\repository\org\openjfx\javafx-swing\21\javafx-swing-21-win.jar;C:\Users\ezra\.m2\repository\org\openjfx\javafx-media\21\javafx-media-21.jar;C:\Users\ezra\.m2\repository\org\jetbrains\kotlin\kotlin-stdlib-common\1.8.10\kotlin-stdlib-common-1.8.10.jar;C:\Users\ezra\.m2\repository\org\jetbrains\annotations\13.0\annotations-13.0.jar
Launcher Type: SUN_STANDARD

[Global flags]
     intx CICompilerCount                          = 3                                         {product} {ergonomic}
     uint ConcGCThreads                            = 1                                         {product} {ergonomic}
     uint G1ConcRefinementThreads                  = 4                                         {product} {ergonomic}
   size_t G1HeapRegionSize                         = 1048576                                   {product} {ergonomic}
    uintx GCDrainStackTargetSize                   = 64                                        {product} {ergonomic}
   size_t InitialHeapSize                          = 58720256                                  {product} {ergonomic}
   size_t MarkStackSize                            = 4194304                                   {product} {ergonomic}
   size_t MaxHeapSize                              = 908066816                                 {product} {ergonomic}
   size_t MaxNewSize                               = 544210944                                 {product} {ergonomic}
   size_t MinHeapDeltaBytes                        = 1048576                                   {product} {ergonomic}
   size_t MinHeapSize                              = 8388608                                   {product} {ergonomic}
    uintx NonNMethodCodeHeapSize                   = 5832780                                {pd product} {ergonomic}
    uintx NonProfiledCodeHeapSize                  = 122912730                              {pd product} {ergonomic}
    uintx ProfiledCodeHeapSize                     = 122912730                              {pd product} {ergonomic}
    uintx ReservedCodeCacheSize                    = 251658240                              {pd product} {ergonomic}
     bool SegmentedCodeCache                       = true                                      {product} {ergonomic}
   size_t SoftMaxHeapSize                          = 908066816                              {manageable} {ergonomic}
     bool UseCompressedOops                        = true                           {product lp64_product} {ergonomic}
     bool UseG1GC                                  = true                                      {product} {ergonomic}
     bool UseLargePagesIndividualAllocation        = false                                  {pd product} {ergonomic}

Logging:
Log output configuration:
 #0: stdout all=warning uptime,level,tags foldmultilines=false
 #1: stderr all=off uptime,level,tags foldmultilines=false

Environment Variables:
PATH=C:\Program Files\Common Files\Oracle\Java\javapath;C:\Program Files (x86)\Common Files\Oracle\Java\javapath;C:\Program Files (x86)\Common Files\Intel\Shared Files\cpp\bin\Intel64;C:\WINDOWS\system32;C:\WINDOWS;C:\WINDOWS\System32\Wbem;C:\WINDOWS\System32\WindowsPowerShell\v1.0\;C:\WINDOWS\System32\OpenSSH\;C:\Program Files\PuTTY\;C:\Program Files\Git\cmd;D:\apache-maven-3.9.6-bin\apache-maven-3.9.6\bin;C:\Program Files\nodejs\;C:\Users\ezra\AppData\Local\Programs\Python\Python312\Scripts\;C:\Users\ezra\AppData\Local\Programs\Python\Python312\;C:\Program Files (x86)\Common Files\Oracle\Java\javapath;C:\Program Files (x86)\Common Files\Intel\Shared Files\cpp\bin\Intel64;C:\WINDOWS\system32;C:\WINDOWS;C:\WINDOWS\System32\Wbem;C:\WINDOWS\System32\WindowsPowerShell\v1.0\;C:\WINDOWS\System32\OpenSSH\;C:\Program Files\Git\cmd;C:\Program Files\PuTTY\;C:\Users\ezra\AppData\Local\Programs\Python\Python311\Scripts\;C:\Users\ezra\AppData\Local\Programs\Python\Python311\;C:\Users\ezra\AppData\Local\Microsoft\WindowsApps;D:\Microsoft VS Code\bin;D:\FLUTER\flutter_windows_3.7.8-stable\flutter\bin;C:\Exercism;C:\Users\ezra\Videos;C:\Users\ezra\AppData\Local\GitHubDesktop\bin;C:\Python27\Scripts;;C:\Program Files\JetBrains\IntelliJ IDEA 2023.3.3\bin;;C:\Users\ezra\AppData\Roaming\npm
USERNAME=ezra
OS=Windows_NT
PROCESSOR_IDENTIFIER=AMD64 Family 23 Model 24 Stepping 1, AuthenticAMD
TMP=C:\Users\ezra\AppData\Local\Temp
TEMP=C:\Users\ezra\AppData\Local\Temp




Periodic native trim disabled

---------------  S Y S T E M  ---------------

OS:
 Windows 11 , 64 bit Build 22621 (10.0.22621.3527)
OS uptime: 3 days 0:36 hours

CPU: total 4 (initial active 4) (4 cores per cpu, 2 threads per core) family 23 model 24 stepping 1 microcode 0x0, cx8, cmov, fxsr, ht, mmx, 3dnowpref, sse, sse2, sse3, ssse3, sse4a, sse4.1, sse4.2, popcnt, lzcnt, tsc, tscinvbit, avx, avx2, aes, clmul, bmi1, bmi2, adx, sha, fma, vzeroupper, clflush, clflushopt, rdtscp, f16c
Processor Information for all 4 processors :
  Max Mhz: 2600, Current Mhz: 2600, Mhz Limit: 2600

Memory: 4k page, system-wide physical 3460M (194M free)
TotalPageFile size 14212M (AvailPageFile size 6M)
current process WorkingSet (physical memory assigned to process): 500M, peak: 503M
current process commit charge ("private bytes"): 679M, peak: 681M

vm_info: Java HotSpot(TM) 64-Bit Server VM (21.0.2+13-LTS-58) for windows-amd64 JRE (21.0.2+13-LTS-58), built on 2024-01-05T18:32:24Z by "mach5one" with MS VC++ 17.1 (VS2022)

END.
